124
323
423
87
435
309
135
491
213
216
487
126
313
430
86
436
309
134
490
208
220
488
126
318
426
85
434
309
134
489
212
217
487
131
313
431
85
434
309
133
490
207
221
486
123
324
428
86
438
304
133
491
209
221
487
127
318
426
85
434
310
134
490
208
222
485
125
322
422
87
442
306
136
492
203
221
486
124
323
427
85
438
304
138
491
203
226
484
120
327
420
86
439
305
136
492
209
221
486
124
318
427
85
438
305
137
490
204
225
484
120
327
419
86
446
295
144
492
200
230
482
121
327
421
87
442
301
140
493
199
229
483
117
332
416
88
449
290
142
493
196
234
482
119
333
416
86
445
295
144
493
194
235
480
115
338
412
88
452
291
147
496
191
234
480
116
336
416
86
448
291
144
493
194
235
480
116
338
412
86
452
288
151
499
191
240
478
113
336
411
87
452
291
147
495
191
239
478
114
341
407
89
456
281
154
497
187
244
476
112
341
408
88
448
291
147
496
195
234
481
116
336
412
88
452
286
150
499
187
244
478
114
340
407
87
451
287
151
495
190
239
478
118
332
416
87
450
292
148
494
192
238
480
113
340
411
87
452
286
148
494
191
239
481
115
336
412
87
445
297
143
494
195
233
480
115
336
411
88
451
292
146
489
191
234
481
116
336
417
87
448
292
146
487
191
239
479
112
340
409
88
451
287
150
499
192
237
479
113
336
412
87
452
287
150
499
187
242
476
112
344
405
90
457
278
157
498
183
247
474
110
345
404
89
457
278
157
498
179
252
471
106
353
396
91
464
269
161
498
175
256
472
105
355
396
91
461
272
162
498
174
257
470
104
359
392
91
466
268
164
497
171
256
470
104
358
396
92
463
270
164
497
171
261
467
102
364
388
95
469
259
173
497
168
265
464
99
385
365
102
466
269
166
498
170
261
467
102
362
388
93
469
259
173
498
167
265
465
102
362
388
94
463
268
166
497
176
256
471
104
357
393
92
466
264
164
498
171
260
470
105
358
392
90
462
270
164
498
175
256
470
105
352
397
91
462
269
165
497
171
256
469
105
357
398
91
463
269
160
498
176
256
473
105
353
397
90
459
273
161
498
175
256
471
104
353
397
91
463
274
160
498
176
251
472
107
353
401
89
458
276
160
498
176
256
470
103
358
392
92
462
270
164
497
175
256
470
104
353
399
91
463
269
164
498
171
261
467
103
362
388
92
466
264
168
498
171
260
468
105
358
392
91
466
265
168
497
168
265
464
102
366
385
95
471
256
172
497
163
269
464
100
367
384
93
468
259
173
497
163
270
462
98
397
353
107
473
254
178
497
160
269
463
97
397
362
104
468
261
172
497
164
269
462
99
398
352
107
470
256
177
496
163
270
462
98
393
357
106
471
265
169
497
168
265
464
100
365
384
95
471
256
176
496
164
269
462
100
367
384
94
466
265
168
497
171
260
467
103
362
388
94
469
261
173
497
164
269
465
100
367
384
93
468
260
173
498
168
264
465
104
358
394
91
465
265
168
497
167
264
464
100
367
390
93
468
260
168
498
169
264
468
103
362
389
90
462
270
164
498
171
259
467
103
361
389
93
468
265
168
498
168
259
468
103
361
393
92
465
266
168
498
169
264
465
101
366
385
94
466
265
169
498
172
259
468
103
357
393
92
466
265
168
498
169
264
466
102
366
384
95
471
256
175
496
165
269
462
101
366
385
93
468
260
172
497
164
269
462
98
396
357
106
471
256
172
497
164
268
465
102
366
385
92
467
262
171
496
164
270
461
99
398
352
107
473
257
176
497
160
270
462
98
397
357
106
471
256
168
496
169
264
465
101
366
384
94
471
256
176
498
164
269
462
99
389
361
103
468
266
167
498
168
262
468
104
361
389
93
468
261
172
497
164
268
463
102
365
385
94
465
265
168
497
172
260
468
103
357
393
91
465
265
168
497
168
263
466
101
365
385
94
469
261
172
497
168
264
465
102
362
389
92
468
261
173
497
165
269
462
99
397
357
106
470
256
172
498
165
269
464
102
366
384
92
467
262
171
497
164
270
463
100
371
380
96
472
256
176
497
160
268
463
100
371
384
94
471
257
175
496
161
273
459
98
401
349
109
473
252
180
496
160
274
459
97
393
358
104
470
257
175
496
162
273
459
98
401
349
107
474
253
180
496
160
274
459
99
396
353
107
468
262
170
498
165
268
463
99
398
353
106
473
252
175
496
161
273
462
98
396
354
105
470
256
175
498
170
264
466
102
365
385
94
471
257
175
496
161
267
463
99
397
359
105
470
256
171
496
164
269
468
104
360
390
93
467
262
171
498
163
268
462
99
388
363
101
468
266
167
497
169
260
468
102
361
394
91
465
265
167
498
169
264
465
100
365
386
93
465
266
167
497
173
259
469
102
357
394
91
464
266
167
497
168
263
466
100
366
385
93
467
261
171
498
171
263
466
103
361
389
93
468
262
171
497
165
269
463
99
397
358
104
470
257
171
497
164
269
465
101
365
386
93
468
261
172
498
165
268
463
99
397
353
107
473
256
175
497
160
269
463
100
370
385
94
470
256
176
495
160
273
459
97
401
349
108
473
252
181
495
160
273
460
97
393
358
104
470
262
171
497
164
269
462
100
370
381
96
473
252
179
497
160
274
459
98
397
354
108
470
256
175
497
168
264
465
100
366
385
93
470
257
176
496
161
273
463
98
396
354
105
470
256
176
497
165
268
463
103
362
389
92
468
262
171
496
165
269
462
99
397
358
104
470
257
171
497
163
270
465
101
366
386
92
464
266
167
496
168
265
465
102
366
385
94
472
261
172
497
165
265
464
100
366
389
93
468
260
172
497
164
269
462
99
397
352
107
472
256
176
497
165
269
462
99
392
358
105
470
256
177
497
160
274
460
97
401
348
107
473
251
180
497
160
273
460
99
398
352
107
473
251
180
496
156
279
456
95
406
349
109
475
247
181
496
156
279
459
96
402
349
104
471
256
175
496
161
273
459
97
402
349
110
477
251
181
495
156
274
459
96
401
352
107
473
250
172
498
165
269
462
99
398
353
106
473
251
180
496
161
273
458
98
392
357
105
470
261
171
498
164
264
465
100
366
384
94
470
256
175
496
161
273
459
100
371
381
98
470
255
177
496
164
268
462
99
397
354
107
473
251
180
496
156
278
460
97
401
349
106
474
251
180
496
161
273
460
96
397
354
107
473
252
181
496
157
278
457
96
405
348
110
475
246
180
497
157
277
460
98
402
349
111
475
247
183
495
153
282
454
95
400
350
109
474
250
179
497
156
272
460
97
400
349
110
475
247
183
495
153
282
454
95
409
340
114
478
243
187
495
154
282
453
95
404
346
111
478
244
188
494
150
286
450
92
413
336
114
479
237
192
495
150
286
451
94
409
341
113
479
238
191
494
147
290
448
91
417
336
116
481
234
191
493
146
291
452
93
412
335
110
477
243
187
495
150
287
450
94
413
336
116
481
239
191
493
147
287
451
92
413
341
114
479
238
183
495
155
281
454
95
408
341
113
479
239
190
494
151
286
451
92
404
345
112
476
250
182
497
155
277
457
97
404
346
110
476
244
187
494
151
285
450
95
407
342
113
477
244
186
495
155
280
455
95
408
341
113
478
239
190
494
147
291
451
94
411
337
113
479
240
190
494
151
285
451
94
407
342
113
478
240
191
494
148
290
448
92
415
337
115
480
235
191
494
148
289
453
94
411
337
115
481
235
194
494
144
294
446
91
411
338
115
479
240
191
495
148
284
453
94
411
337
116
480
235
194
494
143
294
446
91
419
328
122
482
232
197
493
144
294
445
91
415
334
117
481
232
199
492
141
299
442
86
423
324
120
484
226
202
493
141
299
442
91
419
329
120
484
227
202
492
137
302
439
85
427
324
122
486
223
203
490
138
303
443
85
422
326
118
482
233
198
494
142
298
444
85
422
324
124
486
227
202
491
138
298
443
87
422
330
121
483
228
193
494
145
293
447
92
418
329
120
483
228
202
492
142
297
443
89
418
330
120
483
232
198
492
142
288
451
93
414
334
117
482
232
196
493
141
296
444
91
418
329
119
481
234
197
492
145
293
447
91
417
331
120
483
229
201
491
138
302
443
89
421
326
120
483
228
201
494
142
297
443
93
418
331
120
483
229
201
492
139
301
439
85
426
325
122
484
224
201
492
138
302
443
89
421
325
123
485
223
205
491
134
307
437
84
421
326
122
485
229
201
492
139
296
444
89
420
327
123
485
224
205
491
135
306
436
86
429
318
128
486
220
210
490
136
305
438
85
425
321
125
487
220
209
490
132
310
434
85
432
312
128
488
215
214
489
132
309
433
84
428
318
128
487
216
213
488
130
315
430
87
436
314
131
488
212
214
489
128
315
434
85
432
312
125
486
221
209
489
133
309
433
85
432
314
131
488
216
214
489
128
308
434
85
432
319
128
487
217
203
492
136
304
438
85
427
318
128
488
216
214
488
134
309
436
85
423
324
124
486
226
203
492
136
299
441
83
424
323
124
486
222
207
490
133
309
434
85
427
319
128
485
221
208
490
137
304
438
85
427
320
128
487
217
212
489
129
314
435
86
431
314
126
487
217
212
490
134
308
435
84
426
320
127
487
217
213
489
130
313
431
85
434
315
130
489
213
212
489
130
313
436
85
431
314
130
489
213
215
488
128
318
429
85
430
315
130
488
218
211
489
130
308
435
85
430
314
130
488
214
215
487
127
317
429
85
437
306
136
489
209
219
486
128
317
428
85
433
311
132
490
210
219
488
125
320
425
87
441
301
136
492
205
223
486
126
321
424
84
436
307
136
491
206
223
485
123
326
421
87
444
303
139
491
202
224
485
123
326
426
84
439
302
132
490
211
218
487
125
320
426
86
440
301
139
492
206
222
486
122
321
425
86
441
307
136
490
206
214
488
129
314
429
85
436
307
135
490
206
222
485
125
320
426
87
432
314
132
489
215
214
488
128
310
434
85
432
312
131
488
210
219
487
126
320
427
85
435
308
135
490
211
217
487
129
315
430
86
436
308
134
490
208
221
486
123
323
427
87
440
304
135
490
208
222
488
125
320
427
86
435
308
135
490
207
221
486
123
324
423
85
442
305
138
491
204
221
486
123
322
427
86
439
306
137
492
204
225
484
121
328
419
87
438
304
138
491
209
220
486
124
317
427
84
438
305
136
492
204
224
485
121
328
420
87
445
295
144
492
199
229
483
122
328
420
87
441
301
139
492
199
230
482
118
331
416
86
447
292
143
493
194
235
482
119
331
416
86
446
296
143
493
195
234
481
116
335
413
88
452
291
146
489
191
234
480
116
335
416
87
447
292
139
492
201
228
483
119
330
417
87
448
291
147
484
197
233
482
117
331
417
87
447
297
142
493
196
224
484
123
325
421
87
444
297
142
493
196
233
482
120
329
417
87
443
298
142
492
200
228
483
118
320
425
86
441
303
138
493
202
227
484
119
329
418
87
444
297
142
492
204
228
484
122
325
421
85
443
298
142
492
197
232
481
116
334
418
87
446
293
141
493
197
231
484
121
330
418
86
443
298
141
492
198
232
481
118
333
414
87
450
294
145
492
193
233
481
116
334
419
87
447
294
145
492
193
237
480
113
339
410
88
448
295
145
493
198
232
481
117
329
418
86
446
295
146
493
195
236
479
114
339
410
87
453
285
152
498
190
241
477
114
338
410
88
450
288
148
499
189
240
478
112
343
406
88
456
280
152
498
185
245
479
112
342
407
89
453
285
152
498
186
245
475
110
347
402
90
459
281
155
498
182
245
475
109
347
407
89
455
280
148
498
191
240
477
114
341
407
88
456
281
154
499
187
245
475
111
342
407
88
455
285
152
499
186
234
481
118
337
411
88
452
286
150
499
187
244
477
113
342
408
89
448
290
148
499
195
234
480
115
332
415
88
449
291
146
496
191
238
479
113
340
408
88
452
286
150
493
191
238
479
116
336
412
88
452
287
150
499
187
242
477
110
344
408
88
455
282
151
498
188
243
479
113
341
408
88
452
287
150
498
187
243
477
109
345
404
88
458
283
154
499
183
243
477
111
345
408
88
454
283
153
498
183
247
474
109
349
400
91
454
282
154
499
187
241
476
111
340
408
89
455
283
153
498
184
248
475
109
348
401
90
460
273
160
498
179
251
472
109
349
401
89
457
279
158
498
180
251
472
106
353
397
90
463
270
162
498
175
256
472
107
352
397
91
461
273
159
499
177
255
471
104
357
392
91
466
269
164
498
172
256
470
104
358
397
90
463
270
156
499
179
250
473
107
352
397
91
463
269
164
498
176
255
470
105
353
397
91
463
275
161
497
176
245
475
108
347
402
90
460
275
160
498
176
255
471
107
352
397
91
455
280
155
498
184
246
475
109
342
407
89
457
279
156
499
181
250
473
107
352
399
89
459
275
160
499
181
249
473
110
347
402
90
458
275
159
498
178
254
471
106
356
398
90
461
272
160
498
176
254
474
107
351
399
90
458
276
158
498
177
252
472
105
355
395
92
465
271
162
498
174
253
470
106
355
399
89
460
273
162
497
174
258
469
103
360
390
92
461
272
163
498
178
252
472
106
350
399
90
462
273
161
499
173
257
468
104
359
391
91
466
264
169
498
170
262
466
103
359
392
92
463
268
166
497
170
262
466
102
364
388
93
469
260
170
497
166
266
468
102
362
387
92
467
264
168
498
168
265
465
99
394
356
106
472
261
173
497
164
265
464
101
367
388
92
468
261
164
499
171
260
468
102
362
389
92
468
260
173
497
168
265
465
99
383
367
101
465
269
165
498
172
255
470
105
357
394
92
465
265
167
499
169
264
466
103
362
389
92
465
265
168
497
173
259
468
103
352
399
89
461
272
163
498
173
259
468
103
361
389
91
465
267
168
498
173
258
469
106
355
394
90
465
267
167
499
170
264
466
103
365
391
92
466
263
166
497
170
264
470
104
359
392
91
464
267
165
498
170
262
467
103
364
387
94
470
263
170
498
166
261
466
102
364
391
92
465
264
170
496
167
266
464
100
368
383
94
466
264
169
497
171
261
467
102
357
392
92
466
265
169
498
167
265
464
101
367
383
94
471
255
176
497
165
270
462
100
366
384
94
468
260
172
498
163
271
462
100
371
381
96
473
252
176
496
160
274
463
99
398
353
105
471
256
175
496
160
273
459
98
401
348
108
476
251
181
496
157
273
460
96
400
353
108
473
251
171
497
165
268
463
99
397
354
108
474
253
179
497
161
273
459
98
392
358
105
470
261
170
497
165
263
466
102
365
385
93
470
257
174
496
161
272
460
99
395
354
105
469
258
175
496
165
267
463
99
395
355
106
471
254
179
495
159
277
461
97
399
351
106
472
252
179
498
161
271
461
99
395
355
105
471
254
177
497
158
276
459
97
404
351
108
474
249
178
496
158
276
460
97
398
352
107
474
250
182
495
154
281
455
94
399
351
108
474
254
177
497
159
271
461
99
399
352
107
474
250
181
495
156
280
455
96
407
343
112
475
246
185
495
154
279
456
94
403
347
110
476
245
185
495
152
284
453
93
411
338
111
478
241
188
495
152
284
452
95
405
343
112
477
242
189
494
148
288
449
92
415
340
115
480
238
189
495
147
288
453
94
410
339
109
475
247
184
495
153
283
452
94
410
340
114
480
242
189
494
149
283
454
93
409
344
112
477
242
179
496
157
279
456
96
405
344
112
477
243
188
495
152
282
453
94
401
349
108
475
251
180
495
158
273
460
97
400
349
109
475
247
183
494
154
282
453
94
404
346
112
475
247
184
495
157
276
458
96
405
344
112
478
242
188
495
150
288
455
95
408
340
111
477
245
187
495
154
282
454
96
404
345
112
477
244
187
494
150
287
451
93
412
340
114
479
239
186
496
150
286
455
95
408
341
113
478
239
190
495
145
289
448
92
407
342
112
479
244
187
494
151
280
455
95
407
342
113
478
240
190
494
147
290
448
92
415
334
117
480
236
195
494
148
289
450
91
410
337
114
481
236
193
494
145
294
446
91
419
328
118
481
232
196
494
144
293
446
92
415
334
118
481
232
197
492
141
298
442
87
422
330
121
483
228
198
493
140
298
446
92
418
329
114
479
237
193
493
146
292
446
92
419
331
120
485
233
197
492
142
292
447
90
417
334
118
481
232
188
495
150
288
450
94
414
336
116
481
234
196
493
146
291
447
92
408
340
114
479
243
186
496
150
281
454
96
408
341
113
479
239
191
494
147
290
447
93
412
338
115
479
239
191
493
150
285
451
93
412
337
117
481
235
196
493
143
295
449
91
416
332
116
481
236
194
494
148
290
448
92
410
338
114
480
236
195
494
145
295
445
90
419
332
118
481
231
194
495
145
294
449
93
415
333
116
482
232
197
493
141
298
443
87
418
329
120
484
232
198
492
142
293
446
91
418
331
121
483
228
202
491
138
302
440
84
425
322
125
485
222
206
491
137
301
440
85
422
325
122
485
224
205
491
135
305
437
85
430
316
125
487
219
209
490
136
306
436
84
425
322
126
486
220
209
489
132
311
433
85
432
317
129
487
216
210
490
132
310
438
85
429
318
125
487
220
209
490
133
310
433
86
432
313
132
489
216
213
490
130
309
434
84
431
318
128
487
216
213
489
129
314
430
85
435
310
135
489
211
218
487
130
313
431
86
431
314
130
489
222
209
491
133
309
435
85
431
314
131
488
213
217
490
129
313
431
86
431
315
130
488
218
211
490
136
304
439
84
426
319
127
487
218
212
489
130
312
436
85
430
316
126
488
218
211
491
134
307
436
88
421
325
124
484
224
206
491
134
307
436
84
431
321
127
486
220
206
492
134
307
440
85
425
320
126
487
219
210
490
131
311
433
85
425
322
125
486
223
206
491
135
302
441
84
425
321
126
487
219
210
489
132
311
433
84
432
313
131
488
214
214
488
132
309
434
85
430
317
128
488
215
213
488
129
314
431
86
437
308
131
489
211
217
488
128
315
429
85
431
312
131
488
212
218
487
126
319
426
86
439
308
136
491
207
218
487
127
318
430
86
436
309
129
489
212
217
486
126
319
426
86
439
304
137
491
208
223
485
124
318
427
85
439
309
133
491
207
222
485
124
323
423
87
442
300
141
492
203
226
484
124
323
423
87
435
308
134
490
213
216
488
127
318
427
85
438
304
138
491
203
226
486
123
322
423
87
438
305
136
489
208
221
486
130
312
432
85
435
309
134
490
207
222
486
124
323
429
85
438
306
133
490
209
221
487
128
319
429
86
431
315
130
488
214
215
488
127
317
428
87
438
311
133
489
209
216
488
126
318
432
85
434
309
133
490
208
220
487
124
323
424
85
434
311
132
490
214
215
487
128
313
433
85
433
312
133
490
210
220
486
125
322
424
86
440
302
139
492
206
225
485
124
321
425
85
438
306
136
491
204
225
485
122
326
422
86
444
297
139
492
201
228
486
123
325
422
86
441
302
138
492
202
227
483
120
329
418
87
447
298
141
493
197
227
483
119
330
421
86
444
298
139
491
201
229
483
120
330
418
87
447
293
146
491
196
233
482
117
329
417
87
447
299
141
494
198
232
482
117
333
414
88
450
289
148
492
194
237
479
118
334
414
87
444
298
142
492
202
227
484
119
329
418
87
447
293
145
492
194
235
482
118
333
415
87
447
294
145
492
198
231
481
123
323
423
87
441
298
141
493
197
231
482
117
334
419
88
446
294
140
493
198
231
484
121
328
419
86
440
303
138
492
204
227
484
120
328
420
85
445
299
140
492
199
226
485
121
328
422
87
442
299
140
492
199
230
482
117
332
415
87
442
300
141
493
203
226
484
121
323
423
87
441
300
140
493
199
230
482
117
332
415
87
449
290
147
493
193
234
480
119
331
416
87
445
297
143
494
195
234
480
116
337
411
88
452
286
147
498
191
239
481
116
337
412
87
449
290
147
495
190
239
478
112
340
407
88
454
285
151
498
186
238
479
113
340
412
87
452
287
147
489
192
238
479
113
340
408
89
456
281
154
499
188
243
476
111
341
408
88
454
288
151
498
188
243
477
110
345
404
88
457
278
157
498
182
247
474
111
344
405
89
451
288
150
500
192
237
478
114
339
408
88
455
283
153
499
183
247
477
111
345
405
88
454
283
154
499
188
242
477
116
335
413
88
451
288
149
499
189
241
478
112
344
409
88
455
283
149
498
188
242
479
113
340
409
87
448
293
145
491
193
238
480
113
338
410
88
453
289
148
499
189
237
479
114
339
413
86
450
289
149
498
189
241
477
112
343
405
88
453
284
153
498
188
241
477
110
339
410
88
454
283
154
498
184
246
475
108
348
402
89
460
274
161
499
180
250
474
110
348
401
90
461
274
160
498
177
254
470
104
357
393
91
466
265
165
497
173
261
470
104
358
393
91
464
270
164
498
172
259
469
101
361
389
93
469
265
168
497
168
260
468
103
362
393
92
465
266
168
498
167
264
465
100
366
384
94
471
256
177
495
164
270
463
98
389
362
102
468
265
168
497
168
265
464
100
366
384
94
471
256
174
496
165
269
462
100
367
384
93
465
265
167
497
172
259
468
102
361
389
94
470
261
168
497
168
264
467
102
362
388
92
465
266
168
498
172
260
468
105
356
394
91
465
265
167
498
168
260
468
103
361
393
92
466
265
164
497
173
259
471
104
358
393
91
462
270
164
497
172
259
468
102
357
394
92
465
270
163
497
172
254
471
106
356
398
90
461
272
163
498
173
259
468
103
361
389
94
462
271
163
497
176
256
470
104
351
399
89
462
270
163
498
173
259
468
103
360
390
93
467
261
171
498
169
264
466
104
361
390
91
468
261
172
497
165
268
462
99
396
360
104
470
257
171
497
166
267
466
101
366
385
92
467
262
171
496
166
268
463
100
369
380
98
473
257
175
496
162
268
463
98
396
359
104
470
257
175
496
160
273
461
97
399
350
110
472
251
180
496
161
272
461
98
391
360
104
469
262
171
497
164
268
462
98
395
355
107
471
254
179
497
162
273
461
101
368
382
95
467
263
169
497
169
263
466
101
364
386
94
469
258
174
496
162
272
463
99
395
355
104
469
257
174
497
165
266
464
103
359
391
92
467
264
171
497
166
267
463
100
368
386
93
469
259
172
497
166
268
467
105
363
387
90
464
267
166
497
171
262
466
102
363
387
94
470
264
170
497
167
262
466
101
364
391
92
466
263
170
498
166
267
465
101
369
383
95
469
258
173
497
166
266
464
100
363
387
94
469
259
173
497
162
271
461
98
400
351
106
472
255
177
497
162
272
460
100
368
384
94
469
258
174
497
162
272
461
98
398
356
106
472
254
173
497
163
270
464
100
368
383
92
469
260
173
496
164
272
461
98
398
351
107
474
254
178
496
159
271
462
97
399
356
106
471
254
169
497
167
266
464
100
367
383
94
471
256
177
496
163
271
461
98
390
361
103
470
265
169
497
168
260
466
102
363
387
94
469
260
173
497
164
269
461
103
368
383
94
466
264
169
498
171
260
468
103
357
392
92
466
265
168
497
168
265
464
101
366
384
92
468
260
172
497
167
265
464
102
362
389
92
468
260
172
497
164
269
462
98
397
357
105
471
255
172
497
164
268
465
101
366
384
92
467
262
172
497
164
269
462
101
370
380
96
474
256
176
496
159
268
463
100
370
384
94
471
257
176
496
161
274
459
98
402
349
109
472
253
179
497
160
274
460
97
392
359
105
470
256
177
496
162
273
460
98
400
350
106
473
252
180
497
161
273
460
99
397
353
106
467
261
171
497
164
269
463
99
396
354
107
472
252
176
497
160
273
463
99
397
353
104
471
258
175
497
169
263
465
100
365
385
92
470
258
176
496
162
268
463
99
395
358
104
471
257
170
497
166
267
469
103
361
391
92
466
262
171
497
166
267
463
99
388
364
103
467
267
166
498
169
258
468
104
360
395
90
464
267
167
497
170
263
466
102
364
386
94
464
267
167
497
174
257
469
104
355
394
92
464
268
166
497
169
262
467
101
363
387
92
467
263
170
497
170
263
465
102
359
391
92
466
264
169
497
167
267
464
100
369
382
96
472
254
174
496
162
272
463
100
369
383
93
469
258
174
497
162
272
461
98
398
351
109
473
253
178
497
158
270
461
97
399
361
104
469
259
173
497
163
270
460
99
399
352
107
471
256
178
495
163
271
462
98
390
361
104
469
264
169
497
167
265
464
101
367
383
94
471
256
176
497
163
270
460
100
367
384
94
466
265
168
497
172
260
467
103
362
388
94
470
260
172
497
164
269
464
101
366
384
92
468
261
173
498
168
265
465
105
357
393
91
465
265
167
498
168
264
465
101
365
389
93
469
261
167
497
169
264
467
102
361
388
91
462
271
163
498
173
258
468
102
360
390
92
468
266
168
498
169
259
468
103
361
394
92
464
267
167
497
168
263
465
101
366
384
95
466
262
171
496
168
264
465
101
360
390
92
467
262
170
497
165
268
463
100
370
381
96
473
253
179
497
162
272
460
98
396
355
107
472
254
179
496
158
277
457
97
404
350
109
474
249
179
497
157
278
460
97
400
349
106
473
253
178
496
159
276
458
97
404
345
111
477
248
182
496
155
277
457
97
404
351
107
474
249
183
495
155
281
454
96
408
341
112
476
244
187
494
154
281
455
94
400
351
108
474
254
177
496
158
276
458
96
404
346
112
476
244
186
496
155
280
455
96
403
347
110
474
250
185
495
163
270
462
97
399
351
108
474
249
182
495
154
280
458
96
403
346
108
474
250
180
495
160
275
458
99
394
355
106
471
254
177
497
158
276
458
96
402
352
109
473
249
177
497
158
274
461
98
400
353
108
474
249
181
496
155
280
456
95
397
354
107
474
254
178
496
158
270
462
97
398
352
108
474
250
182
497
156
280
456
95
406
344
112
476
245
186
495
156
280
457
95
403
347
109
476
246
185
495
152
283
453
93
410
338
111
478
241
189
495
152
284
452
95
406
344
113
477
241
189
494
148
289
449
92
414
338
115
479
236
188
496
149
288
452
94
410
339
113
477
242
189
495
147
288
449
94
414
335
116
482
238
193
494
145
289
450
92
413
338
115
479
237
194
494
144
293
447
90
417
331
120
482
232
198
493
146
292
447
91
409
339
115
479
242
187
495
148
288
451
92
414
335
117
481
233
197
494
145
292
447
93
413
335
118
480
237
192
495
153
283
453
95
409
340
114
479
239
192
494
146
291
450
93
413
336
115
479
238
193
494
149
286
451
96
405
346
110
478
243
186
496
149
286
451
93
413
341
113
479
239
187
495
150
286
455
95
408
341
114
478
239
191
494
146
291
447
92
412
336
116
480
239
191
495
147
285
452
93
412
336
116
481
234
196
493
143
295
445
91
420
327
122
483
230
199
493
143
294
444
94
419
329
121
485
227
204
492
137
303
438
85
427
318
124
486
221
207
491
138
304
438
76
423
324
123
485
222
208
490
134
309
434
86
431
320
127
487
218
208
490
134
309
440
85
427
319
127
488
217
212
489
130
312
431
85
434
309
133
489
213
216
488
127
312
432
85
435
310
133
491
209
220
486
125
321
424
85
441
300
139
492
205
224
485
124
321
424
87
438
306
137
491
206
225
484
122
325
420
86
446
297
139
491
201
229
485
121
326
420
86
440
301
140
491
201
229
483
118
331
417
86
448
296
143
492
196
228
483
119
329
422
88
443
297
135
491
206
223
484
122
325
421
87
444
298
141
493
202
227
483
121
325
422
86
444
302
139
491
202
219
486
125
320
425
87
440
304
138
492
202
226
484
122
324
422
86
435
309
135
490
211
220
487
125
314
430
85
436
308
134
491
207
223
485
122
324
423
87
439
303
137
491
208
221
486
126
319
427
86
440
304
137
492
203
226
484
121
327
423
86
443
300
138
491
204
225
486
123
324
423
86
439
305
138
491
204
225
485
120
327
420
87
446
300
140
492
200
225
485
121
327
423
86
441
301
139
492
200
229
482
118
331
415
87
441
300
139
491
203
226
485
121
321
425
86
442
300
139
493
200
229
482
118
331
417
87
448
292
146
493
195
233
481
118
331
416
87
444
297
143
493
197
234
481
117
335
413
87
450
288
146
487
192
238
482
117
335
414
87
448
293
146
490
193
237
479
114
339
410
88
455
288
149
498
189
238
479
113
340
414
88
450
288
142
493
197
233
482
118
335
414
88
450
289
149
499
193
237
479
114
334
415
88
449
293
145
492
193
227
484
120
329
417
87
447
294
144
492
194
235
481
118
333
414
87
443
299
140
493
203
226
483
122
323
424
86
441
300
140
492
199
231
482
118
332
415
85
445
295
144
492
200
230
482
122
327
421
87
446
296
143
494
195
234
481
116
336
416
87
449
291
144
493
197
234
483
117
332
416
87
444
296
143
493
196
233
481
115
335
413
87
451
292
146
485
192
233
481
117
335
416
88
447
293
145
489
192
237
478
114
340
409
88
447
292
146
489
197
232
481
117
329
417
87
446
293
145
490
193
236
479
114
338
410
88
454
284
154
499
189
240
478
114
338
410
87
451
289
151
498
189
241
477
112
343
405
89
457
280
153
498
186
246
478
111
343
406
88
453
284
152
498
185
244
476
109
347
403
91
460
280
156
499
181
244
475
109
347
406
88
455
281
148
499
190
240
479
112
342
407
89
455
280
155
498
185
244
476
110
341
407
89
456
285
152
499
186
235
480
114
338
411
87
452
286
152
498
188
243
476
113
342
407
88
449
291
146
499
195
235
480
116
331
416
86
448
291
147
496
190
239
478
114
341
407
86
451
286
151
494
190
238
478
117
335
413
88
452
286
151
499
186
244
476
110
345
408
88
455
282
150
499
187
242
479
114
340
408
88
452
288
149
498
188
241
477
112
344
404
89
458
283
153
499
185
242
477
111
345
409
88
453
284
153
498
184
247
475
109
349
401
91
453
283
152
499
189
242
478
111
338
409
88
454
284
152
499
185
246
475
109
348
402
90
460
274
161
499
179
250
473
110
347
402
90
456
280
156
498
181
251
472
107
353
397
91
463
270
161
498
177
256
472
106
352
398
89
459
275
160
498
178
256
471
105
357
394
91
464
270
164
497
173
254
471
105
357
398
91
462
271
155
498
182
249
473
108
351
398
91
462
272
162
499
178
253
470
106
351
399
90
461
276
159
498
178
243
477
113
346
404
90
459
276
159
498
177
253
471
107
349
400
91
455
282
154
498
186
244
476
109
340
408
88
455
282
155
498
182
250
474
108
351
400
89
457
277
158
499
183
248
474
112
345
404
90
458
277
157
499
179
252
472
106
354
400
91
461
273
158
498
179
251
474
108
349
401
89
457
278
158
498
179
251
472
106
353
396
90
462
274
162
498
175
251
473
106
354
401
90
460
274
162
498
175
256
470
104
358
393
91
463
269
164
498
175
256
471
107
353
396
92
463
270
163
498
172
259
469
103
361
389
93
468
260
172
498
169
264
466
103
361
389
94
465
266
168
498
169
264
464
101
366
384
94
471
257
171
496
165
269
465
100
366
385
91
468
261
172
497
166
270
462
98
396
354
107
473
256
176
497
160
268
464
99
396
359
104
471
257
171
496
166
267
462
100
369
381
96
473
253
179
497
162
272
460
97
392
358
105
469
263
170
498
165
263
466
102
365
386
95
470
257
173
497
166
267
462
102
364
388
93
464
267
166
498
175
257
469
104
351
400
89
461
274
163
497
176
257
469
104
358
392
90
463
269
166
499
175
258
470
107
353
397
91
463
268
165
498
170
262
467
102
363
393
92
466
264
165
498
171
261
470
106
358
393
90
462
269
165
497
172
261
467
102
362
388
92
468
265
169
497
168
260
468
102
362
393
92
466
264
169
497
167
265
465
100
366
385
95
466
266
168
498
172
259
467
103
357
393
90
465
266
169
498
170
265
465
101
366
384
94
471
256
175
497
165
269
462
101
366
385
93
467
261
172
498
164
269
463
99
398
357
105
470
256
170
498
165
268
465
102
365
386
92
467
262
171
497
168
263
466
100
366
386
94
470
262
171
497
165
262
466
101
365
390
93
467
262
167
497
170
262
469
103
360
391
92
466
263
169
497
169
262
466
100
359
391
93
467
267
166
498
170
258
470
104
359
395
90
464
267
166
497
170
261
466
104
360
392
92
460
273
162
498
179
252
472
107
350
399
89
460
274
161
498
175
256
470
104
359
392
92
464
269
164
497
175
257
469
106
353
397
90
463
270
165
497
171
261
467
103
363
387
94
469
259
169
497
168
266
467
102
362
389
91
465
264
168
498
168
267
465
100
367
384
93
470
260
173
496
163
264
466
101
365
389
93
469
260
172
497
164
269
462
99
396
352
107
470
256
175
497
165
269
463
99
388
362
103
467
265
167
497
168
264
465
100
366
385
94
471
258
176
497
164
269
463
101
364
386
93
464
267
167
497
174
259
469
103
360
390
92
467
262
167
497
170
263
470
104
360
391
91
464
267
167
499
174
258
470
106
356
395
92
463
267
166
497
170
258
469
102
360
395
91
464
266
162
498
174
258
471
106
355
395
90
461
273
162
498
174
258
469
102
354
395
91
464
273
162
498
175
252
472
106
354
400
90
460
273
161
497
176
257
469
103
358
391
92
459
273
161
498
179
251
473
107
349
400
90
461
274
161
499
176
256
470
105
357
393
95
465
264
168
498
171
261
467
104
357
392
92
465
266
168
497
168
265
465
101
366
384
95
471
256
171
497
163
269
464
100
366
384
93
468
260
171
498
163
270
462
98
397
353
107
472
256
177
497
160
268
463
99
396
363
103
467
262
172
496
165
269
462
99
397
354
106
469
258
176
496
164
268
464
98
388
363
101
468
267
167
497
170
263
465
102
364
386
94
470
258
174
497
166
268
463
100
364
387
92
464
267
166
497
175
257
469
103
359
391
92
468
264
170
498
167
266
466
102
363
386
92
466
265
170
497
170
262
467
107
353
396
91
463
268
165
498
171
260
467
102
362
392
92
466
264
165
498
171
261
469
104
357
393
90
459
273
160
497
175
256
470
104
358
393
91
465
269
165
498
172
255
470
105
356
397
92
463
270
164
498
172
259
468
103
361
389
93
462
272
164
498
176
255
471
104
352
399
89
462
270
163
499
172
260
468
102
361
390
92
467
262
171
498
168
264
465
104
360
391
93
465
268
166
498
169
262
466
102
364
387
93
470
256
169
497
165
267
465
102
363
386
92
467
263
171
497
167
267
463
100
369
382
95
473
258
173
496
162
267
464
99
394
360
103
469
258
168
498
167
265
465
101
367
383
95
471
254
178
496
163
270
462
98
389
362
103
468
264
169
498
167
261
467
102
362
390
93
467
261
172
498
168
265
466
103
361
390
93
465
266
167
498
175
259
468
103
356
393
92
464
266
167
497
170
263
468
102
361
390
91
464
266
168
499
173
258
469
106
355
394
91
465
266
166
498
169
262
466
101
363
391
95
467
263
166
498
170
262
469
104
360
391
90
463
268
167
497
170
262
467
101
364
387
93
470
263
170
497
167
262
467
101
364
392
93
466
264
169
498
168
265
464
100
367
383
95
466
264
168
497
172
261
467
103
358
393
92
465
266
169
497
168
265
464
101
367
384
95
470
256
176
497
164
269
462
100
366
385
93
468
260
171
497
164
270
462
98
396
358
105
470
256
171
497
164
269
467
101
365
386
94
467
262
171
497
166
267
463
99
396
354
106
473
258
175
496
162
267
463
99
395
360
105
469
258
165
499
169
262
467
102
363
388
94
469
258
174
497
167
266
464
100
363
387
