427
128
211
487
312
86
278
499
247
105
395
447
146
187
476
348
91
240
495
292
92
313
489
221
121
428
417
121
223
493
301
88
287
495
246
106
396
446
146
187
477
347
88
250
497
284
95
314
489
220
134
435
409
114
232
493
300
89
288
495
246
107
397
439
138
197
483
329
86
259
498
264
98
324
486
210
128
429
417
121
223
491
311
85
296
495
236
110
413
432
132
205
488
319
85
268
498
264
98
325
487
200
134
436
408
108
242
495
290
92
306
493
227
122
421
424
125
235
494
298
89
290
494
244
108
398
444
144
190
477
336
88
252
497
272
95
316
489
219
122
422
423
125
215
489
318
85
269
499
264
100
389
452
151
182
478
345
89
242
496
291
90
297
495
237
111
406
439
131
206
486
329
86
270
499
264
103
388
452
152
197
483
336
87
251
497
282
92
305
488
218
122
420
416
119
224
491
299
89
288
495
245
106
397
446
144
189
478
346
90
242
496
292
91
315
489
220
121
428
417
121
223
496
291
92
296
495
237
110
404
440
140
196
481
339
86
257
497
276
99
322
487
213
126
425
419
123
219
490
314
85
273
494
250
104
393
442
141
192
478
332
87
254
497
269
96
318
489
216
123
423
422
124
225
492
308
74
289
495
244
107
406
438
136
198
485
329
86
260
498
274
95
315
489
210
128
428
417
115
231
493
301
89
295
495
239
115
412
434
134
204
483
332
87
256
498
267
98
320
486
206
130
432
405
112
236
494
288
91
302
493
234
114
407
437
137
200
482
336
87
270
499
263
100
389
451
152
180
478
346
90
242
494
292
91
298
494
228
116
413
432
126
213
488
321
85
275
499
258
106
394
447
147
195
480
341
88
246
496
288
91
300
491
224
118
416
421
123
218
490
307
82
280
494
252
103
391
451
150
182
474
354
92
232
494
301
88
296
494
238
111
421
424
126
214
488
320
86
267
498
266
98
323
487
205
132
435
412
111
238
495
295
92
301
493
232
113
409
437
136
200
484
335
87
253
497
272
96
317
487
209
127
430
408
114
233
494
300
88
287
495
245
111
405
440
139
205
485
329
87
277
498
257
101
395
447
146
186
485
330
87
258
497
276
95
311
490
215
124
425
421
117
227
492
306
89
290
495
244
108
400
445
145
190
478
345
89
241
497
283
91
305
489
220
121
419
417
121
222
490
294
90
293
494
240
109
401
442
141
192
480
343
89
263
498
271
97
336
484
201
135
443
400
109
242
495
292
90
296
494
229
117
411
433
127
212
487
322
84
276
499
260
105
393
449
149
193
479
342
88
245
495
290
91
299
491
225
118
415
422
124
216
489
310
82
278
497
256
101
388
453
153
179
472
357
92
229
492
304
86
303
492
231
114
418
428
128
210
487
324
87
264
497
270
97
317
490
208
128
430
415
115
234
495
299
91
299
493
236
111
405
439
138
197
481
339
87
249
497
275
95
313
488
211
126
427
411
116
231
493
303
89
284
495
249
109
401
442
141
202
484
334
85
274
499
260
101
392
450
148
183
483
334
88
254
497
279
93
309
490
215
126
423
422
118
227
492
308
88
289
495
243
106
398
445
144
190
478
345
90
242
497
282
92
305
489
219
122
420
417
121
223
491
292
90
295
494
239
111
405
441
140
196
481
339
87
268
498
266
98
341
480
195
139
448
394
107
248
497
285
92
302
492
222
119
418
427
122
221
490
314
87
284
495
248
109
403
443
141
202
484
332
86
254
498
278
94
309
488
216
125
424
413
118
227
491
298
90
291
496
244
109
399
445
144
190
477
345
90
241
495
292
91
314
490
219
121
428
418
121
221
491
312
84
275
499
257
100
386
454
147
185
477
349
88
245
495
288
94
311
490
224
119
416
429
130
209
486
325
87
262
499
261
99
326
483
201
134
437
400
109
241
495
291
90
296
494
238
116
413
433
133
213
488
320
86
286
495
247
106
405
439
140
197
489
320
85
268
498
266
96
322
488
205
132
433
412
112
238
494
296
92
302
493
232
114
409
435
136
201
483
335
87
254
497
270
97
318
486
209
128
429
408
115
232
494
281
94
306
492
228
116
413
432
134
204
484
331
87
275
499
257
101
393
450
149
185
479
342
89
245
495
289
91
299
493
227
117
416
432
125
215
489
320
85
277
498
257
107
396
447
147
186
476
349
91
238
494
296
90
292
495
234
111
407
430
130
207
485
318
86
271
499
263
100
379
459
161
171
466
366
95
229
493
304
86
293
494
241
109
408
436
136
201
483
336
88
251
497
271
96
316
489
209
127
428
417
115
232
494
303
89
294
494
240
109
400
442
142
193
480
342
88
244
497
279
93
309
489
216
124
422
423
126
215
488
319
86
268
499
265
102
387
453
154
186
477
349
90
257
497
277
95
311
490
224
119
416
429
130
207
486
317
87
270
499
253
102
389
452
144
189
478
347
88
249
497
283
92
304
493
231
114
418
427
128
211
490
314
85
273
496
251
105
393
436
135
199
483
335
86
253
497
281
93
306
493
227
122
421
425
125
224
491
311
83
278
499
257
102
386
455
154
177
471
359
93
228
493
295
90
292
495
233
112
409
436
136
200
483
335
88
253
496
281
94
325
486
210
128
436
408
115
231
495
292
90
295
494
238
110
403
441
140
194
479
341
86
255
498
277
97
318
488
216
140
438
406
112
235
494
298
89
289
495
244
107
397
438
136
198
481
329
85
258
498
266
99
321
487
213
125
425
420
122
219
490
315
85
292
495
242
108
408
437
136
200
486
327
87
261
497
272
95
315
489
210
128
427
418
115
231
493
303
90
294
495
241
113
409
435
135
219
490
314
86
273
498
260
99
327
481
199
135
439
398
108
243
495
281
93
307
491
227
116
413
432
132
204
486
329
87
258
498
276
93
321
487
214
125
433
412
118
229
494
296
90
291
494
242
109
400
444
135
201
484
335
86
262
497
272
98
325
486
211
129
428
418
121
222
491
312
84
275
495
250
105
392
442
142
193
480
332
87
254
496
280
94
309
491
225
118
414
430
131
216
489
318
86
288
495
246
107
405
439
139
197
484
329
86
258
497
276
96
313
491
213
125
426
420
117
228
493
305
89
291
494
242
108
399
444
144
190
479
345
88
242
497
282
94
307
489
218
122
421
416
120
224
492
291
91
297
493
237
112
404
440
138
196
482
339
88
269
498
264
100
388
453
153
180
477
347
89
240
495
293
89
295
495
229
116
411
434
127
213
487
322
86
278
499
256
105
395
447
146
187
477
348
90
240
495
294
90
294
493
231
114
410
428
128
212
487
314
86
276
498
257
101
386
454
154
177
471
359
91
248
496
285
92
324
486
212
128
435
409
114
231
493
301
89
287
494
246
106
396
446
140
197
482
338
86
260
497
273
98
324
487
212
128
428
417
121
222
492
310
85
276
494
247
105
396
439
140
197
481
328
87
260
497
272
96
316
489
218
127
430
415
119
233
494
299
88
298
494
237
112
414
430
131
207
489
317
86
272
499
260
101
383
457
149
183
474
351
88
244
497
288
95
310
490
224
119
416
430
129
209
487
325
86
262
499
261
102
383
449
150
183
474
343
88
245
496
288
92
300
494
233
112
408
437
136
208
486
325
86
282
493
251
104
400
443
142
192
484
333
89
253
497
279
93
308
492
215
124
423
422
118
227
492
306
90
292
495
240
108
401
443
142
192
479
343
89
246
497
278
95
309
489
215
124
424
414
118
227
492
287
92
301
492
233
113
409
436
135
201
482
334
87
263
498
270
96
337
481
198
136
438
405
114
235
493
299
89
290
495
234
113
407
437
129
208
486
326
86
270
499
263
108
398
444
144
190
478
345
89
243
495
292
91
298
491
226
117
413
425
126
215
489
309
84
277
497
256
101
389
453
152
180
473
356
92
249
496
283
95
323
487
211
126
434
410
115
231
493
303
86
285
496
247
106
396
447
139
195
482
339
86
258
497
275
99
323
487
211
128
427
417
122
221
490
312
85
276
496
248
107
396
440
140
196
481
329
84
258
498
274
95
313
490
221
128
427
418
121
232
493
302
89
305
492
228
116
421
424
125
214
493
300
90
288
495
246
107
397
446
146
189
477
347
89
251
496
282
95
316
490
220
120
421
425
125
215
488
320
85
268
497
256
101
388
445
145
188
478
336
88
252
497
273
97
317
488
219
122
422
424
125
226
491
308
78
290
495
243
107
407
437
137
199
486
326
87
263
498
271
97
318
489
207
129
431
414
113
236
495
297
92
301
493
233
119
417
428
129
210
488
324
87
264
499
259
100
385
449
148
185
476
341
88
247
496
276
96
312
490
220
121
419
426
128
213
488
322
86
285
496
247
106
404
440
139
197
485
329
87
259
497
273
96
315
490
209
128
429
416
113
233
494
300
91
299
493
235
118
415
429
130
219
490
316
86
273
499
260
100
385
448
148
185
476
340
89
248
496
276
95
314
489
220
122
420
425
127
214
488
319
85
269
498
264
99
343
478
192
142
451
391
104
253
497
280
93
308
491
224
117
417
429
122
219
490
314
87
284
494
249
110
403
440
140
213
488
321
86
268
498
264
99
324
484
201
134
436
399
109
243
496
280
92
308
492
225
118
416
429
129
210
487
324
87
264
498
268
98
340
481
197
139
447
394
108
248
499
265
97
322
487
211
126
427
417
120
223
491
310
88
287
497
245
112
406
439
137
208
486
326
85
263
497
270
98
319
485
205
131
432
404
110
238
495
285
91
302
493
212
127
428
417
122
222
491
311
85
278
496
256
103
398
445
145
190
482
336
88
252
498
271
96
317
489
217
123
424
421
123
218
490
315
87
284
494
250
110
402
440
140
205
485
329
87
259
497
273
96
315
486
210
128
430
407
113
234
494
289
91
300
493
224
119
417
428
122
221
490
313
86
275
499
257
102
395
447
145
188
482
338
88
250
498
274
97
316
488
218
125
421
423
125
216
490
316
84
272
498
261
103
392
449
150
194
480
341
89
247
496
285
91
304
490
220
121
421
417
120
224
492
299
88
288
495
235
113
407
437
123
218
490
315
86
273
499
259
100
385
456
154
178
476
349
89
238
496
285
93
305
492
229
116
412
432
131
206
485
327
86
261
498
272
100
381
457
158
184
475
351
90
246
497
286
92
302
493
231
114
411
427
127
213
488
311
84
278
493
244
108
398
444
136
200
482
334
86
254
497
279
94
310
491
223
118
424
421
121
220
493
303
88
285
496
248
107
396
447
146
188
478
346
89
241
495
291
94
308
491
224
124
424
421
124
218
489
315
86
274
498
259
101
385
447
146
187
477
339
88
249
497
274
95
315
489
219
121
421
424
125
216
490
318
85
281
492
252
103
401
442
142
193
484
331
87
256
497
275
94
312
490
213
127
428
418
115
231
493
301
90
297
493
236
116
415
430
130
216
489
317
84
270
499
260
100
384
450
149
184
476
342
89
247
496
276
94
313
490
221
120
419
425
126
214
488
320
87
268
499
264
98
343
478
193
142
451
390
104
253
496
279
94
310
492
226
118
416
430
123
218
490
315
84
282
495
250
109
401
443
142
212
488
322
86
267
498
267
97
321
484
203
133
434
402
111
240
495
282
93
306
491
227
116
414
430
131
208
485
327
86
263
498
270
98
327
487
207
130
438
404
112
238
496
286
92
303
492
231
115
410
434
126
213
487
322
86
278
496
255
105
397
446
144
197
482
336
88
252
495
280
93
308
488
215
124
424
413
116
230
492
296
88
292
495
231
115
411
434
133
204
486
330
87
259
497
274
95
334
482
201
135
444
398
108
244
497
279
95
309
490
224
119
417
428
129
211
488
323
85
276
498
258
106
396
446
145
198
481
337
88
250
497
281
92
306
489
218
123
423
414
119
226
492
297
90
292
495
232
113
409
435
134
202
483
332
88
256
498
276
94
331
484
204
133
442
401
110
242
496
283
93
306
493
227
117
413
431
131
207
486
326
86
270
499
261
104
391
450
149
193
480
342
89
247
496
286
92
302
491
221
122
419
418
120
224
491
301
88
287
496
236
112
406
438
124
217
490
316
85
273
498
260
100
384
455
156
177
476
349
91
239
497
284
91
304
492
230
116
413
433
133
206
485
328
86
260
498
272
99
325
486
208
137
438
406
113
236
494
297
89
291
494
241
109
400
435
134
202
484
322
86
265
498
257
101
386
454
139
197
481
336
88
252
496
281
94
308
491
224
118
424
422
122
220
493
305
86
283
495
249
104
395
447
146
188
477
348
88
240
496
293
93
305
491
227
123
421
423
124
217
489
317
86
272
499
261
100
383
449
149
184
474
342
88
246
497
278
94
311
490
223
120
417
427
128
211
488
321
85
286
495
246
106
405
440
138
198
486
328
85
261
498
272
95
316
489
208
131
431
414
112
237
494
295
92
302
492
230
120
419
426
126
232
493
302
89
288
495
245
107
397
445
145
189
478
335
88
253
496
271
96
318
489
215
124
424
421
122
220
490
313
85
274
500
258
101
395
447
147
188
481
339
88
250
496
283
91
306
492
228
117
413
431
125
216
489
318
77
279
492
253
108
400
444
143
210
487
324
86
266
497
268
97
322
485
205
132
434
403
111
238
495
283
93
305
491
228
115
413
432
131
207
485
328
87
262
498
271
96
336
482
198
136
445
396
107
246
498
267
98
322
487
212
126
427
417
122
223
490
311
89
288
495
245
111
407
438
137
207
488
325
86
263
498
270
97
319
484
206
131
432
403
111
239
495
284
92
304
493
211
128
427
417
120
223
491
309
79
279
485
254
103
399
444
144
192
482
333
87
255
499
268
96
320
488
213
125
427
419
121
221
491
311
87
286
496
246
111
405
439
137
207
485
327
85
262
498
270
97
318
485
205
132
433
403
111
239
495
284
92
305
493
219
121
420
424
119
225
491
309
83
281
493
251
105
401
442
142
194
484
331
87
259
498
265
98
324
487
211
128
429
416
118
226
491
308
78
280
493
251
108
400
444
141
200
484
333
86
256
498
276
93
312
487
212
128
427
410
115
232
493
292
91
297
495
227
117
414
431
118
226
493
305
83
283
493
250
104
394
449
148
185
481
341
88
247
496
276
95
313
489
222
120
418
426
127
212
489
320
85
268
499
264
103
388
453
151
190
477
345
89
253
497
280
94
309
491
224
118
416
421
123
218
489
305
84
282
494
242
109
401
442
137
203
484
332
88
258
497
276
93
313
489
222
121
427
417
120
222
492
300
89
288
495
244
107
398
445
144
191
478
344
89
246
495
288
94
309
491
224
124
424
421
123
219
490
314
84
273
499
258
100
386
448
147
186
477
340
88
249
495
276
96
313
490
220
121
419
425
126
213
488
320
86
287
496
246
105
405
438
138
197
486
327
87
262
497
272
97
317
489
208
128
430
415
113
234
495
298
91
299
492
234
118
417
428
130
228
493
305
86
282
495
250
104
394
449
148
184
476
340
88
247
496
275
95
313
489
221
121
420
426
128
213
487
322
86
268
498
266
98
342
481
195
140
449
392
106
250
497
272
96
316
489
220
123
423
424
119
225
491
308
90
290
496
243
113
407
437
136
209
486
324
86
263
498
268
97
320
484
204
132
433
403
110
239
495
284
92
304
493
220
122
420
425
126
214
489
319
84
269
498
264
99
343
479
191
142
449
391
104
252
497
270
97
319
488
215
124
423
421
123
218
491
315
87
283
494
249
110
402
441
140
204
484
331
87
257
498
275
94
313
486
211
128
427
409
115
233
493
290
90
298
493
227
117
415
431
130
208
486
325
86
262
499
270
96
337
481
198
138
446
396
106
247
497
277
94
311
491
222
120
418
427
127
213
487
321
84
275
499
257
105
396
446
145
196
481
338
88
251
496
283
93
306
489
217
123
422
415
118
226
492
298
89
290
495
234
113
408
436
122
219
490
314
86
274
499
258
101
384
454
155
177
476
348
90
240
497
284
92
304
492
229
114
413
432
132
205
485
329
87
260
498
273
99
325
487
210
135
437
407
115
233
493
299
89
290
495
244
108
398
436
135
201
482
324
86
264
498
260
100
385
455
141
194
481
341
90
248
496
285
92
304
492
229
115
420
425
126
214
492
309
84
280
493
254
101
390
451
150
182
474
353
91
235
493
299
90
299
494
235
118
415
430
130
209
486
325
85
263
498
269
97
319
485
205
131
432
403
111
239
494
285
92
303
493
232
114
411
433
133
205
485
330
87
279
497
256
103
398
445
145
190
482
335
88
254
497
280
95
309
491
216
123
424
422
118
226
493
306
90
292
494
242
114
411
433
134
221
491
312
84
276
499
256
101
388
453
152
180
473
345
88
242
496
281
93
308
490
226
117
416
429
130
210
486
325
87
265
498
268
97
332
484
204
132
443
402
111
241
496
292
89
296
494
236
111
406
439
130
208
486
326
86
273
499
259
104
394
448
147
204
484
331
88
259
497
274
95
315
487
209
128
430
408
113
234
495
289
91
300
493
232
113
409
436
136
203
485
331
87
257
497
275
95
333
484
202
135
443
400
109
243
497
271
96
318
488
215
125
424
420
122
220
490
314
87
285
496
247
110
403
440
139
205
485
328
86
260
498
272
96
317
486
208
129
430
406
112
237
494
287
91
303
492
213
126
428
419
121
222
492
311
85
277
497
255
101
397
446
144
189
483
336
88
253
498
269
98
319
488
214
125
425
419
122
220
490
313
87
286
495
248
110
405
439
138
206
486
327
85
261
498
272
96
317
486
207
130
431
405
111
237
495
285
92
302
493
222
121
419
427
121
223
490
311
85
277
495
255
102
398
445
145
191
483
334
88
254
499
270
96
319
489
215
124
425
421
121
220
489
313
85
274
499
259
106
394
448
146
195
481
339
88
249
496
284
93
305
490
218
122
421
416
118
225
492
299
88
288
496
235
113
407
437
126
218
489
314
86
275
499
259
101
385
455
155
177
476
350
90
238
497
286
93
303
493
230
115
411
434
133
204
485
330
86
257
498
275
98
322
487
212
134
435
409
115
232
493
302
89
287
495
247
107
396
439
140
198
482
328
87
260
498
262
98
324
488
210
129
431
416
120
225
492
308
76
289
495
243
107
408
437
137
201
486
324
86
263
498
269
97
319
488
207
130
433
412
112
237
495
295
92
304
492
231
122
419
426
127
224
491
310
84
278
497
255
102
390
445
144
189
479
336
87
252
496
270
96
318
488
216
124
423
422
123
219
489
316
86
272
498
261
100
393
448
149
185
480
341
88
247
496
284
93
303
493
220
121
419
425
121
223
492
310
89
288
495
245
112
407
437
136
217
489
316
85
273
498
260
99
329
481
197
138
440
395
106
248
496
275
94
313
489
221
120
421
424
125
215
488
319
86
271
499
262
100
391
451
149
184
479
342
89
247
497
276
95
313
491
221
121
419
426
121
224
492
311
88
288
495
245
112
407
437
138
209
487
324
87
264
498
268
98
320
485
205
132
434
403
111
239
495
283
93
305
492
218
122
421
423
126
215
489
318
86
271
498
263
99
344
479
190
143
451
389
103
254
498
268
97
321
487
214
126
426
419
121
221
491
311
88
288
495
244
111
407
438
137
209
487
325
86
262
499
269
96
320
484
206
131
433
402
111
239
494
284
93
305
492
219
120
420
425
126
215
488
318
86
270
499
262
100
390
451
149
183
479
344
88
244
496
279
94
310
491
223
119
417
428
128
211
487
323
86
275
499
258
104
395
447
146
196
481
339
88
249
497
283
92
305
489
221
122
420
416
119
224
491
299
89
289
495
235
112
407
437
131
208
486
326
85
262
498
270
96
328
485
206
130
439
404
112
238
496
286
92
302
493
230
114
410
435
134
202
484
332
87
257
498
276
97
321
488
213
140
441
402
110
240
494
294
90
295
494
238
111
403
433
132
206
485
319
85
269
499
254
101
388
452
137
199
482
334
87
254
496
279
94
308
491
224
119
424
422
123
218
492
306
83
282
494
251
104
392
449
149
184
475
352
90
236
495
296
91
301
493
232
120
418
428
128
211
487
323
87
265
498
267
98
322
484
203
132
434
403
109
239
495
283
93
305
492
229
116
412
432
132
205
487
328
86
279
486
253
104
399
446
143
192
483
335
85
252
497
280
93
308
491
215
125
424
421
116
229
492
305
88
292
495
242
113
409
435
135
219
491
312
86
276
499
257
101
386
454
156
178
472
349
90
238
495
285
93
304
492
230
115
411
434
133
204
485
330
85
258
497
275
93
333
483
203
133
442
400
110
242
496
282
93
306
491
228
115
413
432
126
215
489
319
81
279
487
254
106
398
446
144
198
483
336
88
251
497
281
93
307
489
218
122
422
415
119
225
492
298
89
290
495
235
113
407
437
136
200
483
333
86
253
497
279
93
329
485
206
131
440
404
111
238
497
287
92
301
493
232
114
409
436
134
202
483
332
85
264
499
268
101
385
455
155
186
476
350
89
238
494
295
90
293
492
230
115
410
427
126
212
487
313
85
275
500
248
105
395
447
146
186
477
348
89
239
495
293
89
315
490
219
122
429
418
120
224
494
301
88
287
495
246
106
398
446
145
189
477
346
88
251
496
282
95
315
489
218
134
438
407
113
234
495
298
89
290
495
244
108
399
437
137
200
483
325
86
264
497
260
101
384
456
141
194
480
340
89
246
497
285
92
303
493
232
114
419
426
128
212
491
311
85
277
499
257
102
388
454
153
179
473
356
91
230
492
302
89
296
492
238
117
412
432
133
205
484
330
86
259
497
275
95
314
487
210
128
428
409
113
233
493
291
90
296
494
236
111
405
439
137
196
482
337
88
270
498
262
98
344
479
192
141
451
390
105
254
498
280
94
309
491
225
117
416
429
123
219
490
315
88
283
494
249
110
403
441
140
212
488
321
85
267
499
266
99
323
483
202
134
436
400
109
242
495
281
92
306
492
226
116
415
431
130
210
487
325
87
262
498
270
97
337
482
200
137
445
396
108
246
499
269
96
320
488
214
125
425
419
121
222
490
313
86
285
496
247
111
403
440
139
205
485
328
87
260
497
272
96
317
486
208
128
430
407
113
236
494
288
91
301
493
214
125
426
420
122
221
491
313
86
276
498
257
101
396
447
146
188
481
339
88
248
497
274
95
315
489
219
122
421
424
126
216
488
318
78
280
492
252
108
400
443
142
201
484
333
87
254
497
278
93
309
488
215
124
424
412
117
229
492
294
90
294
494
230
116
412
434
129
213
488
320
86
267
499
265
98
343
478
192
142
451
390
102
254
498
270
96
318
489
215
124
424
421
122
219
490
313
86
275
499
258
105
396
448
147
195
481
339
88
261
497
274
96
315
489
220
123
421
416
120
225
491
298
90
290
496
234
113
408
436
129
209
487
325
85
263
499
269
97
319
488
216
125
433
412
117
229
495
295
91
293
495
239
110
402
440
142
194
480
341
89
248
496
286
96
313
490
222
125
427
418
120
221
490
312
86
276
499
257
101
387
447
146
188
478
338
88
250
497
274
96
315
489
220
122
421
424
128
215
488
320
85
288
495
244
107
407
437
137
199
486
325
87
262
498
270
97
319
488
206
130
431
413
112
236
494
296
92
300
494
233
119
417
427
128
230
493
302
88
286
495
247
106
395
447
147
187
476
339
88
249
497
274
94
313
490
219
120
421
424
124
214
489
318
86
270
499
264
100
390
452
150
182
479
345
88
242
497
290
90
299
494
234
111
408
437
131
208
487
325
86
273
499
261
105
392
449
150
201
484
333
86
255
498
277
94
311
487
214
128
426
412
117
230
493
294
90
295
495
237
111
403
440
140
196
481
338
88
250
497
282
93
314
490
219
121
429
416
120
225
493
299
90
289
495
243
107
398
444
136
200
484
334
85
263
498
269
100
383
455
155
186
475
350
90
238
495
294
91
293
494
229
114
412
427
127
212
489
311
83
278
495
245
108
398
444
144
190
478
346
89
243
495
288
91
318
489
216
124
431
413
118
228
494
295
90
294
494
240
110
403
441
140
195
480
340
87
259
497
274
98
324
486
209
128
429
416
119
224
490
309
82
279
495
245
108
399
438
137
198
482
326
85
262
498
251
103
392
449
150
184
475
351
90
237
494
296
90
311
490
223
120
427
418
123
221
493
302
88
285
495
248
106
395
447
148
187
476
348
88
250
496
284
95
314
490
220
134
436
408
115
232
493
300
89
288
495
246
107
396
439
138
197
482
327
86
260
498
262
100
382
459
142
191
479
343
88
245
496
288
92
300
493
233
113
417
429
128
211
490
314
84
275
500
258
101
386
454
153
179
472
356
92
232
493
301
90
296
493
237
117
413
431
132
207
486
327
85
261
497
271
95
317
485
207
133
431
405
111
237
494
287
92
302
493
232
114
410
435
134
204
483
332
87
266
498
266
97
342
479
194
140
456
384
101
260
498
273
95
316
490
218
122
422
422
119
225
493
307
89
291
494
243
114
409
435
135
219
490
313
84
274
499
258
100
385
454
154
178
471
350
90
238
495
284
91
304
491
230
115
411
433
133
204
485
330
86
257
497
275
95
323
487
210
127
435
408
114
232
493
300
90
290
495
246
107
397
445
137
199
482
335
86
262
499
272
100
382
457
157
194
479
342
89
246
495
287
92
301
491
223
118
418
421
121
219
490
304
87
283
495
249
105
393
448
147
186
477
348
88
238
495
294
90
314
490
220
122
428
417
120
224
495
292
91
297
494
236
112
406
438
137
200
484
334
85
263
497
270
101
385
455
156
186
476
349
90
239
495
294
90
295
493
229
113
412
426
128
212
488
312
85
279
496
236
111
406
438
136
198
482
336
88
253
497
280
93
327
484
208
129
439
405
113
236
496
287
92
301
493
232
114
409
435
136
202
483
332
87
266
498
267
100
386
454
154
186
478
349
88
239
495
293
90
295
492
228
116
413
424
126
215
488
308
78
279
486
244
107
399
444
130
208
486
326
86
264
498
270
97
319
488
215
125
432
412
117
229
495
295
90
294
494
238
111
403
440
140
197
481
339
88
250
496
282
98
316
490
218
128
430
415
118
226
492
306
84
282
492
251
103
392
443
142
194
480
332
86
255
498
267
98
322
488
214
127
427
418
122
221
490
312
85
297
495
237
112
414
432
130
207
489
318
84
270
500
262
100
383
457
157
175
470
361
93
227
492
305
90
292
495
241
115
410
435
133
203
485
330
87
257
497
275
95
314
486
212
127
428
408
116
233
493
290
92
298
494
234
112
407
437
138
200
482
335
88
272
499
260
98
347
477
188
146
454
387
102
258
498
276
96
313
490
220
121
419
425
120
222
491
310
90
288
495
245
111
406
438
137
217
488
317
84
271
498
262
100
382
457
157
175
470
352
90
238
495
285
91
302
493
231
115
410
434
134
203
484
331
87
257
497
276
95
332
484
203
133
443
401
109
241
496
282
93
307
491
226
117
414
430
125
219
490
316
85
283
495
249
109
402
441
140
204
484
330
87
258
497
274
95
314
488
210
129
430
408
113
234
494
290
91
299
493
224
118
417
428
129
210
486
324
86
265
498
267
98
331
485
204
133
441
402
109
240
496
282
92
306
492
228
117
414
432
131
207
486
327
85
271
498
261
105
392
450
149
194
479
341
89
247
496
285
91
303
490
221
120
420
417
120
224
490
301
88
288
495
225
118
415
429
131
208
486
325
86
264
497
270
97
338
481
197
138
447
395
106
248
497
274
95
314
489
219
122
421
423
125
215
490
317
83
281
491
252
108
400
442
142
202
483
332
88
256
497
276
95
313
488
213
126
427
410
116
232
494
291
91
298
493
226
118
414
429
117
226
492
306
85
282
496
249
106
394
448
146
187
481
339
88
248
498
274
95
315
489
220
122
421
424
125
215
489
317
85
271
498
262
103
391
449
150
193
480
342
88
257
497
276
96
312
489
220
119
420
418
120
222
491
301
88
286
495
237
111
405
438
131
208
485
327
86
263
498
270
96
318
488
215
124
432
413
117
228
495
295
90
292
495
240
110
403
441
140
196
481
339
89
250
496
282
95
314
490
218
128
430
416
120
224
492
308
79
280
492
253
103
390
443
143
191
478
334
87
254
497
269
95
318
488
216
124
424
421
122
222
489
314
86
282
495
251
104
401
442
141
194
484
331
87
257
497
276
95
313
490
212
128
427
417
116
231
493
301
90
296
495
236
117
413
432
131
216
488
318
85
270
498
262
99
327
482
198
137
439
397
107
246
497
278
94
312
491
223
121
418
427
128
212
489
322
86
267
498
266
98
342
480
193
141
450
391
105
250
498
281
92
306
491
227
116
414
431
125
216
489
317
83
281
492
252
108
400
443
141
212
487
324
86
265
498
268
97
321
485
203
133
434
402
110
240
495
283
92
305
492
227
116
413
432
131
207
485
327
87
260
498
272
96
335
482
200
136
445
398
109
245
498
269
96
319
489
215
124
425
421
122
221
490
314
86
283
495
250
109
402
441
141
203
485
331
87
258
497
274
95
314
487
211
127
428
409
115
231
494
291
90
296
494
217
122
422
423
125
217
488
318
86
270
499
262
99
343
479
192
142
450
391
105
252
498
270
96
318
488
215
124
423
421
124
218
489
316
84
282
493
251
108
400
444
143
200
484
335
88
253
497
280
93
308
488
215
124
423
414
117
229
492
297
90
292
495
232
113
411
436
122
221
491
313
86
276
499
257
102
387
454
155
179
477
347
90
242
497
281
92
306
492
228
116
414
431
132
207
486
326
86
262
498
272
99
327
486
207
137
438
406
112
237
494
296
89
293
494
241
109
401
435
134
203
484
321
86
267
498
258
101
387
454
140
195
481
338
88
250
496
282
93
306
491
228
116
422
423
125
215
492
308
75
279
487
253
102
390
451
150
182
474
354
91
235
495
298
90
299
494
234
117
416
430
129
210
488
325
85
264
498
269
97
319
485
205
131
432
404
111
239
494
284
92
304
492
229
116
411
433
133
205
484
330
87
268
499
265
98
343
479
193
142
458
382
100
262
498
270
96
318
490
217
124
424
423
118
226
492
306
89
291
494
243
114
409
434
135
220
491
313
84
274
499
257
101
387
454
152
179
472
347
88
240
496
282
93
307
492
227
117
414
430
131
208
486
325
86
263
497
270
97
329
485
206
131
440
403
112
238
494
294
90
294
494
239
110
403
440
132
205
485
329
88
268
499
264
103
389
452
152
199
482
334
87
253
498
279
95
310
488
215
124
426
413
116
229
493
295
89
294
494
239
111
403
440
139
196
482
337
88
250
497
281
92
317
488
217
123
431
413
118
227
495
296
90
292
495
239
110
403
440
132
205
485
329
85
269
498
263
104
389
451
150
191
478
344
88
247
496
288
93
302
491
221
120
419
419
120
223
492
302
88
287
496
236
112
405
439
137
200
483
336
88
253
498
279
94
329
485
205
132
441
403
111
240
497
283
92
305
492
227
116
414
432
131
208
487
325
85
273
499
260
104
393
448
150
195
481
339
88
250
496
282
93
306
489
219
122
422
415
119
225
492
297
89
291
495
232
114
410
434
135
203
484
331
85
257
497
276
95
332
484
201
133
443
400
109
242
497
280
93
308
490
226
119
416
428
129
210
487
322
85
276
498
258
107
396
446
146
198
481
336
87
251
496
280
94
309
488
216
124
425
413
116
229
493
295
89
293
495
230
115
411
434
119
224
491
308
75
280
490
252
103
390
450
150
184
480
342
89
247
497
277
94
311
491
221
120
419
426
125
214
488
319
86
269
499
262
102
390
451
150
191
479
342
87
256
497
277
95
312
490
222
121
419
417
121
223
491
300
88
289
495
235
112
407
436
129
209
487
325
84
264
498
267
96
320
488
212
126
434
410
115
231
495
291
90
297
493
235
112
407
437
135
200
483
333
86
254
498
277
98
321
487
213
134
435
409
115
232
493
301
89
288
495
246
107
399
436
136
201
483
323
86
265
499
259
100
386
455
140
196
481
339
88
251
496
283
93
305
491
227
117
421
423
125
217
492
307
84
282
495
250
104
393
449
148
186
475
350
90
239
494
293
92
303
494
229
121
421
424
125
215
489
318
86
270
498
263
98
326
482
200
136
437
397
108
245
495
277
94
311
492
223
119
417
427
128
211
487
322
86
277
499
256
102
398
447
145
189
482
337
87
250
497
281
92
307
492
217
124
423
422
118
227
492
306
90
294
494
240
114
410
434
134
212
488
321
85
267
498
267
98
322
483
203
133
435
400
110
242
494
281
93
307
491
226
118
414
431
131
208
486
327
86
263
497
271
96
336
482
199
136
445
398
108
246
496
288
92
301
493
231
114
410
434
128
212
488
321
86
278
496
256
107
398
445
145
207
486
327
86
261
498
271
95
317
486
207
130
431
404
112
237
495
285
92
302
493
231
114
411
434
134
203
485
331
88
259
497
274
96
324
487
211
127
437
408
115
233
496
289
91
300
492
234
113
408
436
129
211
488
323
86
275
499
256
106
396
446
145
198
482
335
87
252
497
279
94
309
489
215
125
425
413
117
229
493
294
90
294
495
228
116
413
431
132
207
485
327
86
262
498
271
97
337
482
198
137
446
396
107
247
497
276
95
314
490
219
121
420
424
126
215
488
319
78
282
492
252
108
401
442
141
202
484
332
86
258
497
275
95
315
486
210
128
430
406
112
236
494
287
92
302
493
222
120
419
426
126
213
489
319
85
270
498
262
99
346
477
189
144
453
386
102
257
498
265
98
324
486
210
129
429
415
119
225
493
307
90
292
495
240
114
411
433
132
214
488
319
86
269
499
261
99
326
481
199
137
438
396
107
247
496
275
95
314
489
211
128
430
416
108
244
495
288
91
301
493
232
115
410
435
133
204
488
320
86
269
493
254
103
390
444
144
191
479
325
85
264
498
269
97
321
487
213
133
434
409
116
241
496
291
91
317
490
217
124
431
414
117
227
493
305
88
283
496
240
110
403
442
132
205
485
328
86
270
499
262
103
392
449
149
192
480
341
88
246
497
284
92
304
489
220
121
420
415
119
225
491
296
90
292
494
240
109
402
441
142
194
480
340
88
250
496
284
93
324
486
210
129
437
406
113
235
495
296
89
293
495
242
109
404
441
134
204
485
329
86
270
498
262
104
391
450
150
202
484
333
86
256
498
275
95
312
487
212
127
427
408
115
233
493
289
91
299
493
233
114
408
436
135
202
483
332
87
257
497
275
96
323
487
211
127
436
409
114
234
495
289
91
299
495
233
113
408
435
128
211
487
323
85
276
499
256
105
397
446
144
197
482
336
87
253
497
280
93
309
489
214
126
424
412
116
230
493
292
89
295
494
230
117
413
432
131
207
486
326
85
263
497
270
97
330
485
204
134
441
402
109
241
496
283
92
306
492
227
116
414
430
130
210
486
325
84
272
499
259
104
393
448
147
195
480
340
88
249
496
284
93
307
489
218
122
422
416
118
226
492
298
88
290
495
223
119
417
427
129
211
487
322
86
267
497
266
98
342
480
193
141
450
391
104
253
498
270
96
320
488
215
124
425
420
122
219
490
313
88
285
495
248
111
403
440
141
206
485
328
87
261
498
273
97
317
486
207
130
431
406
112
238
494
286
92
302
493
221
121
419
426
114
232
494
298
90
290
495
242
108
401
442
142
194
484
331
87
258
498
265
97
324
488
210
128
429
417
119
226
493
306
84
282
495
249
108
402
441
139
204
485
330
86
269
498
264
99
326
486
208
130
430
405
113
237
494
285
91
303
492
221
120
420
425
119
224
492
308
75
280
493
251
103
392
449
148
185
481
341
88
248
497
275
95
314
489
219
121
421
424
124
216
489
315
84
272
500
259
