489
240
98
260
96
375
108
217
479
377
107
217
480
375
105
217
479
455
176
134
413
496
270
90
296
115
202
471
391
190
123
400
466
378
109
215
477
379
109
213
478
379
109
213
476
379
110
212
476
382
183
128
406
463
281
86
307
86
422
143
165
444
429
147
160
440
433
150
156
436
437
156
151
432
439
248
95
274
88
467
195
120
394
470
196
119
392
470
200
118
392
471
201
117
392
471
297
85
319
79
429
151
160
440
488
240
99
264
89
288
87
313
84
425
144
164
446
428
146
162
441
431
149
160
440
431
149
159
441
432
237
98
258
93
457
178
133
412
456
178
134
413
457
177
133
415
456
177
135
415
456
271
89
294
86
477
210
112
379
466
401
122
192
465
400
123
191
465
401
123
193
467
397
118
198
470
467
191
124
402
498
280
87
302
119
198
468
394
196
121
396
469
290
86
313
85
335
142
169
449
423
224
105
368
482
317
80
339
90
362
100
232
485
359
99
380
109
213
410
458
178
133
321
495
270
89
386
113
206
474
384
112
209
475
381
110
212
476
379
109
213
477
376
178
133
413
455
269
90
293
87
311
84
329
80
350
151
159
440
432
234
100
358
486
329
79
349
92
369
103
225
481
367
167
142
423
447
257
93
277
88
467
193
121
398
467
194
122
397
466
193
123
400
465
187
127
406
459
273
88
295
87
475
206
115
387
470
389
115
203
472
387
113
207
475
382
110
210
476
381
110
211
477
457
180
133
412
495
270
89
290
113
207
475
384
184
128
406
461
276
87
297
86
320
131
183
461
405
204
114
388
472
297
87
317
82
337
88
359
99
381
182
131
411
457
269
90
292
87
313
84
333
86
356
159
152
432
438
243
99
263
92
281
87
302
85
319
129
184
461
406
301
85
322
76
341
146
164
445
424
225
105
369
481
313
85
331
82
350
92
368
102
228
425
444
159
151
346
490
240
98
354
94
371
103
226
482
363
99
381
179
133
414
456
267
90
285
87
398
120
197
469
392
116
201
473
389
115
205
474
384
111
209
476
380
182
131
410
458
272
89
292
86
312
85
335
87
356
157
152
435
435
239
97
260
93
279
89
295
85
314
126
189
464
400
198
119
396
466
287
86
307
84
325
78
344
91
363
165
146
429
440
342
89
359
96
375
173
139
421
447
257
93
275
88
388
112
206
475
381
110
215
479
375
105
222
482
365
100
229
485
357
159
151
433
438
242
98
264
92
283
87
302
86
322
131
182
460
405
206
115
388
472
293
86
312
85
330
80
349
92
364
165
145
429
442
248
96
267
91
285
88
302
85
322
131
183
460
403
296
86
314
85
330
136
176
456
411
209
113
386
472
295
86
314
84
332
82
350
92
367
167
144
426
444
250
95
269
91
285
87
306
85
323
131
182
461
403
201
119
398
467
283
87
299
87
316
127
189
465
398
195
122
402
463
278
88
294
87
311
85
328
78
346
148
160
443
426
228
105
368
482
315
85
331
79
346
92
364
99
382
179
133
417
452
260
92
277
90
297
85
314
84
331
138
172
454
414
312
84
331
83
350
153
157
440
431
231
102
366
482
317
82
334
84
354
94
371
104
225
424
447
164
147
344
490
242
98
356
96
375
103
224
483
361
100
235
486
352
94
368
167
144
426
443
249
95
265
90
282
87
301
85
320
129
183
461
404
203
116
392
470
290
86
309
85
330
79
349
91
369
170
139
421
449
257
93
275
89
291
112
209
477
377
175
136
418
451
262
92
283
88
303
85
323
78
343
147
164
445
425
227
103
366
484
319
81
337
88
356
98
376
106
218
417
452
169
141
334
493
251
95
363
100
234
484
356
97
374
105
223
422
447
163
148
344
490
241
99
353
92
368
102
227
482
361
98
378
177
135
418
451
257
92
273
90
385
111
214
478
373
105
224
482
365
101
230
484
357
96
373
105
223
422
446
163
150
345
490
241
99
259
91
277
88
296
114
206
473
383
180
133
414
454
264
91
285
88
304
85
320
80
340
145
166
447
421
223
107
373
479
401
123
194
468
393
116
202
473
386
112
209
476
381
111
212
478
376
176
137
419
449
258
92
277
88
389
114
207
475
380
110
213
478
373
105
222
481
363
99
380
110
215
413
454
175
139
331
493
256
93
273
90
291
87
309
122
194
468
391
187
128
409
457
269
90
285
87
301
87
318
83
333
138
174
455
413
211
112
386
471
389
113
208
476
379
108
220
481
364
100
235
485
351
91
366
99
381
178
136
417
449
257
94
270
91
285
107
219
481
365
163
148
432
438
240
98
254
94
271
89
287
86
302
117
203
474
381
177
135
418
449
257
93
276
89
293
86
307
86
325
134
181
459
406
203
118
395
467
378
107
221
480
367
101
232
485
353
93
367
102
232
430
438
154
159
357
485
228
105
277
495
306
86
477
209
115
389
470
193
124
407
458
175
138
422
444
160
153
439
430
229
105
371
479
305
85
317
84
419
133
181
460
403
122
195
468
390
113
210
478
373
102
229
484
353
152
160
444
424
223
107
375
477
303
86
319
83
334
83
349
91
364
163
149
432
436
238
101
364
483
315
85
328
77
341
87
355
93
368
165
147
431
437
336
84
350
92
365
163
148
432
437
240
98
260
94
370
102
228
484
357
95
371
103
227
426
444
160
154
351
487
232
103
272
489
312
86
416
131
184
463
471
195
122
402
462
181
134
416
450
166
146
429
439
155
158
442
427
227
105
373
479
307
83
322
78
338
87
354
93
368
165
147
431
438
239
101
361
485
319
83
333
79
348
90
362
99
376
174
139
422
446
251
95
267
91
281
88
296
87
312
123
193
467
394
285
87
304
85
321
129
183
463
402
200
120
399
465
282
88
299
85
316
83
335
85
352
153
158
442
427
228
104
369
481
312
85
328
78
345
91
366
99
383
181
132
416
453
261
92
276
90
293
111
213
478
374
171
141
422
447
251
95
267
90
286
88
302
86
321
131
183
462
402
200
120
398
466
283
87
301
86
317
84
334
84
351
153
157
441
428
229
104
368
481
407
125
190
465
397
119
199
471
386
112
211
478
376
105
221
481
366
166
146
430
440
242
99
258
94
368
102
232
485
355
95
371
102
227
425
444
159
151
348
489
236
102
267
483
318
83
484
227
105
368
460
406
126
191
466
398
119
200
472
388
111
210
478
374
105
224
482
445
162
149
432
490
241
99
256
91
368
101
230
485
357
96
372
103
140
422
446
161
95
267
91
284
107
220
481
365
99
379
107
220
481
447
163
149
433
490
239
99
256
93
368
101
231
484
357
97
374
105
139
423
446
162
94
269
90
286
108
218
480
367
100
234
486
350
91
365
100
235
486
438
153
158
441
485
228
104
369
491
310
86
325
77
339
87
356
96
495
262
92
279
105
223
482
362
99
378
107
221
481
446
163
150
434
488
235
103
365
485
316
85
331
137
174
456
410
208
114
390
469
194
124
402
460
180
134
416
452
168
144
429
440
154
97
258
93
273
165
146
431
437
153
159
442
427
143
168
451
416
132
181
460
403
123
118
397
465
187
88
296
87
312
124
192
469
391
114
208
475
377
107
222
482
362
99
376
105
224
482
445
162
150
435
488
236
101
364
483
318
83
332
81
347
90
364
100
148
432
437
153
99
257
93
272
89
287
87
304
87
477
207
116
390
470
194
122
403
462
184
132
414
454
173
141
424
446
252
95
267
91
457
175
137
423
486
349
91
363
97
375
106
223
482
446
163
149
433
489
237
101
364
484
315
85
329
77
343
90
359
97
494
262
93
275
101
230
485
353
92
367
102
231
484
440
157
153
438
486
231
103
368
490
310
85
323
129
185
464
399
194
123
405
459
178
134
417
450
168
145
429
440
153
157
441
426
140
108
374
478
209
85
320
81
339
87
356
94
371
104
141
424
444
162
96
267
90
285
86
304
86
323
77
486
231
103
366
485
317
83
333
82
350
93
368
101
145
426
444
160
95
267
90
286
87
307
85
325
76
430
146
163
446
424
141
169
450
418
134
178
458
409
208
114
389
472
293
86
310
86
481
216
109
380
475
206
116
390
470
193
124
405
459
177
135
418
450
258
93
277
89
463
185
130
410
482
361
99
377
106
220
482
365
100
234
486
352
94
494
257
94
274
103
229
484
356
95
371
101
231
485
354
94
369
101
145
429
440
155
97
259
92
274
90
291
87
304
85
479
211
112
387
472
197
122
400
463
184
131
411
455
173
139
422
447
257
92
274
89
463
184
132
412
482
362
100
233
486
354
94
371
102
229
484
359
97
495
265
92
281
107
220
481
365
99
380
107
218
480
367
100
233
486
438
154
160
443
485
226
103
371
492
309
85
326
214
112
384
473
199
120
397
466
189
127
407
459
178
134
418
449
164
93
271
90
288
110
214
478
371
170
143
426
442
159
152
436
434
151
160
443
425
141
171
452
414
131
112
384
472
200
87
313
85
330
79
348
91
366
101
145
428
442
159
97
264
91
280
88
296
86
311
84
480
214
110
384
499
296
85
310
86
326
77
341
88
492
245
96
260
93
278
89
293
86
473
200
120
399
477
375
105
225
484
359
97
374
105
224
481
363
99
496
269
91
284
107
220
481
365
100
234
485
351
92
367
100
232
486
439
153
158
442
485
228
103
370
493
308
85
323
211
114
386
472
198
123
401
464
185
130
414
452
170
143
426
442
157
98
260
93
273
101
231
486
351
152
160
445
423
136
178
458
406
125
193
468
391
113
208
476
377
106
136
419
448
163
93
269
90
286
88
302
86
316
85
482
220
108
379
496
303
86
319
83
333
81
348
90
447
163
151
435
488
236
101
361
484
225
106
374
478
211
113
388
470
196
124
404
459
269
91
282
89
465
186
131
414
483
356
94
370
99
380
108
219
480
447
164
149
433
488
238
101
362
483
319
83
335
83
349
92
364
99
495
270
90
285
107
221
482
363
98
377
107
222
482
445
163
149
433
489
239
101
361
483
318
83
334
138
173
456
411
209
113
388
471
196
123
401
462
183
131
413
454
171
141
425
445
161
94
268
91
286
178
135
417
450
166
147
430
439
152
158
443
427
142
171
451
419
136
109
378
475
207
86
318
84
332
137
175
457
409
126
187
466
395
118
203
473
380
107
220
482
362
97
495
263
92
276
103
228
485
357
97
372
101
228
483
358
96
371
103
144
428
441
157
97
261
92
277
88
293
87
308
85
479
213
112
386
472
197
122
401
461
181
134
414
451
168
145
429
439
243
99
257
93
450
165
146
431
487
337
84
350
93
368
100
232
485
439
152
159
443
485
225
105
375
497
303
86
317
83
335
83
349
90
494
253
94
268
100
235
485
348
91
362
97
374
104
142
427
441
156
98
258
94
273
91
285
87
300
87
474
201
120
399
477
371
103
229
484
356
94
369
102
231
485
352
93
447
162
151
435
487
233
103
366
487
313
85
329
77
344
90
361
97
494
264
93
279
88
292
87
304
85
411
128
187
466
468
193
125
408
457
175
138
422
444
160
154
439
431
144
168
452
416
215
111
387
470
289
87
303
86
409
127
190
466
395
115
204
475
379
106
220
482
363
100
237
486
345
146
165
449
417
214
112
386
471
293
86
307
84
322
81
338
85
352
152
159
442
427
226
106
372
478
305
86
320
83
335
82
348
90
361
160
153
437
431
328
77
344
89
357
155
155
441
428
227
104
372
480
309
86
324
79
339
87
353
92
366
164
148
431
437
242
98
258
93
272
89
284
87
300
115
208
476
374
170
141
425
443
248
97
264
91
280
105
223
482
360
159
154
437
430
229
105
372
478
303
86
317
83
333
81
348
91
361
159
153
438
431
231
103
370
481
309
85
324
80
336
84
349
90
364
162
150
435
434
331
78
345
91
360
158
153
439
430
231
104
371
479
306
85
318
83
332
79
343
88
355
155
157
440
428
228
104
370
480
309
85
324
77
340
89
356
94
370
169
143
428
442
245
97
260
92
278
105
224
482
362
161
152
436
433
234
102
366
482
315
85
330
77
345
90
360
99
375
173
140
425
444
247
96
260
92
275
90
290
87
303
117
204
474
380
175
138
421
446
347
90
361
99
377
174
139
424
445
248
97
262
92
372
102
227
484
357
97
372
103
231
430
439
153
157
356
486
227
104
276
494
309
84
480
212
113
388
473
384
109
216
480
366
100
235
485
350
92
367
101
147
432
437
151
99
253
94
269
91
284
87
300
85
477
205
116
392
498
287
87
304
86
321
81
335
84
490
239
100
359
486
322
80
338
87
355
93
371
102
142
427
442
157
97
262
93
278
88
293
86
308
86
416
132
184
462
403
121
197
470
387
112
211
477
373
105
225
482
360
160
150
435
433
236
100
363
483
318
83
332
81
347
91
362
98
377
174
140
422
447
253
96
268
91
282
88
297
87
313
124
193
467
393
191
127
405
461
368
103
228
484
356
95
372
102
230
485
353
94
368
166
146
429
439
243
97
262
92
278
90
295
87
310
122
196
471
387
185
129
411
457
363
99
379
108
218
480
369
103
229
484
358
97
373
170
142
425
444
250
96
267
91
284
87
300
85
317
127
187
464
398
196
123
401
462
372
103
224
482
362
99
378
105
221
481
364
100
235
432
438
153
158
356
486
231
103
269
484
318
82
485
228
104
367
483
220
106
376
477
212
112
383
474
203
117
393
469
287
86
306
86
480
215
110
379
466
396
118
200
471
386
114
209
476
377
107
218
480
369
101
228
484
444
159
152
438
488
235
100
362
484
320
82
336
140
171
451
416
215
112
382
474
202
119
395
467
191
125
406
461
182
133
412
456
174
91
285
88
300
190
128
407
457
176
137
420
448
165
145
431
439
153
158
441
426
142
106
373
478
212
85
322
79
339
143
168
450
419
134
179
457
408
127
187
464
399
121
197
470
390
114
126
407
459
180
89
291
87
309
85
325
76
344
90
446
162
149
431
490
242
98
259
93
275
88
293
86
472
201
121
397
497
281
89
298
85
314
84
330
80
489
237
100
360
483
322
81
337
86
353
94
370
103
143
426
443
159
97
263
90
278
90
464
186
129
410
496
266
92
283
107
221
481
365
101
233
486
353
94
370
102
226
483
444
159
152
436
488
235
101
361
484
321
82
339
228
103
367
481
219
109
378
477
207
115
390
471
196
124
400
464
186
90
297
86
314
125
191
468
394
192
123
404
461
180
134
414
450
167
145
428
441
155
156
441
428
143
102
367
482
220
83
334
86
352
93
369
102
227
482
444
160
150
434
489
239
99
258
94
370
102
227
483
359
97
375
105
140
422
447
163
94
271
91
287
181
133
417
452
168
142
427
443
157
154
437
433
149
162
444
423
139
107
374
477
210
86
322
80
338
141
170
452
416
132
180
460
405
126
191
466
396
119
201
473
387
111
129
413
455
173
90
283
88
300
87
317
83
335
84
491
241
98
256
93
276
89
291
86
473
201
118
397
498
282
87
301
86
319
81
336
82
489
238
99
253
94
272
91
292
86
473
203
116
393
498
288
87
306
85
323
78
341
88
444
160
151
433
489
241
99
260
93
278
88
295
86
475
206
115
388
499
295
87
316
84
333
85
354
94
450
168
141
422
447
163
148
432
439
154
158
440
431
148
163
444
425
226
105
370
480
310
85
329
77
344
91
363
99
379
178
136
418
452
260
92
279
89
297
87
315
83
332
137
175
456
412
210
114
386
472
294
87
314
84
329
77
345
90
362
164
147
430
440
342
91
361
99
378
177
134
416
452
261
92
280
89
392
116
202
471
386
112
210
478
377
106
219
480
370
103
225
481
365
165
145
428
442
248
96
267
90
285
87
304
85
321
129
183
462
403
201
116
393
468
289
86
308
86
326
77
344
90
362
161
149
432
437
241
98
257
93
273
90
289
87
307
122
194
467
395
288
88
306
85
326
134
180
458
408
205
116
390
469
290
86
311
85
328
77
347
91
366
166
145
426
444
252
95
271
89
291
87
311
85
331
139
172
452
416
217
108
376
478
308
85
329
80
348
153
157
440
432
235
100
361
484
322
78
340
90
360
99
379
107
218
416
452
171
139
330
494
261
93
457
180
133
413
494
267
90
286
87
303
84
325
78
434
149
160
444
485
229
103
366
483
223
106
368
481
220
107
374
479
215
109
380
476
306
84
323
78
431
148
161
442
485
232
101
361
485
231
101
361
484
230
102
359
487
231
101
361
485
324
77
345
91
493
256
93
278
88
299
86
318
81
427
145
165
445
425
142
166
449
423
138
172
452
416
134
178
456
410
209
113
384
475
298
86
319
81
427
142
168
449
420
137
175
453
415
133
179
459
408
125
188
465
397
196
122
401
462
279
89
294
87
310
84
327
78
345
147
163
445
424
224
106
373
479
310
85
329
80
348
91
367
101
228
425
445
160
150
348
490
237
100
264
484
321
78
340
89
358
96
375
175
136
419
449
258
93
276
89
291
86
310
86
329
135
176
455
412
212
112
385
473
296
85
313
84
329
80
347
90
363
163
148
432
440
339
89
357
96
373
171
140
422
446
253
95
271
90
382
109
214
479
373
103
225
481
362
99
380
109
215
416
451
170
143
337
492
247
97
444
159
152
436
489
237
99
256
94
275
89
292
86
401
121
196
470
389
114
209
476
377
107
219
480
368
101
231
484
355
157
156
439
430
231
103
366
482
314
84
334
83
350
91
366
100
231
430
440
156
155
352
488
236
101
265
484
323
79
485
231
101
363
483
223
106
374
479
212
112
383
474
206
115
388
472
296
86
319
81
486
228
102
366
457
410
129
183
462
404
124
190
465
399
122
192
465
398
119
196
469
468
191
125
403
497
277
88
298
117
201
471
389
188
128
404
463
278
89
299
86
316
127
187
463
401
200
118
394
468
288
86
310
85
332
84
353
96
374
174
139
418
451
260
93
282
87
301
85
324
78
344
148
161
444
428
231
101
364
483
413
131
181
458
408
127
186
462
402
124
189
465
399
121
194
468
393
192
124
403
461
277
88
295
87
406
128
185
462
403
124
189
465
400
121
196
468
394
117
202
472
387
186
128
405
461
276
89
296
85
316
82
339
90
359
161
150
434
438
243
96
263
91
286
88
306
85
326
133
177
455
414
215
110
377
477
306
87
327
79
348
91
366
102
228
425
446
162
148
343
490
245
97
266
91
288
86
309
124
190
464
401
202
117
391
470
292
86
311
85
331
83
351
93
370
169
142
422
447
254
94
275
90
291
87
307
84
324
132
182
461
404
298
86
317
83
336
142
171
451
417
215
109
380
475
299
85
315
85
330
81
348
91
366
166
144
427
442
248
95
266
91
284
88
298
85
314
124
190
465
397
196
124
400
465
282
88
300
86
317
127
188
465
398
196
120
400
464
281
88
299
87
319
83
336
85
352
153
156
440
430
231
103
365
482
316
85
333
81
349
90
365
101
233
430
438
154
157
356
486
230
103
273
487
314
85
329
78
345
91
364
163
150
432
439
242
97
259
92
276
89
294
86
313
125
190
466
396
193
123
403
461
276
90
292
87
309
85
324
78
342
146
163
446
423
318
82
336
85
352
155
155
440
430
232
102
368
481
315
84
332
82
349
91
364
99
380
176
136
420
448
255
94
272
90
289
87
307
86
326
134
181
459
408
206
115
390
470
290
87
308
84
324
131
182
460
405
202
118
392
468
287
88
305
86
321
80
337
87
353
156
157
440
430
231
103
366
482
315
84
331
79
347
92
364
98
376
173
140
423
445
251
96
265
91
281
88
299
85
315
125
190
469
393
286
88
303
85
318
127
187
464
398
196
123
400
463
279
89
294
85
309
85
325
78
341
144
169
450
416
216
111
381
475
300
85
315
82
332
82
350
92
367
166
144
429
441
246
96
263
91
282
106
221
481
365
163
148
431
438
242
98
257
94
274
89
291
86
307
121
196
469
392
189
126
406
459
272
90
288
87
301
86
316
85
334
139
173
453
414
212
113
385
473
390
113
208
476
380
108
216
480
369
103
227
483
361
99
379
107
218
416
451
168
143
337
492
250
96
364
101
232
484
356
96
375
105
221
421
450
165
144
341
491
243
98
441
156
155
440
485
228
104
368
461
402
121
196
470
388
112
209
477
376
105
221
482
364
100
234
485
437
150
161
444
484
223
107
376
496
302
86
317
125
189
469
392
189
126
409
457
174
138
421
446
162
152
435
432
147
164
449
422
136
108
378
476
206
86
318
83
332
79
345
88
359
98
495
265
93
279
88
296
86
314
85
483
221
108
376
496
303
86
318
83
332
80
348
91
446
163
148
433
490
237
99
254
94
271
91
286
87
468
193
124
405
479
371
103
226
483
360
97
375
106
222
481
366
101
147
430
439
154
97
258
92
276
90
292
87
309
84
481
216
110
382
497
297
86
314
83
328
77
343
89
443
159
153
436
487
235
100
361
484
223
106
375
477
209
114
387
471
197
122
400
463
277
89
293
86
473
201
118
396
476
378
106
220
480
366
101
233
485
354
93
369
101
143
427
443
157
96
263
92
280
89
296
85
313
85
483
220
109
377
497
304
86
322
79
338
87
356
98
454
173
139
423
493
253
94
269
90
287
89
304
85
478
212
112
385
498
298
85
315
85
333
83
350
92
450
167
146
428
442
157
153
438
432
148
163
445
423
140
170
452
415
214
111
382
474
296
85
311
85
325
78
342
89
357
158
154
436
433
235
102
364
481
316
84
331
77
345
89
357
96
371
170
144
429
440
245
97
259
92
274
90
292
87
308
121
196
470
389
280
88
296
86
312
124
193
468
391
186
129
411
455
265
92
277
89
290
87
304
85
317
125
190
468
392
189
126
409
457
266
92
282
88
295
86
305
86
318
126
191
467
391
189
128
410
455
264
93
276
88
289
108
216
479
368
165
147
431
437
240
99
256
93
269
90
282
90
297
114
210
477
372
169
143
427
442
245
97
260
93
274
90
290
87
305
120
202
474
383
274
88
290
87
309
120
197
470
388
186
129
409
456
267
91
283
87
301
86
318
83
335
139
173
454
413
211
113
386
471
292
86
308
85
324
78
340
87
358
159
152
434
436
240
99
258
93
276
103
227
483
359
160
152
435
436
238
101
359
484
322
80
339
88
355
95
369
102
229
429
440
155
155
352
489
233
101
269
485
315
84
482
219
108
378
476
206
116
392
468
192
124
404
461
180
133
415
452
260
92
276
89
462
183
133
416
484
355
95
371
103
228
484
358
96
374
105
223
481
447
163
148
432
490
242
97
260
92
278
88
297
86
409
129
184
461
475
205
116
389
470
390
114
206
474
383
112
211
477
377
107
216
480
371
102
224
482
447
165
145
427
491
250
95
271
103
227
482
366
166
142
424
447
256
93
278
88
300
118
200
470
391
192
123
400
466
284
87
305
84
327
79
347
91
366
165
144
427
443
250
93
270
91
291
87
313
83
332
138
172
451
418
219
108
373
478
404
125
187
463
402
125
189
463
403
123
188
463
403
124
188
463
400
201
117
389
470
294
87
315
83
426
143
166
448
422
140
170
449
420
138
173
454
414
133
177
458
409
209
112
385
474
300
85
319
82
338
87
356
95
373
174
139
419
450
261
92
280
87
302
84
321
80
341
146
165
446
423
225
105
370
481
314
85
333
85
354
94
375
106
221
420
449
167
144
336
491
254
95
269
90
289
87
309
123
196
466
397
195
122
399
465
282
88
302
85
322
78
342
90
361
162
149
431
438
244
97
262
92
278
89
299
86
319
129
184
462
404
299
85
318
81
340
146
163
445
426
230
103
366
482
318
82
338
88
356
100
237
486
353
95
376
106
218
415
454
173
137
327
494
263
91
459
182
130
409
496
275
89
298
85
321
78
344
91
449
167
142
424
446
164
145
426
444
162
147
428
443
161
147
430
441
248
94
270
90
462
183
129
407
460
182
130
410
458
179
134
412
457
179
134
414
457
270
89
293
86
476
211
111
383
468
397
120
197
469
395
119
197
468
394
117
198
470
393
118
196
469
468
196
119
394
498
290
87
312
126
187
462
403
203
117
389
473
296
85
317
81
338
144
166
447
426
228
104
366
483
320
79
342
90
366
101
226
481
367
103
224
481
369
171
139
418
453
266
91
289
87
405
125
187
461
407
128
183
460
409
129
180
459
411
131
179
456
413
215
109
375
479
313
83
336
88
358
99
381
111
210
408
459
179
130
317
497
273
88
389
115
203
471
465
190
123
399
475
381
111
211
476
382
111
208
476
383
111
208
473
387
114
203
470
466
193
123
398
497
288
87
310
125
187
464
403
204
114
387
473
299
85
323
76
346
150
157
440
433
238
97
261
92
284
88
307
85
331
139
170
448
423
226
104
365
484
322
78
344
91
364
100
230
483
363
165
144
425
447
254
94
276
89
466
189
125
404
462
185
128
404
462
185
128
405
462
185
128
405
462
280
88
303
85
480
218
106
369
459
410
130
181
457
411
131
181
459
410
129
182
458
409
129
184
459
476
209
113
383
495
302
85
323
133
177
457
411
211
112
382
475
303
85
325
78
347
151
156
439
432
237
98
257
94
277
89
299
85
319
129
182
459
408
207
114
384
473
298
86
321
79
339
89
357
97
375
175
136
419
451
261
91
282
87
306
86
327
77
347
151
158
440
432
333
84
353
97
375
176
134
416
455
266
91
288
86
402
124
191
465
399
122
193
468
397
119
198
469
393
118
199
468
394
192
123
398
465
283
88
305
86
327
79
349
92
369
169
140
422
448
257
93
278
88
298
86
317
82
338
143
166
446
427
230
103
361
485
327
79
350
92
370
104
223
480
368
170
141
421
450
260
92
281
88
306
85
330
81
351
155
154
437
434
240
98
260
91
283
88
304
84
326
134
176
455
414
215
110
380
476
304
85
324
76
343
92
365
101
229
425
446
163
146
340
492
247
95
267
92
286
87
305
120
195
468
395
194
122
396
468
288
87
311
85
331
79
348
93
368
170
143
424
445
254
93
275
88
296
86
318
83
337
142
168
450
419
317
83
334
86
355
158
152
434
438
243
97
263
91
377
106
219
480
369
103
224
481
365
101
230
484
361
99
382
111
213
411
455
176
135
325
494
263
91
283
88
302
85
324
133
179
456
410
212
113
385
474
299
85
315
84
331
83
350
92
367
167
144
427
443
250
95
271
90
291
86
312
85
332
139
173
452
417
312
85
333
83
351
154
154
437
433
237
98
258
93
375
107
216
478
374
105
218
480
369
102
224
481
366
102
227
483
362
163
147
429
441
247
95
268
88
289
88
310
85
330
138
170
452
417
220
108
376
479
309
84
328
82
351
93
372
103
224
421
449
167
143
335
493
253
94
451
170
139
421
450
169
141
422
449
167
143
424
445
163
147
429
440
248
97
267
89
460
181
132
411
481
366
101
229
483
359
98
378
108
217
478
372
104
140
422
448
165
93
275
88
295
86
317
83
336
85
492
244
96
264
91
283
88
299
85
478
210
113
384
497
298
86
318
82
337
86
354
96
453
174
138
420
492
259
92
277
88
296
86
318
83
484
225
104
369
459
407
127
187
463
401
121
193
468
393
118
201
471
388
113
208
475
461
181
133
414
495
265
90
283
109
217
479
373
172
139
421
448
258
93
277
88
293
113
207
474
382
180
131
412
456
268
90
288
86
306
86
326
79
346
151
159
441
430
233
99
254
94
276
89
294
86
312
125
190
465
397
195
122
398
465
379
108
216
479
372
104
222
481
365
101
230
484
357
98
376
106
221
420
449
167
143
338
492
250
95
364
99
378
108
219
480
368
103
227
425
445
161
148
344
490
243
96
359
96
374
106
223
482
364
100
232
485
355
95
372
172
139
421
448
256
94
277
89
296
86
312
85
329
136
177
456
411
211
113
386
474
299
86
315
85
332
82
349
91
365
164
147
431
437
240
99
259
93
275
103
224
483
363
163
147
430
440
246
97
263
91
281
89
298
86
318
128
186
462
402
202
118
393
469
287
87
306
84
324
78
344
90
361
161
149
433
437
242
96
262
92
281
106
219
480
369
167
143
424
445
250
95
270
89
287
87
307
86
327
137
176
456
413
212
111
381
476
301
85
319
82
336
89
356
97
375
174
137
419
450
260
92
278
89
300
87
318
81
337
142
168
451
418
313
84
332
84
352
154
157
438
432
235
101
358
486
324
77
341
89
360
99
380
109
216
416
453
169
142
336
493
249
95
363
100
232
484
442
158
153
435
488
235
101
358
486
227
104
368
482
218
108
377
476
210
113
386
472
295
87
311
85
481
217
110
381
475
204
117
391
469
196
121
401
464
185
128
408
459
272
89
290
86
402
123
193
467
467
193
123
403
461
182
132
414
453
170
142
424
444
160
151
436
434
235
101
363
483
319
82
334
82
350
92
368
101
229
427
442
158
153
352
487
236
100
264
484
323
77
430
147
163
444
485
321
80
340
89
357
96
373
106
139
420
449
168
93
277
88
294
86
313
86
330
79
433
149
161
444
425
141
170
451
418
134
178
457
411
211
111
385
473
297
86
317
83
483
225
106
371
481
217
109
378
478
209
114
386
472
200
119
396
466
286
89
304
85
480
213
110
384
468
393
117
201
473
386
112
210
476
379
108
217
479
373
104
223
482
450
169
141
421
494
259
92
279
107
218
479
372
172
139
421
449
258
93
278
88
297
116
202
472
388
188
127
405
461
274
90
294
87
310
86
330
78
347
150
160
443
427
227
104
368
482
314
84
330
81
350
91
367
101
230
428
443
159
151
348
489
237
99
256
93
273
88
289
110
213
478
374
172
139
423
445
252
95
270
90
288
88
303
86
322
130
185
462
402
201
120
396
468
380
109
217
481
370
101
228
484
358
98
376
107
221
419
449
166
146
340
491
246
96
445
161
150
434
490
239
100
360
485
226
105
370
479
216
109
380
476
207
114
386
473
297
86
317
82
425
142
168
450
483
221
108
376
478
211
113
383
473
202
118
394
467
189
126
408
458
269
90
285
87
469
193
123
400
463
186
129
409
457
175
136
419
450
170
142
423
446
254
94
271
90
459
179
132
416
483
358
97
375
105
222
480
365
100
232
484
355
95
495
265
91
281
106
221
481
367
101
233
485
353
93
368
101
230
484
441
158
151
435
488
237
101
360
483
322
81
338
227
105
370
481
213
112
384
472
201
119
395
466
189
126
409
457
178
90
285
87
301
118
201
472
384
182
132
416
454
171
141
424
445
161
149
433
436
151
160
444
425
141
104
370
481
215
85
328
78
346
91
363
99
377
107
138
420
448
166
93
274
89
290
86
308
86
327
77
431
147
164
447
484
319
81
338
89
357
97
374
105
139
418
450
167
93
277
89
295
87
311
84
327
79
433
148
163
447
422
137
177
456
410
129
186
463
402
199
121
396
467
284
88
301
86
478
209
112
386
473
201
118
394
468
192
125
404
462
181
131
412
455
266
91
286
87
470
196
121
397
476
378
108
217
480
370
104
224
483
365
101
228
482
362
99
382
109
132
412
456
176
89
287
87
307
85
326
77
342
90
492
249
94
267
91
282
88
299
87
407
126
191
466
498
288
88
307
85
324
76
342
89
492
248
96
265
91
283
87
300
86
477
210
113
384
470
393
118
203
473
387
113
208
477
379
108
217
480
371
104
224
481
446
164
146
427
493
247
95
265
98
380
109
217
479
372
103
223
483
365
100
230
484
360
100
235
485
438
156
153
436
487
236
100
362
484
322
77
340
230
102
366
484
221
108
375
479
215
111
383
475
203
117
392
469
194
85
305
85
324
133
180
459
406
203
117
394
467
191
124
404
461
182
132
412
455
171
140
424
447
162
94
270
90
290
182
132
412
456
173
139
423
448
164
148
431
438
155
157
441
428
143
103
370
480
213
84
327
77
343
146
166
448
419
135
178
460
405
124
193
468
393
117
207
475
379
105
137
421
448
164
92
270
91
287
87
301
84
317
84
483
224
105
372
493
309
85
327
76
343
90
357
95
453
168
143
428
491
242
98
254
94
270
91
285
87
468
190
126
406
496
270
90
288
87
304
85
320
82
425
142
171
454
414
132
182
460
404
124
193
466
395
117
203
474
381
178
135
417
450
257
93
275
89
291
87
307
84
323
132
183
461
404
202
117
393
468
286
87
303
84
320
86
336
85
351
153
156
442
427
229
104
370
482
405
124
191
467
394
118
203
473
383
110
214
480
371
103
226
482
361
161
150
433
437
241
98
260
93
373
105
223
482
361
99
376
104
224
424
445
159
154
350
489
234
102
267
484
318
82
484
226
106
373
462
401
120
197
469
389
114
208
476
378
107
221
482
364
98
376
104
141
424
445
162
99
266
91
281
87
298
86
315
85
420
135
178
460
474
203
118
397
465
186
130
413
453
172
141
425
445
159
153
439
431
230
102
368
481
311
84
326
78
343
89
359
96
372
171
142
427
441
247
97
260
93
275
89
289
86
303
116
204
475
379
177
137
421
447
252
95
268
92
280
89
295
86
308
120
199
472
385
276
88
290
87
306
119
201
472
382
179
136
418
449
256
95
266
91
281
87
296
86
313
123
193
467
394
190
125
405
460
270
90
284
87
300
86
315
85
329
136
178
460
405
201
119
396
464
279
87
295
87
311
123
195
470
387
186
131
414
454
262
92
276
89
291
87
306
85
322
131
184
463
400
197
122
401
462
276
89
292
88
306
85
321
80
335
140
171
453
414
309
85
325
78
342
146
168
451
417
214
111
385
472
294
85
309
86
324
79
340
87
353
153
158
442
427
228
104
371
480
308
85
323
81
335
81
347
90
362
162
149
432
437
238
99
256
93
271
101
231
486
354
154
157
443
426
226
105
374
479
307
83
322
79
338
87
352
92
368
167
146
427
442
248
96
270
91
285
87
303
85
318
129
186
463
401
199
119
394
468
381
110
214
479
372
103
224
483
361
100
238
485
350
92
367
103
229
426
443
159
150
347
489
238
99
351
92
368
101
229
483
357
98
375
175
136
418
452
263
91
281
88
298
87
318
83
335
139
172
453
415
214
110
382
475
300
87
320
81
339
144
168
449
420
221
108
377
477
305
84
321
80
339
87
356
96
374
173
139
419
449
257
94
276
89
292
86
306
86
325
132
183
461
404
202
117
394
468
287
87
303
85
319
82
336
85
353
155
156
439
432
331
81
348
92
367
166
145
428
442
248
96
264
92
377
108
219
480
368
103
228
484
358
97
374
105
222
422
447
163
150
345
488
239
99
438
153
160
444
484
225
105
374
478
210
114
388
470
195
123
400
463
183
132
416
453
261
92
278
89
464
185
130
409
456
174
139
421
446
162
149
434
436
150
160
443
425
228
103
368
481
313
85
332
80
434
151
158
442
428
144
166
447
422
139
172
452
419
135
179
458
410
209
112
385
472
295
86
316
83
334
83
352
93
369
169
142
425
444
251
95
269
89
285
87
303
86
321
130
184
462
405
202
117
394
468
285
88
302
86
320
81
338
88
356
157
153
435
434
333
84
352
95
373
172
140
421
447
255
94
273
89
385
110
214
478
372
103
225
482
363
99
378
106
221
422
447
164
147
342
490
243
98
442
156
154
437
488
233
103
364
482
221
107
376
478
209
113
389
471
196
121
399
464
280
89
297
87
472
200
120
397
465
187
128
412
454
172
140
422
446
164
147
431
439
243
97
261
92
454
173
139
424
486
349
91
366
100
233
485
352
93
370
101
229
485
441
157
153
438
489
235
101
363
484
318
82
336
86
354
93
370
102
143
427
442
159
97
264
92
281
87
298
86
316
83
483
222
106
373
478
213
111
385
473
201
119
396
467
191
126
404
460
272
89
289
86
470
197
121
399
477
377
106
220
480
367
101
229
484
356
96
373
104
