471
304
105
437
356
88
382
417
94
321
463
124
270
487
164
218
499
210
170
490
260
131
469
310
102
435
359
85
378
418
95
316
466
129
264
489
168
213
498
215
165
488
262
128
466
315
101
433
364
84
376
421
98
311
468
132
259
491
171
210
498
219
162
487
270
125
462
320
97
413
385
86
356
439
106
305
473
136
253
493
177
204
497
227
156
484
277
118
459
327
95
407
388
87
348
444
109
296
477
141
245
494
185
194
496
233
149
482
285
116
454
334
94
405
393
88
343
446
109
296
476
141
245
493
185
194
496
233
150
482
284
114
452
336
93
402
397
90
344
448
112
293
476
141
244
494
184
194
497
233
150
482
286
115
453
337
95
400
399
88
339
452
113
290
479
148
239
495
189
192
496
238
146
480
289
111
449
341
93
395
402
89
335
455
115
285
480
151
237
496
193
188
495
243
143
478
293
109
446
345
89
391
408
91
327
457
118
278
484
155
229
500
199
183
493
248
139
475
299
108
442
350
90
387
412
92
328
459
120
275
485
155
225
499
200
181
492
250
140
475
298
107
443
350
91
387
412
93
325
460
122
277
485
158
226
500
201
178
493
250
137
473
302
108
442
349
89
387
412
92
322
462
122
273
485
160
225
499
204
176
493
251
136
472
302
107
441
353
90
388
412
92
323
460
123
274
485
158
225
500
203
178
493
251
136
474
301
107
441
349
90
388
411
93
323
461
124
273
486
159
223
499
203
176
492
253
137
473
302
105
441
351
90
386
413
93
320
463
125
272
486
162
221
498
204
175
491
254
136
472
305
105
440
354
89
387
412
93
324
461
124
273
486
162
221
498
207
175
492
255
133
471
305
105
437
357
89
383
415
94
320
465
127
267
489
165
216
499
211
171
490
260
130
469
309
103
435
359
85
379
419
95
318
466
128
266
489
167
214
499
214
167
489
265
129
466
314
101
433
362
84
376
420
95
313
468
131
261
489
171
210
497
218
163
487
267
128
464
318
99
417
381
86
361
434
103
310
470
131
258
491
173
208
498
219
161
487
271
123
462
320
99
415
384
86
355
439
106
307
471
135
256
492
176
205
497
225
159
485
274
120
459
326
96
408
388
88
348
444
107
301
474
138
249
493
180
200
497
229
154
483
280
117
455
331
94
406
393
88
343
446
110
295
477
141
246
493
184
196
496
232
152
481
284
115
453
335
94
400
399
89
342
450
113
290
478
146
241
495
188
192
496
238
146
479
289
113
449
340
94
397
403
89
335
453
115
286
481
150
235
496
192
188
495
241
143
478
293
109
447
345
90
392
405
90
331
457
118
281
483
154
233
496
196
184
493
246
142
476
298
109
444
348
90
389
411
92
324
460
122
275
485
157
225
499
202
179
493
251
137
474
302
106
440
353
88
384
414
94
324
461
123
272
486
159
226
498
202
177
493
251
136
474
302
106
441
353
89
385
415
93
322
462
123
273
486
162
221
499
204
176
491
252
136
472
303
106
440
353
89
385
414
94
321
463
124
270
487
163
222
498
207
175
492
253
135
471
304
105
440
356
89
385
413
94
321
462
125
272
487
160
223
499
205
176
491
253
134
473
303
105
440
352
89
385
413
93
320
464
125
268
486
162
220
498
205
175
491
256
134
473
305
104
439
354
89
383
415
94
319
464
126
269
487
163
218
498
208
173
491
254
134
471
308
104
438
356
88
385
413
93
322
463
124
270
487
163
219
499
209
171
491
258
131
469
307
104
436
358
89
381
417
94
317
464
128
265
488
168
215
499
214
169
489
261
129
468
311
100
433
360
85
378
420
94
314
467
129
262
490
169
212
498
216
165
488
267
128
465
316
99
421
376
85
362
432
100
313
468
129
261
489
170
210
498
217
164
487
268
124
463
321
99
415
381
87
359
435
104
309
470
134
257
490
174
206
497
222
160
485
273
122
460
322
97
412
387
87
353
442
106
303
473
137
252
493
179
202
498
227
156
485
279
119
457
329
95
405
391
88
345
447
108
299
475
140
248
493
182
198
496
230
152
482
281
117
454
333
94
406
392
88
345
446
111
295
478
140
248
493
181
198
497
230
154
483
282
116
455
334
93
402
397
89
342
449
112
290
479
145
240
495
186
193
495
235
149
479
288
113
451
338
93
398
400
90
337
453
115
288
480
149
236
495
189
190
495
241
146
478
292
110
449
343
92
393
403
90
332
456
117
282
482
153
234
496
195
185
495
239
144
479
291
110
448
343
90
393
406
91
330
455
117
282
484
153
232
495
198
185
494
244
142
479
291
111
448
342
91
393
406
91
330
457
118
279
483
154
230
500
197
182
494
246
143
477
296
110
448
343
91
394
405
91
332
457
118
281
484
153
230
495
196
183
493
243
142
476
296
110
447
345
91
392
406
92
329
459
119
279
484
155
230
499
198
182
494
245
140
476
295
109
444
347
91
393
406
91
328
459
121
276
485
156
227
498
202
182
494
248
140
476
297
107
443
346
91
390
409
92
326
461
122
275
486
160
223
498
202
178
492
252
137
474
303
106
441
352
90
386
410
91
327
460
121
275
485
159
223
499
204
175
492
252
135
471
305
106
440
352
90
388
410
93
325
461
123
272
487
161
221
500
207
172
491
256
135
470
304
105
439
356
88
383
415
94
320
463
126
267
488
164
218
498
211
170
490
263
130
469
311
101
433
362
83
377
420
95
315
467
130
263
489
168
213
497
217
165
487
267
128
465
316
101
431
364
85
373
422
98
311
470
132
260
491
173
208
498
221
161
487
271
122
462
323
99
413
384
87
354
440
106
303
474
137
251
493
179
201
496
227
155
484
278
119
457
327
96
407
391
88
348
445
109
299
474
140
247
493
183
197
496
233
153
483
283
117
454
335
93
401
396
88
341
450
110
295
478
143
243
494
187
192
496
235
148
481
287
112
451
339
92
403
397
88
340
449
113
290
479
143
242
495
186
192
497
235
148
481
287
112
452
339
92
398
402
91
337
453
115
284
481
150
236
495
190
190
494
239
146
478
290
111
448
342
91
394
405
91
333
456
118
284
482
152
232
496
194
185
494
244
141
477
297
109
446
347
91
389
407
91
327
459
119
280
484
157
230
499
198
182
495
244
141
477
295
109
444
348
89
389
408
91
327
458
120
276
485
155
228
498
202
182
494
247
139
476
295
107
444
347
91
390
408
92
327
460
120
275
485
157
225
500
201
180
492
250
140
474
300
108
445
347
90
391
408
92
327
461
121
277
484
157
226
499
200
179
492
248
138
475
299
108
443
349
90
389
409
94
325
462
121
275
486
159
227
498
201
178
493
250
137
474
299
107
442
350
90
390
411
93
325
461
123
272
486
159
224
498
204
178
493
252
138
474
301
104
441
350
89
386
412
94
324
463
124
271
487
161
220
499
207
173
491
256
135
471
306
105
439
354
88
382
412
93
323
462
123
271
486
163
219
500
208
172
491
256
133
469
308
105
437
356
89
386
414
94
322
463
125
269
489
164
217
499
210
169
490
258
131
468
308
104
436
358
88
380
418
95
316
466
128
264
489
167
214
497
214
166
488
265
127
467
315
100
430
363
85
373
423
97
312
469
131
260
490
171
209
498
219
162
488
269
125
462
320
99
418
379
87
358
435
103
310
470
132
258
491
173
207
498
221
160
486
272
122
460
324
98
412
386
88
355
438
106
305
470
132
258
491
173
206
498
221
160
487
272
122
461
324
96
410
389
87
352
442
107
302
474
139
250
492
178
203
497
226
158
484
276
120
457
328
96
406
390
87
347
445
109
298
476
141
248
493
181
198
496
229
152
483
281
116
454
333
93
402
397
89
340
449
111
291
479
145
241
495
188
194
495
235
150
481
285
114
451
337
93
399
401
89
340
451
112
289
479
146
238
495
188
192
495
237
150
480
286
114
451
337
93
399
400
89
337
452
115
289
479
148
237
496
189
189
496
237
147
480
288
115
451
338
93
399
400
89
335
454
115
285
480
150
238
496
192
188
496
239
146
479
288
112
450
340
93
400
400
89
336
451
114
287
480
148
237
496
191
190
495
239
145
480
289
114
451
336
93
399
400
89
335
453
116
284
481
150
235
495
192
188
495
241
146
479
290
112
450
339
93
398
401
90
333
455
117
285
482
151
234
496
193
186
494
241
144
478
292
112
448
342
93
398
402
91
337
453
116
285
481
151
233
496
195
185
494
243
142
477
293
111
447
345
91
395
404
90
332
456
118
279
484
155
228
500
200
181
493
248
139
475
296
109
443
347
91
390
409
91
330
458
120
278
485
157
226
499
202
178
492
252
136
473
301
105
441
351
89
385
410
94
324
461
123
272
487
161
220
499
207
172
491
255
134
470
307
105
439
355
89
383
414
93
319
464
126
268
487
164
217
498
212
170
489
262
130
468
311
100
433
361
85
377
420
96
314
467
129
263
489
169
211
498
216
164
489
265
125
465
316
101
430
364
85
372
426
96
311
469
134
260
491
173
208
499
221
161
486
271
122
461
324
97
416
383
88
355
438
104
307
472
134
256
492
175
205
498
223
160
486
274
121
460
326
97
409
389
88
349
444
107
299
473
137
251
493
179
200
496
227
154
484
279
118
456
330
95
405
394
88
345
447
111
296
476
144
244
494
183
197
496
232
151
483
283
115
454
335
92
400
395
89
341
450
113
291
479
147
243
494
190
192
495
236
149
480
288
114
451
339
92
397
403
91
333
453
116
285
482
149
234
496
194
187
494
241
145
477
293
111
446
345
91
392
406
92
333
455
118
282
481
150
233
495
193
185
495
243
144
477
293
111
447
344
91
392
406
91
331
457
119
282
482
154
231
497
196
184
495
243
143
476
295
110
447
344
91
394
407
92
329
458
119
279
483
155
230
499
198
182
494
245
140
475
296
109
445
346
91
394
407
89
328
456
118
280
484
153
229
501
198
184
493
246
141
477
294
109
446
344
91
392
406
91
330
458
120
277
485
155
229
500
199
182
494
247
140
475
298
108
445
346
91
390
408
92
326
460
121
278
484
158
225
499
200
180
493
248
138
475
299
109
443
350
89
392
407
92
330
458
121
277
484
157
226
499
202
178
493
249
137
473
300
107
442
352
90
389
410
92
324
461
123
272
487
161
221
499
207
175
491
255
135
471
304
105
439
353
88
383
415
94
322
462
123
270
487
163
218
499
209
171
491
259
132
469
310
101
436
357
87
380
418
95
318
465
128
265
488
168
214
498
214
167
488
262
129
467
313
102
433
363
85
380
419
95
315
467
130
264
489
169
213
497
217
165
488
268
125
464
315
101
429
366
85
372
425
98
311
469
131
259
491
172
208
497
220
161
487
271
122
462
322
97
412
385
87
352
441
105
305
471
136
253
491
177
204
497
225
158
485
276
119
458
327
97
411
387
87
351
441
107
300
474
135
254
491
176
203
497
224
159
484
274
121
458
327
96
408
391
87
351
443
107
300
475
139
249
494
175
205
497
224
158
485
275
120
459
326
96
408
391
87
348
444
109
299
476
140
246
493
181
200
496
225
159
486
276
120
459
327
96
407
392
89
346
446
108
297
477
141
246
493
183
196
496
229
155
483
275
119
459
327
95
407
392
88
345
445
109
298
477
140
247
494
183
199
497
228
154
484
277
119
457
328
96
407
390
88
346
446
110
295
477
142
244
494
183
197
496
231
154
483
280
118
458
330
94
405
393
89
343
447
110
294
478
144
242
494
185
195
495
231
154
482
282
117
456
331
93
406
393
88
344
447
111
293
479
146
242
494
187
193
496
234
151
482
282
116
454
335
95
403
394
90
342
450
113
289
480
147
238
495
192
190
495
238
147
480
287
114
450
336
93
399
400
89
341
450
113
290
479
147
238
495
191
188
496
241
147
479
290
112
451
339
93
397
400
90
338
452
115
286
481
150
233
496
195
184
493
245
143
478
294
111
447
344
91
396
404
89
332
456
119
280
483
155
229
499
200
181
492
250
138
473
298
108
443
350
89
389
410
93
325
460
122
274
486
160
222
499
205
175
491
256
133
472
306
104
438
355
89
383
415
94
321
463
125
269
487
164
217
498
211
170
489
262
132
469
309
102
436
359
84
378
417
95
316
465
128
263
489
167
212
498
214
166
489
265
126
466
317
101
429
366
85
376
421
97
312
467
128
263
489
169
212
498
216
165
488
266
126
464
319
100
426
370
85
370
427
99
309
470
133
258
490
174
207
497
221
160
486
272
122
460
325
97
410
386
87
352
443
106
302
473
137
253
492
178
202
497
225
157
485
276
120
458
329
96
406
392
89
346
445
109
296
477
139
249
492
182
199
496
229
154
482
282
116
454
332
94
403
396
88
343
448
113
291
478
143
242
494
185
194
497
234
150
481
285
113
452
337
93
398
399
89
338
453
114
289
480
148
237
495
189
190
495
238
146
478
290
111
449
341
92
395
403
91
333
455
115
285
481
151
235
496
193
185
496
238
146
479
289
113
449
342
92
394
405
91
332
454
117
283
482
152
233
496
196
185
494
243
143
479
289
112
449
341
90
395
404
91
331
455
118
280
482
152
231
486
195
184
494
245
143
476
295
110
449
341
90
395
404
91
332
456
118
282
483
153
231
496
195
184
493
242
144
477
295
111
448
343
92
393
406
91
330
457
118
282
484
154
231
492
197
182
494
244
141
476
293
111
446
345
90
393
406
91
330
457
118
279
484
155
228
499
199
183
494
247
139
476
296
109
444
346
90
391
407
91
328
458
122
276
484
158
225
499
201
178
492
251
138
474
301
106
443
350
89
388
408
91
328
459
122
277
485
158
225
499
204
177
491
250
137
472
303
106
442
352
89
390
409
92
326
460
122
273
486
160
223
499
206
175
492
253
135
472
302
105
439
354
89
385
413
94
321
463
125
269
488
163
218
499
210
170
490
260
129
469
310
103
433
358
79
379
419
95
318
466
128
265
489
167
214
498
214
167
489
265
128
467
314
100
432
364
85
374
421
96
311
469
131
260
490
171
209
498
219
162
487
269
124
462
322
99
414
383
86
359
436
104
307
470
132
258
491
173
206
498
220
160
487
272
122
461
324
96
410
389
87
352
441
107
305
472
137
253
491
178
203
497
226
157
484
278
119
457
329
95
407
390
88
347
445
108
298
476
140
247
493
181
197
497
231
152
483
282
116
455
334
94
403
396
90
340
449
113
290
480
142
244
494
185
194
496
234
150
480
286
114
451
338
92
398
401
90
337
453
114
287
481
149
236
496
191
189
494
241
145
478
292
111
448
342
92
393
405
90
332
456
118
283
482
152
232
496
195
184
494
245
140
477
296
108
444
348
89
388
408
92
328
459
120
278
484
156
230
499
198
181
494
244
142
476
297
108
445
348
90
391
409
92
327
458
120
277
485
156
227
500
201
181
492
249
139
477
296
108
445
347
89
389
410
91
326
460
121
274
486
158
224
499
201
179
492
251
138
475
300
106
445
347
91
391
409
92
325
459
122
278
485
157
227
499
201
178
493
249
138
473
301
108
443
349
90
387
412
92
323
461
121
276
485
160
225
499
203
176
493
251
136
473
299
108
441
351
89
387
411
94
324
460
122
272
486
160
222
499
205
176
492
253
136
473
303
106
440
351
89
385
414
93
321
463
125
270
487
162
218
499
207
173
491
257
133
470
308
103
438
356
90
381
413
94
322
463
124
270
488
164
220
499
209
172
490
258
131
469
309
103
435
358
83
383
415
95
319
464
124
267
488
164
218
498
212
170
490
260
130
469
310
101
434
361
85
380
419
95
313
467
129
262
489
169
212
498
217
165
487
267
126
466
316
100
430
365
84
372
425
98
311
470
133
259
490
173
207
498
221
160
488
272
125
462
322
98
417
381
87
357
436
102
308
470
134
256
492
175
205
499
223
159
486
274
120
460
326
97
411
387
88
354
439
106
304
471
133
256
492
176
205
497
223
159
486
274
121
460
326
97
409
389
86
349
444
109
300
474
139
249
492
178
202
496
228
156
485
278
118
458
330
95
405
391
91
346
446
110
296
478
143
247
493
183
197
496
232
151
483
282
115
453
334
94
401
397
88
339
449
113
289
479
145
241
494
188
192
496
236
148
482
288
113
451
339
92
396
402
91
339
452
114
287
479
147
238
495
188
190
497
237
148
480
287
113
450
339
93
397
401
88
336
454
115
287
479
150
235
495
190
189
494
238
146
480
289
113
450
339
92
398
402
90
333
454
116
285
481
151
236
495
194
186
496
240
145
479
290
112
449
341
92
398
401
90
334
453
116
286
481
148
236
495
193
189
494
241
145
479
289
112
449
339
92
396
402
89
335
454
117
283
482
150
234
496
194
186
494
243
145
478
291
112
450
341
92
395
404
91
333
456
122
283
482
152
231
496
197
185
496
243
144
477
294
110
447
343
92
397
401
90
334
454
116
282
482
152
230
494
197
182
493
245
141
475
293
110
446
345
91
393
406
91
331
457
119
278
484
156
227
499
200
180
493
249
137
475
299
107
442
347
90
389
410
94
328
459
120
276
485
158
226
499
203
177
491
253
136
473
303
104
441
352
90
385
411
93
323
462
123
271
486
162
220
498
210
173
491
255
134
470
308
103
438
356
88
383
416
94
318
465
126
266
488
166
215
499
213
168
490
263
128
466
312
102
433
364
85
376
422
98
315
468
130
263
490
170
211
499
217
164
488
269
126
465
318
99
416
379
87
357
437
102
312
468
132
259
491
172
210
498
220
163
487
270
123
462
321
98
414
385
87
353
439
105
305
473
135
254
492
176
204
497
224
158
485
276
120
458
327
96
408
390
88
351
442
108
299
475
138
251
493
180
200
497
229
154
483
280
117
456
331
94
403
395
87
344
447
111
294
478
144
242
493
185
196
495
234
150
481
285
115
452
336
94
400
398
88
339
452
114
289
479
148
241
494
188
191
495
237
146
480
289
112
449
340
92
395
404
91
333
454
116
284
482
151
232
496
195
187
495
242
144
478
295
111
446
347
90
391
408
91
334
456
119
281
482
152
232
494
195
184
495
244
144
477
295
109
446
346
91
392
407
90
331
457
119
281
483
154
229
495
197
182
493
245
141
477
296
110
446
346
91
391
407
91
329
459
120
277
485
157
230
499
199
181
494
246
142
477
296
109
445
347
91
392
407
92
329
458
119
279
484
154
230
499
199
184
493
245
140
477
295
108
445
346
91
392
407
92
328
459
120
276
484
155
227
499
200
181
494
248
140
475
298
108
445
347
90
390
410
94
327
459
121
276
485
157
226
499
201
179
493
248
139
474
301
108
443
349
90
392
407
91
328
458
121
276
485
157
225
500
203
176
492
252
137
472
300
107
441
351
89
388
412
93
323
461
124
272
486
162
222
498
206
175
491
256
133
472
305
104
437
353
89
384
415
93
321
462
125
269
487
164
219
498
210
171
490
260
132
469
309
102
436
358
77
378
417
94
316
466
128
264
489
167
213
498
214
166
490
263
129
466
315
102
432
362
86
379
418
96
316
467
129
262
489
170
211
499
216
164
488
267
125
464
317
100
428
368
86
372
425
96
309
468
134
258
489
174
207
498
221
161
485
272
123
460
324
98
411
386
88
351
442
104
305
472
136
252
493
177
204
497
225
158
486
277
119
459
329
95
411
388
87
350
441
108
300
474
137
253
492
177
202
498
225
156
485
277
118
458
329
94
406
393
89
348
445
109
297
474
140
249
492
177
202
497
225
156
485
277
119
458
329
95
406
392
89
347
446
109
297
476
142
245
493
182
199
496
225
156
485
277
120
457
330
95
407
392
88
345
448
110
296
477
143
246
493
182
196
497
229
153
484
276
120
458
329
96
407
392
88
345
444
110
296
476
140
247
494
183
199
496
230
153
484
278
118
457
328
95
407
391
88
345
446
112
293
477
142
244
494
184
196
497
232
153
482
282
117
457
329
96
405
394
88
342
449
112
294
477
144
242
494
185
194
495
232
151
482
284
118
455
333
95
405
394
89
343
448
113
291
478
146
242
494
187
193
496
235
149
481
284
115
452
336
95
404
396
88
340
450
114
289
480
147
237
494
192
191
496
238
147
480
288
112
450
337
93
399
400
88
340
450
114
289
479
150
237
495
192
188
494
242
147
479
290
112
450
340
92
396
400
90
337
453
115
285
482
152
233
496
195
184
493
244
142
478
295
111
446
345
91
397
402
91
334
454
117
282
483
153
231
496
198
182
493
247
139
474
298
108
444
348
91
391
408
93
329
459
119
277
485
157
225
499
203
178
493
253
136
473
302
106
440
350
90
386
413
93
325
461
122
274
486
160
222
499
206
174
491
257
132
469
309
102
438
358
87
379
416
94
317
466
128
265
488
168
214
499
213
166
490
264
128
465
316
101
430
365
85
377
421
97
313
465
128
265
489
168
214
499
214
168
489
265
127
465
316
100
430
367
85
373
424
97
313
467
130
261
489
167
214
498
214
168
489
264
128
465
316
99
417
377
86
359
437
103
310
470
133
262
489
170
210
498
214
168
489
264
128
465
316
99
417
379
87
357
437
104
308
471
132
258
490
173
212
498
218
164
489
263
128
465
316
99
418
380
87
358
438
104
307
471
135
255
492
174
208
497
221
164
487
269
126
465
316
101
428
367
87
371
426
99
306
472
136
254
491
175
204
498
220
162
486
271
125
463
320
98
413
385
86
352
441
106
304
472
137
254
492
176
204
498
223
159
486
272
123
461
324
98
414
386
88
352
441
108
300
474
137
251
492
179
203
499
225
158
485
274
121
459
322
98
411
387
86
350
444
109
298
474
139
249
492
178
202
496
227
156
486
276
119
459
326
97
408
386
87
352
441
107
301
474
139
248
492
182
198
496
227
155
484
278
120
458
328
95
411
387
86
349
444
109
298
476
141
246
493
184
196
497
230
154
483
279
119
457
330
95
407
392
88
345
447
111
294
477
144
242
494
188
191
496
236
148
481
286
115
452
335
93
401
398
88
340
451
113
288
480
148
236
496
192
187
495
241
145
478
291
111
450
339
93
397
401
89
336
453
116
284
481
152
233
495
196
183
493
246
141
475
297
109
445
345
90
394
404
91
331
456
119
281
483
153
230
499
199
181
493
249
137
474
300
107
441
352
90
387
411
92
330
458
120
276
484
157
226
499
202
177
492
253
135
472
305
106
438
354
88
382
416
94
323
463
124
271
487
161
220
499
208
173
491
258
131
470
310
105
434
361
84
377
419
96
314
467
127
267
488
166
217
498
212
169
489
263
129
466
314
100
430
366
85
377
422
98
312
468
129
262
490
166
216
498
212
169
489
263
129
466
314
99
419
379
86
360
435
104
312
469
131
260
490
169
211
498
212
168
489
263
129
466
314
102
430
364
86
372
426
97
309
470
134
260
490
172
210
499
218
164
488
263
128
466
316
100
430
366
86
373
425
98
306
472
133
257
491
174
209
498
220
163
488
267
125
463
316
101
429
367
85
371
425
98
307
470
134
258
492
172
209
497
219
164
487
267
126
465
318
100
429
366
85
372
425
99
307
471
135
254
493
174
206
497
220
162
486
271
126
463
320
98
416
382
87
355
439
106
304
473
136
256
491
176
204
498
222
159
486
271
123
461
323
100
425
371
86
368
429
100
318
465
128
266
488
167
214
498
214
167
490
260
130
467
311
101
433
362
85
378
420
96
314
468
129
263
490
170
210
498
217
163
487
268
125
464
318
99
416
380
86
356
438
105
306
472
136
253
493
177
203
497
224
157
485
276
122
460
325
96
413
386
87
354
438
105
306
472
135
253
492
176
203
497
225
158
484
276
120
459
329
96
410
389
87
352
441
106
302
472
136
255
492
177
204
497
225
157
485
277
120
459
327
95
407
391
87
348
445
108
298
475
141
246
492
182
199
496
230
153
483
280
117
455
333
94
403
394
88
342
449
110
293
477
144
245
493
185
196
496
233
150
481
285
114
452
337
92
398
400
89
336
452
114
288
481
147
237
496
191
190
494
239
146
479
290
112
448
343
93
395
404
91
333
455
118
281
483
151
234
496
194
185
494
243
142
478
295
108
445
346
90
390
409
93
330
457
119
279
484
155
228
497
199
181
494
243
143
476
294
109
446
346
90
390
408
92
327
460
119
278
484
156
228
500
200
179
493
248
139
474
294
110
446
347
91
390
409
92
327
458
119
277
484
156
229
499
202
181
494
249
139
476
296
108
444
347
90
390
408
92
327
460
120
275
485
158
226
499
200
179
493
249
138
475
300
106
443
349
89
388
411
92
324
461
123
274
485
160
224
499
203
178
492
251
136
474
302
107
442
352
89
389
410
92
324
460
123
272
486
161
224
499
204
175
493
253
135
472
303
105
440
354
90
386
412
92
321
463
124
270
487
163
218
498
210
174
491
258
132
471
306
103
436
356
88
380
419
93
321
463
125
269
487
162
218
499
209
170
491
261
132
469
310
103
436
358
83
380
418
95
317
465
128
265
488
167
214
498
215
166
488
262
130
467
314
100
433
363
84
377
420
98
313
468
130
261
491
171
210
498
219
162
488
269
124
463
319
99
415
383
87
357
438
105
305
472
136
252
493
177
202
497
225
156
485
277
119
459
326
96
409
387
87
349
444
109
298
476
141
246
494
184
196
496
232
152
482
283
118
456
333
94
406
391
88
346
444
109
298
476
140
247
493
183
196
496
231
152
482
283
115
453
335
95
403
395
89
342
449
112
291
477
143
242
494
186
192
496
236
149
480
286
113
450
338
93
397
402
91
336
453
116
288
480
148
237
496
191
188
496
243
144
480
293
110
448
344
93
393
404
92
332
456
117
282
483
154
233
496
196
184
493
245
141
475
297
109
443
348
90
389
409
92
324
459
121
275
485
155
229
500
199
181
493
249
137
474
301
106
441
352
88
383
415
93
322
462
124
272
487
161
221
499
204
176
491
256
133
471
306
103
436
357
88
380
418
94
317
465
127
268
487
164
218
498
208
173
490
258
131
469
310
102
433
361
85
375
421
96
314
468
128
264
489
168
214
498
214
167
491
258
132
468
310
102
434
361
86
376
422
96
311
467
130
262
489
168
213
499
214
168
490
263
128
469
310
102
433
361
86
376
424
97
311
469
133
259
490
170
210
498
215
165
488
267
128
465
316
99
417
379
86
358
437
105
308
471
133
259
490
172
209
498
216
164
488
266
126
464
318
100
430
366
85
371
425
99
306
472
133
257
491
174
209
497
219
163
487
268
125
464
317
98
415
382
87
355
439
105
304
471
134
256
492
173
206
497
222
163
488
270
124
463
319
99
414
379
87
358
437
104
307
471
134
256
491
175
205
498
221
160
487
272
123
461
322
98
417
382
86
357
438
105
306
472
136
253
492
177
202
498
223
159
485
272
123
460
323
97
412
386
87
351
442
108
300
474
140
248
494
182
200
497
230
154
484
279
117
457
329
95
407
392
87
347
446
110
295
478
143
243
494
186
195
495
235
152
483
283
116
455
332
93
402
393
90
344
449
112
292
479
146
239
495
189
190
495
239
145
479
290
112
450
340
91
399
400
90
336
453
115
284
482
151
232
495
196
184
495
246
140
476
295
109
444
347
91
392
406
91
331
456
118
280
483
156
228
500
202
179
493
250
139
473
302
107
440
351
88
386
413
94
325
461
122
273
486
160
222
499
206
173
491
256
133
469
309
103
437
357
86
380
416
96
318
465
127
266
489
166
215
498
213
168
489
264
128
466
316
101
433
365
85
377
420
96
312
465
128
266
488
166
215
498
212
167
488
264
128
466
316
100
430
366
84
372
425
98
312
468
131
261
487
166
216
498
213
167
490
264
129
466
315
100
429
366
85
372
426
98
309
469
134
260
490
172
209
499
217
163
488
268
124
463
320
98
413
385
87
354
439
104
305
473
135
254
491
176
207
498
221
161
485
273
123
460
325
97
410
387
86
353
440
107
303
472
136
253
492
176
204
498
224
161
485
273
122
460
324
97
411
388
87
350
444
108
300
476
140
248
492
179
201
496
225
157
485
277
123
460
324
97
412
387
87
350
443
107
299
475
139
252
491
180
201
497
225
157
485
274
121
460
325
98
411
388
88
350
442
107
300
474
138
252
492
180
204
497
224
158
486
273
120
460
324
97
411
386
88
351
443
108
299
474
139
249
494
179
201
497
227
158
485
276
119
461
326
97
409
387
87
350
443
108
299
475
141
246
493
181
200
496
227
155
484
277
120
459
327
96
413
386
87
350
443
108
299
476
141
248
493
183
197
496
229
154
483
277
118
457
328
96
408
391
88
345
446
110
295
477
144
243
493
187
193
495
236
149
482
284
115
453
334
94
401
397
88
342
450
113
290
479
147
237
495
191
189
495
240
146
479
288
112
451
338
94
398
400
89
337
452
116
285
480
151
234
495
195
185
493
244
142
476
296
110
446
345
92
397
403
91
334
456
117
281
483
153
230
499
199
181
493
249
138
474
298
108
443
350
90
390
409
92
328
458
120
276
485
158
225
498
205
176
492
254
136
472
306
105
437
354
89
383
415
93
321
463
126
269
487
164
219
498
211
171
489
261
130
468
312
101
433
360
85
376
420
95
314
467
130
262
489
170
211
497
218
163
488
267
125
464
318
98
417
382
86
360
435
103
309
467
129
263
489
168
212
499
216
164
489
267
124
464
319
98
415
384
87
357
439
105
307
471
134
256
490
173
208
498
220
162
486
271
123
461
322
98
412
386
87
353
441
105
303
473
137
252
492
177
203
497
225
157
484
277
120
458
328
98
408
391
88
345
446
110
296
477
142
248
494
184
200
496
228
154
483
280
117
456
332
94
404
396
89
346
447
110
294
477
142
244
495
183
197
495
232
154
483
280
118
455
332
94
404
396
89
343
448
112
294
477
142
243
494
185
194
497
231
152
482
283
118
456
332
96
404
395
88
340
451
112
292
478
146
243
495
188
194
496
234
149
482
282
116
453
335
95
404
395
88
341
447
112
292
478
143
243
494
187
194
497
233
150
482
284
117
454
331
94
404
395
89
341
449
113
289
478
146
240
495
186
194
496
235
150
481
285
115
453
334
94
402
397
89
339
451
115
290
480
148
241
494
188
191
495
235
148
480
287
115
452
336
93
404
396
89
341
449
113
290
478
148
238
495
191
189
495
237
146
480
287
113
451
338
93
400
399
89
336
453
115
285
481
151
233
497
195
187
494
242
144
478
290
112
447
341
91
396
403
90
335
454
116
283
482
151
232
494
196
182
493
246
141
476
297
110
446
345
91
391
405
92
331
457
119
278
484
156
227
499
201
177
493
249
138
473
301
107
443
349
90
392
408
93
329
459
120
277
485
157
225
500
203
177
491
254
135
472
303
105
439
354
89
385
414
93
323
461
124
271
486
162
221
498
208
172
490
259
131
470
310
103
434
359
80
378
421
96
317
466
128
266
489
168
214
498
214
167
489
265
126
465
316
100
430
366
84
371
424
97
309
470
133
256
491
173
206
498
221
159
486
273
121
461
324
101
424
374
86
367
430
99
301
472
138
252
492
178
202
497
226
158
484
277
119
457
328
96
407
393
87
346
446
110
299
475
140
247
494
182
197
497
231
152
483
283
116
454
334
93
401
396
88
342
449
112
292
478
145
243
494
186
194
495
236
149
480
286
113
451
338
93
397
402
89
334
453
115
286
482
147
238
494
191
189
494
240
145
478
292
111
447
344
91
393
406
91
331
455
118
280
482
152
231
487
195
184
495
245
140
476
297
108
443
349
89
389
410
92
327
459
121
277
484
158
227
499
200
180
493
249
138
473
301
107
441
355
89
384
412
94
323
462
122
273
487
161
223
499
204
176
493
249
137
474
301
105
441
353
88
383
415
94
321
462
124
270
488
161
221
499
207
176
491
254
134
473
302
105
440
354
89
384
414
95
320
464
125
268
488
163
219
498
207
174
490
257
134
472
307
103
440
354
89
384
414
94
320
464
127
270
486
163
219
498
206
173
491
255
133
471
307
105
437
356
89
381
417
94
318
466
126
267
488
166
219
498
210
171
492
258
132
469
307
104
435
359
88
381
417
94
317
466
128
264
489
166
216
498
212
171
489
260
130
470
310
101
434
359
83
379
419
96
314
467
131
261
491
169
210
498
216
166
488
266
129
465
315
100
433
364
84
373
420
95
312
468
132
261
489
171
210
498
217
164
487
266
126
464
317
100
429
366
84
376
422
98
310
469
133
258
491
172
207
498
220
160
487
269
124
462
318
100
427
369
85
370
427
99
305
471
136
254
491
177
204
496
225
158
485
276
120
460
324
96
408
387
87
350
443
108
299
475
140
247
494
183
198
496
231
152
482
282
116
455
333
94
408
390
87
345
444
108
299
475
140
247
493
182
197
496
231
152
482
282
116
454
334
94
402
396
89
344
448
110
292
478
144
241
495
187
192
497
235
148
480
288
113
452
339
92
397
401
90
336
453
115
290
479
148
238
494
190
189
494
240
145
478
292
111
447
343
92
394
404
91
332
456
116
284
482
152
233
496
195
185
494
245
141
477
296
108
445
347
90
388
410
92
325
459
120
277
485
155
229
499
199
180
492
250
138
474
301
107
440
352
90
385
415
92
323
461
123
271
486
160
224
499
204
175
492
253
134
471
305
104
438
357
88
380
418
94
319
465
128
269
487
163
217
498
208
172
490
257
131
468
310
102
433
361
86
377
419
95
314
467
128
265
489
167
216
499
212
168
491
258
132
469
309
103
434
360
85
376
422
95
311
468
129
262
489
168
213
499
215
169
489
263
128
469
309
103
434
361
85
377
421
96
312
468
131
260
490
169
213
498
214
166
490
264
128
466
314
100
435
360
85
377
421
96
312
468
131
264
488
170
212
498
213
167
489
261
129
467
314
102
432
363
85
375
423
96
310
470
131
261
490
171
212
498
216
166
489
264
128
466
314
100
431
365
85
375
422
98
310
470
133
258
491
171
210
497
219
165
488
266
126
465
316
99
417
378
87
359
436
104
307
471
133
257
492
175
207
497
220
161
487
271
123
462
321
97
416
382
86
354
440
106
303
474
137
251
492
179
201
497
224
158
486
273
120
460
325
97
411
386
88
351
445
108
299
476
141
246
493
184
196
497
231
151
483
282
117
455
330
96
405
394
88
345
447
109
294
477
143
242
494
186
192
496
235
149
481
286
113
453
335
94
402
396
88
341
450
113
289
479
149
237
494
192
188
494
241
145
477
293
112
448
341
92
399
400
90
337
453
115
284
482
150
233
496
195
183
495
245
141
476
295
109
445
346
91
393
406
91
332
456
119
280
483
155
227
498
200
179
492
250
138
473
302
106
440
351
90
386
413
91
325
461
122
274
486
160
222
498
206
174
491
257
132
469
308
102
436
357
87
379
416
94
317
466
127
266
488
167
214
499
215
167
490
264
128
465
316
101
430
364
85
377
422
96
313
465
128
264
489
167
216
499
214
168
489
265
127
465
316
100
429
367
85
373
425
97
311
468
132
258
490
170
210
497
216
164
487
268
125
463
320
98
415
383
86
355
439
104
307
471
135
256
492
173
205
497
223
159
486
273
120
461
325
96
409
389
88
348
443
107
300
475
139
248
493
181
202
496
228
156
484
278
119
457
329
95
405
392
89
347
445
110
297
476
140
248
493
180
199
497
229
156
485
277
118
457
329
95
405
393
88
346
447
112
296
477
142
244
492
183
197
496
228
155
483
280
118
458
329
95
405
394
88
343
447
109
295
477
143
245
494
184
195
497
232
153
483
279
118
455
333
96
407
393
88
344
446
110
295
477
141
246
494
184
197
497
231
152
482
280
117
456
329
