436
144
457
124
467
125
453
144
250
354
227
378
88
479
94
458
138
440
160
420
182
206
398
181
421
80
467
124
452
330
249
358
222
496
85
479
97
454
329
251
356
224
497
85
480
96
279
328
250
358
220
387
192
412
168
437
143
456
124
471
109
485
96
205
398
180
423
81
468
125
452
145
433
168
409
195
382
224
354
251
327
278
301
303
111
483
100
490
158
419
183
394
400
182
423
156
479
95
455
141
253
351
228
377
204
401
180
423
158
444
136
463
119
475
105
488
95
205
401
179
425
82
468
123
454
142
437
162
416
186
393
209
370
233
344
260
320
284
122
474
108
485
142
436
163
415
375
205
400
180
492
82
469
122
283
323
256
349
231
373
208
397
184
420
161
439
142
459
122
474
108
451
144
434
167
224
381
200
405
85
477
108
466
470
111
483
99
498
84
477
108
466
306
272
334
246
491
90
492
81
469
122
455
142
436
164
414
189
389
403
178
427
154
480
98
452
145
250
353
225
381
87
480
96
455
139
438
161
418
185
206
398
182
422
81
468
123
454
328
250
355
224
418
183
396
206
372
233
344
262
318
286
292
313
265
340
240
366
212
498
85
480
101
312
294
283
322
101
490
93
495
82
470
119
458
138
256
350
230
375
88
479
90
460
319
261
344
234
371
207
398
182
421
158
444
136
463
118
478
102
489
155
422
179
399
396
184
420
158
480
96
453
144
100
492
91
490
80
468
124
454
144
251
354
226
379
88
480
92
457
138
440
159
418
185
392
212
365
239
153
447
133
463
111
464
131
447
336
244
363
216
497
86
481
99
451
146
432
169
409
194
384
221
357
434
146
454
126
469
121
455
141
256
350
228
377
89
480
91
458
137
440
161
416
185
394
210
368
236
158
442
138
461
109
465
128
450
329
249
357
223
497
87
479
97
454
143
434
166
413
189
390
215
364
426
155
444
136
476
110
465
128
271
333
247
358
92
491
81
468
124
454
143
436
164
227
377
203
401
85
479
105
469
295
282
323
257
488
94
496
86
476
109
464
130
448
334
244
360
221
496
87
480
93
459
139
439
160
420
180
398
207
372
232
346
259
320
460
120
475
106
450
149
428
172
219
387
191
413
84
474
113
461
135
442
156
421
181
395
208
372
232
346
259
319
286
122
473
108
486
144
433
166
412
381
199
404
176
489
81
467
124
277
328
251
354
226
380
198
406
172
430
150
451
129
467
115
479
102
443
155
422
180
212
393
186
418
82
471
117
459
477
104
487
95
496
85
477
109
466
305
272
332
247
492
90
490
82
468
125
452
145
433
165
413
189
391
400
180
422
156
480
96
455
143
251
353
224
381
87
480
94
455
141
436
162
416
185
203
400
179
424
81
467
126
451
331
247
359
219
416
187
392
211
368
237
341
265
311
295
283
324
254
351
226
379
200
495
84
477
109
301
303
275
330
99
498
85
479
106
469
124
454
144
252
354
225
378
87
480
90
459
319
263
343
235
370
209
395
185
420
158
444
137
461
119
477
104
488
152
428
172
407
386
192
412
167
480
88
461
136
104
488
93
496
84
472
116
460
135
262
343
236
367
87
482
84
464
131
447
152
428
173
406
198
381
224
168
433
147
452
102
471
118
459
321
259
345
235
495
89
482
84
463
131
447
150
430
173
406
198
381
411
168
434
147
481
102
471
117
287
318
261
345
95
496
84
474
113
463
132
447
152
426
174
405
198
190
412
168
433
85
461
134
445
341
236
369
209
497
84
480
102
470
118
459
136
442
158
422
179
399
395
184
418
161
480
93
457
139
256
349
229
375
178
402
203
376
228
351
253
325
282
297
306
273
333
244
358
223
381
86
479
94
457
322
256
351
228
496
88
480
92
457
321
256
351
233
495
88
480
87
462
134
443
154
426
177
403
201
379
226
353
253
325
454
126
471
108
453
144
434
166
223
383
195
407
84
474
112
462
132
444
157
424
179
400
204
374
234
344
263
317
291
118
478
104
487
152
425
177
401
391
190
415
165
481
88
460
135
261
344
235
371
208
396
183
420
160
441
138
461
120
475
106
486
94
203
401
178
425
81
467
125
451
147
432
167
410
193
385
219
360
246
333
273
305
302
113
482
99
497
200
379
227
351
437
143
457
123
467
125
452
143
250
356
221
383
195
410
168
435
145
455
125
472
108
486
97
495
85
324
282
296
312
127
450
147
431
173
405
198
380
225
352
256
322
284
293
315
263
346
94
496
83
471
293
284
325
254
490
92
494
82
469
299
277
330
248
492
89
486
82
463
131
444
154
422
181
395
210
368
238
338
269
306
468
113
482
98
212
394
184
421
82
469
122
454
143
435
165
412
193
385
219
358
248
329
278
298
307
110
484
97
495
208
370
235
341
444
138
463
117
293
313
264
342
235
370
210
394
184
420
160
441
139
460
122
476
105
448
150
429
170
218
387
193
411
84
473
114
461
315
262
343
234
494
88
480
88
461
315
262
344
234
495
88
480
88
459
137
441
159
419
185
392
212
365
241
335
273
305
467
112
483
99
211
395
182
422
81
468
125
451
148
430
172
405
200
378
227
351
253
324
281
297
309
110
484
97
497
208
369
236
340
446
133
466
114
291
314
264
342
235
369
212
393
186
418
161
439
140
459
120
475
105
449
148
430
172
217
388
191
414
84
472
117
460
318
261
344
234
495
88
480
93
456
325
255
351
228
495
88
480
95
455
142
435
167
411
191
387
217
361
245
332
275
305
467
112
482
99
213
391
187
416
82
470
121
457
141
436
167
410
193
384
221
355
251
325
283
294
313
104
487
93
496
219
357
249
328
454
124
473
108
276
331
246
361
217
389
187
417
161
442
137
462
118
478
102
489
93
192
412
167
436
88
459
137
439
489
92
494
82
470
295
283
323
254
491
91
493
80
306
301
276
333
245
361
218
388
191
413
165
438
142
460
120
476
105
446
152
424
178
209
396
182
422
81
466
126
448
484
98
497
85
477
280
298
310
268
485
95
495
85
317
292
285
324
255
353
223
383
195
410
167
437
142
459
121
475
106
447
153
423
179
210
396
182
422
82
468
124
452
482
99
497
86
479
276
302
305
272
485
97
496
85
326
281
297
310
269
336
243
363
216
390
191
413
165
437
142
458
122
467
126
450
148
246
358
220
386
86
480
98
450
149
428
173
404
200
376
230
347
259
137
464
117
479
134
443
157
419
374
202
404
172
482
86
461
136
259
348
230
377
198
407
170
434
144
458
120
477
104
489
94
495
81
130
469
111
483
142
434
169
407
197
379
227
349
257
318
290
287
320
256
353
222
386
87
482
103
470
297
278
331
246
492
90
486
85
462
133
442
161
416
377
201
407
172
482
86
462
137
260
346
230
377
87
480
96
454
146
247
362
215
392
85
481
103
469
300
276
333
242
492
90
482
87
460
137
439
161
416
377
200
405
171
483
84
463
135
261
347
229
379
183
393
214
362
246
330
279
297
311
265
343
236
371
207
399
177
426
82
465
131
445
342
234
372
205
499
85
476
111
462
135
440
162
417
187
388
218
357
249
327
280
296
473
108
485
96
202
405
172
432
86
462
135
441
159
417
186
390
217
358
248
328
278
124
474
107
486
149
428
176
400
393
186
420
158
480
98
452
145
98
498
85
477
109
296
311
266
342
93
495
83
470
297
280
325
254
353
223
382
195
409
169
435
142
459
122
477
104
489
157
419
185
392
401
176
428
151
481
101
471
120
282
325
250
358
92
487
81
463
132
445
157
419
186
202
403
174
431
85
461
136
440
351
225
383
194
388
219
357
250
325
283
292
315
264
344
233
375
201
403
174
429
148
481
105
469
124
276
332
246
360
90
486
83
465
131
445
156
421
181
395
211
365
242
335
273
303
305
110
485
96
495
213
365
242
335
450
130
468
111
280
330
247
360
216
391
186
419
158
444
134
467
113
482
99
497
85
322
288
287
320
103
489
92
491
81
467
128
445
156
235
372
202
404
86
475
113
460
320
256
353
223
496
86
481
101
470
122
454
144
431
362
217
388
189
494
81
467
125
273
336
240
370
87
480
91
457
143
249
359
219
389
85
482
103
470
299
276
332
245
493
89
482
86
460
138
437
163
411
383
193
413
166
480
92
456
143
249
359
217
388
193
382
226
349
259
316
292
283
325
251
357
219
388
188
417
160
442
96
450
150
426
367
208
399
177
487
82
464
135
440
160
414
193
382
225
351
257
318
293
282
327
247
492
88
483
88
119
478
102
491
90
490
81
465
132
266
345
230
377
87
481
97
451
150
427
176
399
207
370
237
340
267
133
467
112
483
143
436
168
409
388
189
417
160
480
98
450
150
96
496
84
471
118
282
327
251
356
90
486
83
464
312
267
338
238
369
207
399
179
424
155
448
131
468
112
482
98
495
212
364
243
333
453
127
472
108
451
148
428
176
88
481
88
460
138
257
351
226
383
86
481
99
449
336
240
369
209
398
180
425
152
451
129
468
111
484
97
495
86
475
286
292
315
262
446
153
423
178
397
208
368
238
339
268
308
299
277
329
248
357
220
497
85
481
100
314
293
285
323
101
492
91
491
80
466
126
450
148
244
363
216
389
84
480
104
469
299
278
329
249
493
91
490
81
467
305
272
336
240
495
89
481
89
116
479
100
490
92
492
80
467
126
274
332
245
361
90
487
83
464
132
444
157
419
185
392
213
363
243
150
450
130
469
121
455
141
437
351
226
379
200
495
84
476
112
124
473
107
486
96
497
84
474
116
288
320
258
349
92
494
82
470
125
453
145
433
168
407
198
377
230
161
443
136
465
115
459
140
438
353
223
383
195
495
83
472
116
116
481
101
490
92
488
82
465
130
265
343
233
374
86
479
96
452
147
429
173
404
203
372
236
341
269
129
470
109
484
146
429
174
401
394
183
423
153
481
102
470
122
280
332
244
364
89
483
87
460
137
439
163
413
190
196
411
168
435
90
457
141
435
356
220
390
188
382
224
351
256
319
288
288
321
256
350
227
381
195
411
166
440
139
475
111
462
136
258
351
224
383
85
480
98
449
151
425
177
400
207
367
239
337
271
303
305
270
339
96
496
83
471
466
114
481
102
492
90
486
84
463
313
263
345
231
496
88
480
97
451
149
426
179
394
214
360
247
329
456
123
476
103
445
155
420
185
201
406
170
435
92
456
145
431
492
89
483
89
458
323
253
357
217
497
84
480
106
302
307
271
339
96
496
83
470
122
276
331
244
364
88
479
92
456
481
99
495
85
472
293
280
330
247
492
88
482
87
288
322
257
353
222
386
189
418
159
445
133
467
110
484
96
496
84
138
464
115
481
140
436
168
407
199
376
232
342
269
304
304
271
337
238
371
204
404
85
475
115
459
322
252
358
216
497
86
480
107
465
131
444
159
415
191
384
225
350
261
312
299
275
484
96
495
84
132
468
110
486
94
495
82
469
127
269
339
234
377
86
481
101
470
302
272
337
237
373
202
405
171
435
142
461
117
480
101
491
90
484
242
335
275
297
475
104
489
92
373
237
338
273
303
309
266
343
232
377
197
409
167
438
139
464
114
459
139
435
168
218
391
185
421
81
464
133
442
489
92
490
82
463
315
260
350
224
497
85
481
104
301
309
264
346
92
491
81
466
131
262
346
228
382
87
481
101
468
304
270
341
233
497
87
481
99
447
154
422
184
389
408
167
438
138
475
115
457
143
248
363
211
398
86
478
112
462
138
437
167
410
197
376
233
341
270
304
307
266
345
93
494
80
467
309
264
346
231
379
196
411
165
440
137
464
113
483
97
495
84
472
295
280
332
242
493
88
480
93
454
331
244
366
209
498
84
475
114
289
322
252
359
90
485
85
461
137
438
168
407
199
188
421
156
450
102
469
124
451
336
238
370
206
498
85
474
115
458
139
435
169
406
200
374
235
338
272
303
307
267
487
95
496
81
130
470
109
486
149
426
180
394
213
363
243
334
274
300
308
267
342
232
376
198
409
84
472
121
453
332
242
365
212
499
85
479
108
464
134
442
160
417
187
389
220
356
436
140
461
117
463
134
442
160
228
381
194
413
82
470
120
454
332
244
364
212
396
180
425
153
449
128
471
108
486
95
496
81
468
303
272
339
237
426
179
397
210
364
245
330
278
297
315
260
351
224
385
191
417
160
481
99
449
153
236
373
202
406
85
473
117
457
142
432
173
401
206
369
240
334
276
299
310
265
344
93
495
81
468
469
110
486
96
495
82
469
125
448
337
237
372
203
497
87
475
114
289
320
256
352
222
385
190
417
159
445
132
467
111
484
96
496
83
311
299
277
332
97
496
83
471
121
280
330
245
363
88
481
90
459
480
100
492
89
483
87
460
139
435
355
220
389
186
493
81
467
128
269
340
236
373
201
405
172
433
144
458
120
478
103
490
91
490
81
298
313
262
347
94
493
81
467
126
270
340
236
372
87
479
96
452
484
97
496
84
473
291
284
324
251
491
91
487
83
294
315
260
349
226
381
196
412
165
440
138
464
116
481
99
496
85
140
461
117
480
137
438
164
411
193
382
226
348
259
315
294
281
329
245
364
213
394
86
479
108
466
309
266
342
233
495
86
480
97
453
147
428
176
399
396
180
425
152
481
104
469
127
269
339
235
375
86
480
98
448
156
421
184
391
219
356
253
321
289
117
479
100
492
166
408
199
377
419
156
447
132
471
119
456
144
250
360
215
393
86
481
107
466
131
444
158
418
189
384
224
351
256
140
463
117
479
136
438
166
412
383
192
415
161
480
97
449
152
424
180
394
212
363
246
330
278
296
314
260
350
225
496
86
481
103
307
303
271
339
96
496
81
469
124
451
149
426
177
211
396
180
425
81
466
128
447
337
238
370
206
498
85
477
112
462
135
440
162
412
194
380
228
346
444
133
466
112
456
143
433
169
218
389
186
420
82
468
127
448
153
424
179
397
211
364
243
332
276
299
309
266
342
96
496
82
470
297
278
332
243
365
211
397
179
427
151
452
126
472
106
488
94
494
226
348
262
314
465
113
483
97
397
212
365
244
333
277
298
312
264
346
231
377
199
407
169
433
144
478
108
464
132
265
344
231
378
87
481
95
451
150
425
179
396
211
365
242
333
276
125
472
108
486
149
427
177
399
397
181
425
152
480
103
469
122
276
331
244
363
88
481
90
457
142
250
358
216
392
85
479
106
466
310
267
341
234
495
89
479
96
451
149
426
178
397
400
177
428
149
481
105
467
127
272
336
239
368
89
480
93
455
144
431
174
401
205
182
423
156
448
102
471
121
453
331
243
364
210
498
85
478
111
121
476
104
490
92
490
82
466
129
268
339
236
373
88
480
96
450
150
427
178
399
211
365
244
333
277
124
473
107
487
150
425
180
395
401
177
429
149
480
103
468
124
273
335
241
367
88
480
92
456
144
433
170
405
202
184
422
155
448
100
471
121
453
330
246
364
213
498
86
478
109
462
136
440
162
413
193
381
227
348
260
314
295
280
481
100
492
89
365
243
331
278
123
475
106
488
155
420
184
391
216
358
251
323
285
290
319
256
354
222
385
191
415
81
468
127
449
337
238
371
204
498
85
474
116
459
140
436
169
407
199
375
231
344
263
312
296
280
482
98
496
86
141
460
118
478
101
491
91
490
81
464
133
444
160
229
377
198
409
84
470
120
454
144
433
171
407
200
378
230
346
262
317
291
285
323
101
491
91
487
238
338
272
305
471
108
486
95
496
84
472
118
456
327
248
361
215
497
85
479
108
301
311
266
346
94
495
81
467
126
269
340
236
374
86
480
99
448
339
236
374
202
406
171
435
143
459
118
479
100
492
89
484
85
459
322
252
358
216
408
198
377
232
343
264
309
301
274
336
238
370
205
402
173
433
144
479
107
465
130
266
343
234
373
88
479
97
451
149
427
177
397
209
366
241
334
275
299
310
265
344
93
494
81
467
471
108
486
94
495
82
469
126
450
336
239
370
205
498
86
477
112
292
318
256
353
222
386
190
417
158
445
133
466
113
482
96
495
86
320
290
285
324
100
492
89
485
85
460
139
436
166
220
387
189
417
80
466
127
448
338
237
371
209
498
85
476
113
461
135
441
162
412
382
194
413
164
479
95
453
146
247
360
216
393
85
481
102
468
125
449
150
426
177
398
208
367
240
153
452
128
471
123
454
145
431
359
216
390
186
494
82
468
125
449
150
427
177
399
208
367
240
336
273
302
307
269
486
96
495
85
138
462
118
479
317
259
348
229
378
198
408
171
433
144
457
121
476
104
489
92
494
227
348
261
313
466
114
482
100
436
166
408
196
190
416
161
443
98
451
149
426
179
397
209
366
243
151
451
128
470
123
453
148
430
363
213
393
184
493
80
466
130
267
343
233
375
201
405
171
433
144
457
121
477
102
489
92
492
80
127
472
107
487
149
426
176
398
208
367
241
334
276
301
310
265
345
231
377
199
406
85
474
116
458
325
255
356
222
497
85
481
102
469
124
450
150
424
180
395
212
364
244
333
274
300
473
107
486
96
199
409
170
437
91
457
141
435
169
407
197
379
228
349
258
317
291
118
480
101
492
162
414
188
389
407
169
434
146
480
106
466
130
267
340
234
374
88
480
96
451
148
429
175
401
206
182
423
154
448
101
471
121
454
330
245
364
212
498
86
479
109
463
133
442
159
417
187
389
217
358
251
324
285
291
477
102
490
91
187
419
158
446
99
447
153
425
181
395
212
364
244
331
279
294
315
261
348
228
380
86
481
100
472
295
281
329
248
493
89
483
85
460
138
437
164
411
385
192
413
164
479
92
456
142
251
357
220
388
192
385
221
355
252
326
284
293
316
261
346
232
376
200
406
171
433
87
460
138
438
352
225
383
193
495
81
468
125
451
149
426
179
396
211
362
246
328
281
293
315
260
489
92
493
81
129
470
110
485
94
495
83
471
121
277
331
244
365
89
481
88
458
140
435
168
407
199
374
233
342
265
132
467
113
482
142
434
169
404
390
186
419
158
480
100
471
120
281
329
248
361
90
484
87
461
136
439
163
413
192
196
411
165
439
93
454
146
429
364
211
396
181
376
230
345
265
311
297
278
330
246
362
213
393
183
424
153
451
128
469
125
451
151
240
368
209
398
85
478
110
463
316
259
350
224
497
86
481
101
468
124
451
146
429
366
211
396
179
488
83
462
136
258
351
224
385
85
481
101
471
121
452
147
428
174
400
208
367
240
151
453
124
474
128
446
156
420
375
201
406
170
481
89
458
141
434
169
406
200
374
233
343
266
309
299
275
333
242
494
89
480
92
115
482
98
495
85
474
114
459
140
254
355
220
386
86
481
101
469
302
273
336
239
428
176
398
209
364
245
330
280
295
315
258
352
223
384
190
417
160
479
99
447
156
232
378
196
412
83
470
124
451
151
424
182
392
217
356
256
320
291
282
329
246
365
90
481
91
454
483
97
495
84
471
295
282
330
244
492
90
481
92
282
329
246
362
213
395
182
426
149
453
125
474
105
489
92
493
81
128
472
108
487
155
419
188
388
219
354
256
316
295
278
333
240
368
205
402
172
434
90
456
143
432
362
214
394
182
489
81
463
134
439
165
410
197
378
232
343
267
308
301
275
334
238
494
88
480
97
110
485
95
495
82
469
125
450
151
235
373
201
405
84
472
119
456
328
246
364
211
397
178
429
148
454
123
474
104
489
92
490
81
464
315
260
351
223
497
85
481
105
466
130
443
159
414
191
383
224
349
442
134
466
112
454
146
428
178
207
402
173
432
88
458
140
435
171
403
205
371
238
336
275
298
312
261
348
226
384
85
481
103
469
305
269
339
236
496
87
481
100
471
122
452
148
426
179
394
214
361
247
326
283
290
476
102
490
90
183
425
150
453
105
468
127
448
342
233
376
198
410
166
439
138
464
114
483
97
495
213
359
251
323
460
118
480
99
210
399
175
431
87
458
141
433
172
400
210
363
247
327
284
290
321
101
491
90
485
242
330
280
294
477
103
490
91
486
85
459
140
436
358
217
393
183
491
81
463
135
256
356
219
392
199
374
236
339
270
303
308
266
345
229
378
196
413
161
444
132
469
123
451
152
422
373
200
409
165
480
97
450
151
238
373
201
408
85
473
120
454
145
429
176
398
209
177
430
146
456
108
464
135
441
351
223
386
187
494
80
465
134
265
343
230
379
195
411
165
438
138
464
115
481
98
495
84
472
120
277
333
241
369
176
398
208
367
243
331
280
295
314
261
351
223
385
190
417
160
445
99
446
156
418
380
196
412
164
481
97
450
152
421
186
387
222
351
259
313
298
275
336
236
374
198
495
84
470
123
275
335
239
371
88
480
94
451
148
426
179
396
212
174
432
144
459
109
463
134
440
350
223
385
190
495
81
468
127
446
155
419
187
388
220
354
253
320
291
283
326
247
493
89
482
89
116
481
98
495
85
473
118
457
142
249
361
213
395
86
479
109
463
316
260
351
224
496
84
479
107
464
132
440
164
409
388
188
420
154
480
103
468
127
267
345
229
380
86
481
103
468
303
270
339
234
375
201
407
169
436
141
462
118
481
99
497
86
474
290
284
325
248
435
169
405
201
373
235
337
273
301
308
266
344
228
380
195
412
163
481
99
449
152
238
373
203
403
84
473
119
456
145
430
177
397
211
363
246
327
283
293
317
258
353
91
487
82
463
474
104
489
92
491
81
464
134
440
350
223
385
189
494
81
467
128
273
335
239
370
206
401
174
432
145
457
121
476
103
490
90
488
83
121
476
103
490
163
410
196
379
495
81
467
127
447
155
419
186
389
218
356
255
320
461
117
481
99
212
396
178
428
84
462
137
438
166
409
197
378
231
342
267
307
302
110
485
95
496
223
351
258
316
464
112
483
97
496
84
471
122
451
336
236
372
202
496
84
471
125
279
333
241
367
88
480
96
454
148
426
179
394
214
173
435
141
461
112
461
138
436
357
217
393
183
491
81
463
134
439
165
408
199
378
232
342
269
306
306
270
341
234
495
87
481
101
309
301
272
340
95
495
80
466
130
445
157
418
187
200
410
167
440
95
451
149
425
371
203
406
168
480
93
453
146
428
178
396
211
363
247
327
283
289
478
102
492
90
179
429
146
456
108
465
132
442
348
227
382
194
415
160
445
133
468
110
486
94
496
224
351
260
314
464
116
481
99
398
211
364
247
87
459
142
433
174
402
207
367
243
330
277
297
313
104
489
94
493
231
345
264
310
469
111
484
96
496
83
470
122
452
334
241
367
209
498
85
476
112
287
324
251
360
168
405
202
372
237
336
274
300
311
263
346
228
382
195
413
164
442
97
449
151
424
370
204
404
173
482
88
457
142
432
173
401
206
368
241
334
277
296
313
261
348
228
496
87
481
103
305
303
272
337
94
496
84
469
126
448
153
422
183
202
406
171
434
90
456
143
433
359
216
393
184
378
231
344
265
310
300
274
337
236
372
203
405
171
435
141
461
121
463
136
438
166
222
387
188
419
82
467
129
445
341
233
375
200
495
85
474
117
457
142
434
169
405
391
185
421
156
481
101
470
121
278
332
246
364
89
482
88
458
140
434
170
406
200
374
236
339
269
127
472
107
487
152
423
183
391
404
174
433
144
479
108
465
130
266
343
232
375
87
479
98
450
151
241
365
211
396
85
478
106
466
311
264
345
230
496
87
481
100
471
121
452
148
427
177
397
209
366
426
150
453
124
468
126
449
151
238
370
205
401
85
476
114
461
136
438
165
410
195
380
225
350
260
314
294
282
327
98
497
86
476
287
289
319
256
490
91
488
80
463
311
264
345
230
495
87
479
97
451
146
428
176
400
206
370
237
340
269
307
302
275
484
96
495
85
138
462
118
479
136
438
164
413
192
385
220
355
253
323
286
291
317
259
350
227
380
86
479
98
451
485
97
496
83
470
297
276
333
243
493
88
480
90
282
326
250
358
218
390
186
421
157
447
132
470
109
485
97
496
83
136
466
113
482
142
434
168
407
198
376
232
343
266
309
301
272
337
240
368
208
398
85
477
110
463
316
260
348
227
497
87
481
100
472
123
456
143
433
169
405
201
376
231
345
262
313
465
114
481
98
208
397
183
425
82
465
132
446
156
418
187
390
217
356
253
320
289
118
479
101
491
162
416
189
389
405
174
430
148
480
104
467
128
271
338
237
371
88
480
93
455
144
431
172
403
205
183
422
154
449
101
471
120
456
328
249
358
219
497
85
481
101
470
121
454
145
431
173
403
203
371
236
339
271
304
470
110
485
96
201
405
174
431
85
461
136
439
163
414
191
385
222
353
255
320
287
289
319
258
351
92
492
81
466
471
109
486
97
496
85
471
118
456
327
248
360
216
497
84
480
103
308
300
275
334
242
365
210
396
181
422
154
448
132
468
112
484
98
394
211
364
243
148
454
125
472
125
450
149
425
365
211
395
182
492
81
468
127
449
151
425
179
397
398
181
423
154
481
101
470
121
281
328
248
358
90
488
84
463
133
442
158
419
185
390
217
361
246
147
453
125
472
126
449
152
425
368
207
400
177
487
81
464
132
445
156
423
182
395
210
366
241
333
274
301
306
269
486
93
495
82
133
467
112
484
327
249
359
217
391
184
422
156
447
130
470
109
486
96
496
83
470
296
283
325
251
491
90
485
87
460
321
255
354
223
496
85
481
103
308
302
273
336
97
496
83
471
121
452
148
427
176
209
400
179
427
82
463
135
441
348
228
380
195
388
218
356
254
320
289
286
324
250
359
216
391
184
422
154
451
128
469
124
450
151
239
368
207
400
85
476
112
462
318
257
352
224
498
85
481
101
470
124
451
150
426
367
208
400
177
486
84
463
134
261
347
227
381
87
481
101
471
123
452
149
426
180
395
212
365
243
148
454
125
472
126
449
152
424
370
203
403
172
481
88
458
141
432
171
404
202
376
232
344
267
309
301
274
337
237
494
88
480
97
109
485
95
495
82
469
123
452
148
242
367
211
397
84
478
110
463
314
261
348
230
422
183
392
213
364
244
332
275
300
309
267
342
234
376
200
408
171
482
88
458
140
256
354
220
388
86
482
103
468
125
449
152
424
180
396
210
365
243
333
275
300
309
107
489
93
495
225
350
259
316
463
114
481
98
496
85
474
115
458
323
252
359
217
497
86
481
105
302
307
266
342
151
425
180
395
213
363
244
332
277
297
311
264
346
230
380
195
412
83
471
122
454
329
247
360
216
497
86
481
105
466
130
445
156
420
185
392
216
360
249
327
283
292
477
104
490
92
187
418
160
443
97
452
148
427
178
399
207
368
240
337
271
307
301
111
484
97
495
210
366
242
333
452
126
472
108
451
146
431
171
89
485
83
461
135
260
350
228
380
87
480
99
450
336
242
365
214
395
186
421
156
446
132
468
110
484
97
495
85
474
288
288
321
254
441
160
416
189
386
221
354
252
323
286
291
319
256
351
225
380
197
496
84
472
118
285
323
252
357
91
486
83
462
134
441
161
415
188
199
407
170
434
88
460
139
437
349
228
380
196
496
85
473
117
457
140
436
165
409
197
377
230
345
444
134
467
112
456
144
431
173
215
391
186
419
82
469
123
451
150
426
177
398
209
367
240
335
272
303
307
268
340
95
496
82
470
299
276
333
243
494
88
480
92
455
329
246
363
212
498
86
479
107
298
311
265
343
151
423
182
393
213
362
248
329
281
295
315
261
349
228
380
198
409
85
472
116
457
325
252
356
220
497
85
481
102
468
125
448
151
425
177
397
209
365
243
332
276
298
475
105
487
94
197
408
171
435
89
458
138
437
165
410
196
381
226
349
259
315
294
116
481
100
492
166
411
193
383
413
164
439
140
476
113
460
138
255
354
221
387
86
482
101
469
123
452
147
429
177
398
209
367
241
149
454
125
473
125
449
153
424
368
209
398
179
488
82
464
133
262
347
228
379
197
409
168
436
141
461
120
476
103
489
92
493
80
129
470
108
485
149
427
176
401
206
369
239
337
270
306
301
271
338
237
371
205
403
85
474
114
460
322
255
353
223
497
86
481
101
471
123
453
146
429
173
401
206
370
238
337
273
303
471
110
485
95
200
407
170
434
89
459
139
436
168
407
198
377
229
345
264
312
297
113
482
99
497
208
367
241
334
451
127
472
108
450
148
428
176
89
483
88
459
138
256
354
221
386
85
482
104
468
301
274
335
240
493
93
484
86
460
320
255
353
225
496
86
480
101
312
297
277
331
98
496
85
474
113
460
137
438
166
223
384
192
415
84
471
121
452
330
246
361
216
411
194
382
225
350
258
318
289
286
323
251
356
219
387
188
418
158
480
98
451
149
243
364
213
395
86
479
108
465
131
444
157
422
182
393
213
362
245
331
275
301
307
107
485
96
496
219
358
250
327
458
122
475
106
268
339
240
364
211
395
182
423
154
448
130
469
110
484
97
496
84
321
287
290
321
103
489
93
494
81
468
125
451
149
244
364
213
393
86
480
103
470
300
279
329
248
493
90
486
83
462
315
263
347
230
495
88
480
95
454
143
434
167
412
192
386
219
358
248
329
276
300
473
109
484
97
204
402
177
427
81
465
128
447
152
424
179
398
205
372
235
342
265
313
294
282
326
100
490
92
488
235
342
265
310
468
112
483
98
497
85
476
110
464
314
262
345
230
496
88
480
95
452
147
430
172
404
201
375
231
346
261
316
292
284
479
102
492
92
188
418
158
445
99
449
153
424
180
396
211
365
242
333
274
302
306
269
339
237
370
87
480
96
455
482
99
499
85
477
281
294
314
264
487
94
495
82
309
299
276
332
246
361
214
393
184
420
156
445
134
466
113
481
99
209
398
179
427
82
463
134
442
161
415
191
387
218
357
251
324
286
291
317
258
349
92
493
80
466
307
270
339
236
494
88
480
94
454
329
246
362
214
497
84
479
107
303
307
269
339
148
428
175
400
206
370
238
336
274
300
309
267
344
231
379
197
410
85
472
120
455
327
252
357
220
496
86
480
106
466
130
445
157
418
187
387
220
354
254
321
288
287
479
101
491
90
183
420
156
449
101
469
121
453
329
246
362
213
393
183
422
154
449
131
468
112
485
97
495
85
474
287
289
320
258
490
92
493
81
467
306
268
343
232
495
87
481
97
110
484
97
496
85
474
114
461
136
257
351
227
380
86
480
100
472
293
282
327
249
359
217
391
186
420
159
444
134
466
112
481
99
497
207
369
238
337
450
129
469
111
455
144
432
171
216
391
184
422
81
466
129
445
156
420
184
391
217
172
431
148
455
105
466
130
445
343
232
377
199
495
84
472
117
289
321
254
357
221
385
190
415
162
442
136
464
115
481
98
497
86
145
456
123
475
129
445
154
422
181
396
211
362
246
329
280
295
314
262
347
230
377
87
479
96
452
330
245
363
213
498
86
481
104
468
125
451
147
428
364
212
394
183
492
81
466
127
270
337
239
366
88
480
90
459
137
257
350
227
379
85
480
97
451
484
100
494
89
485
84
462
135
441
347
229
379
199
495
86
475
114
290
317
260
349
227
379
197
410
166
437
141
458
122
476
104
488
92
380
227
348
260
137
464
114
482
139
435
166
411
385
192
413
166
480
93
455
144
432
171
404
203
373
421
156
446
132
472
118
458
141
253
354
223
384
86
480
100
471
294
282
327
249
358
218
389
187
418
160
442
136
465
115
480
99
498
206
371
236
341
447
132
466
113
459
140
436
167
92
488
83
464
133
263
345
231
377
86
480
98
449
338
238
371
204
403
175
429
148
455
122
475
106
487
94
495
81
467
307
268
341
235
426
177
398
210
366
241
333
277
297
313
262
346
228
380
196
412
166
479
92
454
146
246
363
212
395
85
479
108
463
133
441
160
415
191
384
223
353
253
323
287
288
321
102
490
92
491
232
342
267
308
467
112
484
96
496
84
472
120
456
326
250
359
217
497
86
481
107
301
308
268
341
150
427
177
399
208
368
240
337
271
306
305
270
339
237
371
204
403
86
475
113
460
322
254
356
220
497
85
481
105
467
130
447
153
422
181
394
213
364
245
330
280
297
474
105
488
92
193
413
164
441
96
451
148
428
176
399
207
368
240
336
273
304
304
110
485
95
495
215
360
247
328
455
124
475
105
446
153
423
181
89
479
94
454
144
248
360
217
390
86
481
105
467
303
272
334
241
493
89
481
90
457
323
251
356
219
497
85
481
104
308
302
275
332
98
496
85
474
115
460
138
438
164
224
385
190
417
83
470
123
452
331
243
363
213
407
198
377
231
343
266
309
300
276
332
242
366
209
396
179
426
150
481
104
468
126
271
337
239
369
87
480
92
456
143
432
171
405
198
377
232
344
263
312
298
277
332
98
496
85
473
462
119
477
104
489
92
493
82
468
305
271
336
240
494
88
480
92
456
142
435
167
410
195
383
225
353
439
140
460
119
463
132
442
158
233
374
202
401
86
477
109
463
473
108
486
95
496
82
470
122
454
331
244
365
212
498
85
478
110
297
311
264
346
232
378
198
411
165
439
139
461
117
480
100
493
90
372
236
339
270
130
470
109
486
149
427
175
400
397
181
423
154
482
101
469
121
454
144
431
173
401
204
371
237
337
272
304
304
271
486
95
496
84
135
465
114
481
100
492
91
485
85
461
136
438
164
222
385
190
416
81
469
124
453
147
429
176
400
204
371
239
336
274
302
308
268
341
94
496
80
469
300
276
333
243
363
213
393
186
421
156
446
133
466
114
482
98
498
205
369
239
337
449
130
470
108
452
146
430
174
213
393
185
419
80
468
124
451
146
430
174
402
203
186
419
157
445
99
449
152
424
370
208
399
177
487
83
463
132
443
158
417
188
388
219
357
252
324
458
120
477
104
445
155
421
182
204
402
176
428
83
463
131
443
157
419
185
393
214
363
244
331
278
297
312
265
343
93
495
82
468
302
274
334
242
493
92
481
87
459
319
258
348
229
495
88
481
97
450
150
425
179
397
209
367
240
335
273
302
304
273
485
96
495
86
139
462
118
479
135
440
162
413
192
383
224
351
258
317
292
283
328
247
362
213
394
86
479
108
465
311
264
342
235
495
88
480
94
454
146
430
173
402
395
183
424
154
482
103
470
124
279
330
248
360
90
483
86
461
137
438
163
413
192
194
413
165
437
92
455
145
432
361
214
393
184
493
80
466
130
445
156
419
184
392
216
360
249
327
458
121
477
102
443
161
415
192
196
413
164
440
96
454
147
430
362
214
394
182
424
153
449
129
471
108
486
95
496
220
356
253
324
458
120
478
103
442
160
418
187
199
408
170
436
90
457
140
435
165
410
194
382
224
352
257
319
290
117
479
101
492
161
416
187
388
407
170
433
147
480
105
467
128
271
337
240
368
173
404
200
375
235
341
267
308
301
274
336
239
370
206
399
176
428
83
462
136
439
350
226
380
196
497
86
473
115
458
139
437
164
412
193
383
223
353
254
322
287
290
478
102
490
92
190
416
162
441
96
453
145
431
172
405
200
376
231
345
263
315
293
116
480
102
490
157
418
188
388
406
173
432
146
480
105
468
125
274
335
243
365
88
482
86
460
137
439
162
418
188
200
406
174
429
83
464
132
445
342
234
373
203
399
209
366
243
333
275
301
307
269
339
239
369
207
398
178
425
152
481
101
470
122
279
329
247
361
90
486
83
463
132
442
159
416
188
388
216
358
250
325
283
293
316
102
489
92
493
228
348
259
317
463
116
480
101
259
349
228
383
195
411
166
439
138
463
117
479
100
491
89
487
84
122
476
104
489
156
421
184
392
498
85
476
112
462
136
439
162
415
188
387
219
