388
261
267
381
140
483
87
485
77
493
86
494
91
492
105
442
198
313
337
194
446
97
464
95
467
93
471
91
475
89
492
82
494
88
494
96
498
100
455
200
330
321
210
447
104
498
96
499
98
498
100
452
205
325
325
206
450
102
498
98
491
119
424
220
289
360
173
461
87
485
85
486
86
493
92
496
91
497
93
497
96
498
108
442
197
332
337
194
445
105
499
103
450
189
323
328
202
438
101
497
99
498
100
451
187
344
307
206
437
110
495
98
498
100
452
202
327
323
206
449
103
498
96
497
100
454
182
349
301
228
418
125
495
90
495
92
498
102
451
187
344
306
224
421
123
492
80
492
87
497
96
498
99
498
101
451
188
345
305
222
422
123
495
91
496
94
493
111
435
208
283
367
168
466
95
470
92
474
90
491
83
492
84
494
90
496
92
497
101
452
186
346
324
206
435
112
498
98
498
100
452
184
348
302
226
418
124
490
84
496
94
497
95
497
97
498
100
453
201
328
323
208
449
103
497
97
492
118
426
218
292
358
175
460
89
475
89
478
89
493
88
494
92
497
93
497
95
498
105
444
196
336
334
195
444
107
498
100
451
187
325
326
205
437
110
496
92
497
94
497
97
498
99
499
102
450
188
343
307
222
422
120
492
80
495
88
499
103
446
194
319
332
198
442
100
498
100
452
186
345
305
225
419
124
490
84
492
93
497
94
497
98
498
101
452
186
346
303
225
420
113
495
92
497
100
455
183
349
322
209
434
114
498
104
447
192
338
313
216
428
118
492
88
495
92
493
108
443
198
313
338
194
446
97
463
95
468
94
471
91
476
90
486
84
488
86
491
92
496
93
497
103
448
190
342
308
222
423
120
492
82
493
88
496
97
498
99
498
103
448
190
340
309
220
424
120
491
92
496
96
497
115
431
213
316
336
197
444
106
497
93
497
97
498
108
439
200
329
341
189
448
103
499
104
446
194
299
352
180
456
100
498
100
451
187
344
306
223
421
123
490
76
492
94
497
97
498
99
499
101
450
189
323
327
202
439
101
498
99
499
111
436
205
324
347
187
452
102
491
107
441
199
331
318
211
432
113
495
90
495
92
491
113
436
205
307
344
188
451
96
467
93
471
90
490
85
492
81
497
94
498
98
498
107
440
200
330
340
190
448
103
499
104
446
194
319
332
198
443
99
461
96
464
94
487
86
489
85
495
92
497
93
497
103
447
191
339
330
202
440
109
498
100
455
184
329
321
209
434
103
497
96
498
99
500
102
451
189
323
327
203
438
101
497
99
499
111
437
204
325
344
187
450
102
497
96
498
102
453
203
326
324
205
450
102
498
97
492
109
439
202
309
341
190
449
97
465
93
470
92
490
85
492
76
493
89
495
92
496
99
499
100
451
208
324
326
204
438
110
495
93
497
95
497
96
497
108
442
200
330
357
174
460
96
466
95
469
92
472
87
484
87
488
86
490
84
492
77
496
94
497
98
498
109
441
199
331
339
191
447
104
499
103
446
192
320
331
199
441
100
498
100
453
203
328
323
208
450
103
497
98
498
100
453
183
348
322
208
434
113
498
96
497
100
442
200
330
321
192
447
103
498
104
447
192
338
311
218
427
118
492
88
495
91
496
97
498
101
451
188
342
308
222
422
121
492
78
493
94
497
98
498
117
425
219
309
341
191
448
104
497
96
498
100
454
200
328
322
209
447
103
497
95
493
118
427
217
293
357
175
460
97
464
93
468
92
489
84
490
85
492
86
494
90
496
97
498
101
452
204
325
325
206
436
110
496
92
497
101
452
187
344
325
206
437
110
497
97
499
101
437
203
326
325
188
450
102
498
97
497
102
451
186
325
325
205
436
102
499
97
498
108
438
203
326
342
189
450
102
499
106
445
196
334
317
212
430
119
493
90
495
91
491
110
438
202
308
342
189
448
95
466
94
471
91
489
85
492
77
497
94
497
96
498
108
441
200
329
339
192
447
103
498
105
447
191
320
331
200
440
100
498
100
454
201
329
321
208
434
113
494
91
496
99
499
102
450
206
323
327
203
452
101
498
98
499
101
452
188
344
306
223
422
121
491
76
493
88
500
104
448
192
321
330
200
441
109
496
94
497
95
497
97
498
100
439
203
327
325
173
463
96
466
93
469
92
474
91
491
79
494
87
495
96
498
98
497
109
437
204
326
362
172
463
97
466
92
470
92
474
87
485
86
488
86
490
85
493
82
498
102
452
186
325
326
205
436
112
495
91
495
94
493
111
435
208
303
346
186
453
93
469
92
472
90
476
89
479
88
494
89
495
91
496
100
454
185
347
322
208
435
113
497
96
498
100
442
199
331
320
193
446
104
497
95
498
98
498
102
438
204
326
325
189
450
102
498
105
445
194
337
333
198
442
108
498
102
452
186
345
305
225
420
124
490
85
493
85
498
95
498
96
498
102
453
185
347
305
225
420
125
495
90
495
94
494
110
436
207
322
328
203
438
110
496
91
496
94
493
113
432
211
300
350
182
455
93
471
90
475
89
477
89
481
88
491
83
493
85
494
95
497
96
497
108
440
201
329
322
209
434
112
495
91
495
92
496
102
451
188
344
325
205
437
109
497
98
498
102
452
185
346
305
225
421
124
491
85
498
100
455
183
330
320
209
433
104
497
96
498
99
498
100
451
188
324
325
204
437
101
497
98
499
109
439
203
327
343
189
449
103
497
96
498
100
454
183
349
302
228
433
114
494
91
491
107
441
198
313
338
193
446
98
464
96
468
93
487
86
490
85
492
82
494
89
495
98
498
99
498
102
450
188
342
308
222
423
122
492
79
494
89
495
97
498
99
498
102
450
189
342
309
203
438
109
496
98
499
101
451
204
327
325
205
450
103
497
97
498
100
452
184
346
304
226
420
123
494
91
495
94
494
111
436
207
323
327
203
438
110
496
92
496
95
494
113
432
211
299
350
182
455
93
471
89
474
90
479
89
481
88
491
84
493
85
495
95
497
97
498
109
439
202
329
321
208
434
112
495
91
496
92
497
102
450
188
342
326
204
439
110
498
99
498
101
451
186
345
305
224
420
121
491
84
498
100
455
182
329
321
210
433
104
498
97
499
97
498
101
451
186
325
325
206
436
102
498
97
498
109
441
202
329
340
190
447
104
496
97
499
99
499
111
436
205
325
344
187
451
102
496
106
445
197
315
334
196
444
99
462
96
465
94
487
84
488
86
491
79
494
86
495
95
497
99
498
101
451
188
345
305
224
421
123
491
83
493
85
495
95
497
98
498
102
452
186
346
304
206
435
113
494
97
498
100
454
201
329
322
209
448
102
498
96
498
98
497
102
451
204
325
325
205
451
102
498
97
491
119
424
221
289
360
173
461
96
466
94
471
92
482
87
485
85
487
86
490
85
492
93
496
94
497
96
499
99
498
102
436
207
324
326
185
452
101
497
105
444
195
333
318
215
429
117
494
88
495
92
496
100
454
182
348
322
209
433
113
499
95
498
98
498
110
438
205
325
344
188
450
102
498
106
444
195
316
335
197
443
97
461
96
466
94
470
92
473
90
485
86
487
86
490
91
495
93
496
111
438
203
326
324
205
436
111
495
92
496
94
497
103
447
191
340
329
201
440
109
498
100
455
182
311
338
193
447
104
497
95
498
97
498
100
452
186
326
325
206
436
101
498
98
498
100
452
186
347
303
226
419
123
491
84
492
84
494
95
497
98
499
101
452
186
346
304
206
436
113
495
96
497
100
454
201
328
322
209
448
104
497
97
498
99
498
102
450
208
324
328
204
452
100
498
99
490
121
421
222
287
363
171
463
96
467
94
471
91
483
89
486
85
488
86
490
84
492
93
497
95
497
96
497
99
499
102
434
208
322
330
184
453
101
499
107
441
199
331
320
210
432
115
494
91
497
93
497
101
451
186
345
325
205
437
112
498
97
498
100
453
184
346
304
226
418
124
490
84
498
99
498
101
436
206
324
326
204
439
110
497
93
497
93
497
97
493
117
427
217
292
357
176
459
96
464
94
469
93
488
85
490
85
492
84
494
89
495
97
498
99
499
104
447
192
339
310
219
425
120
493
94
498
95
498
106
444
196
335
316
214
429
116
494
88
495
92
496
103
454
183
349
321
210
434
113
497
96
497
100
454
180
350
301
228
416
126
489
86
498
97
498
101
438
203
326
324
171
462
95
466
93
469
92
473
90
490
82
493
87
495
96
498
98
498
109
438
204
325
362
170
463
95
467
93
470
91
474
87
485
87
488
85
490
84
492
84
499
102
450
187
323
326
204
437
110
496
93
497
94
493
113
432
210
301
349
182
455
94
470
91
474
88
477
89
482
88
494
90
496
93
498
102
450
188
343
326
204
438
111
498
97
498
101
439
203
326
324
190
449
102
498
97
498
98
498
103
435
208
320
330
184
453
100
498
108
441
199
331
340
192
447
105
499
104
447
192
339
310
218
425
119
492
83
494
89
499
106
444
196
316
335
196
445
99
462
96
466
93
488
85
490
85
496
92
496
94
498
103
447
192
338
331
200
440
108
498
100
453
184
329
322
209
434
103
498
97
498
100
455
181
349
301
228
417
126
490
90
495
92
496
101
451
186
344
307
223
422
122
492
75
493
88
495
97
498
99
499
101
451
187
344
307
223
421
122
492
93
497
94
496
103
447
192
338
330
200
440
108
496
94
497
96
498
105
444
197
333
335
196
445
105
498
103
450
188
322
328
203
438
100
499
98
498
100
451
188
343
308
205
437
110
496
99
499
101
452
201
328
323
207
448
103
498
96
498
100
455
183
349
302
228
417
126
494
90
495
92
491
109
439
203
308
342
190
449
102
498
98
499
100
440
201
330
320
192
447
104
496
103
447
192
339
329
201
439
109
498
99
499
101
450
188
343
307
223
422
121
492
75
493
88
494
91
496
93
497
93
497
104
447
193
338
330
200
441
108
498
101
454
182
329
321
209
432
97
464
94
467
94
487
85
490
85
492
83
493
88
494
96
498
100
454
200
329
322
209
461
96
465
94
468
87
481
88
484
85
492
84
494
88
499
105
445
194
318
332
198
442
99
460
97
464
94
467
93
473
91
490
85
492
83
493
94
498
97
498
107
441
200
330
357
175
460
97
463
94
467
94
472
87
485
87
486
85
488
85
490
85
498
99
498
102
451
187
343
306
222
422
122
491
75
496
95
498
97
498
97
498
102
451
205
324
326
205
451
102
499
97
491
119
423
220
290
360
173
460
90
475
90
480
87
494
89
495
91
496
92
496
95
499
106
445
194
336
334
196
442
108
499
101
451
186
327
323
207
435
112
494
92
496
94
496
95
498
97
499
99
499
102
448
208
323
328
203
452
101
498
98
491
120
422
223
287
362
172
463
89
477
88
480
87
489
85
492
78
493
88
494
90
495
100
455
181
351
319
211
431
115
497
96
498
97
498
100
453
185
346
322
207
434
112
498
98
498
100
440
200
330
321
192
447
105
497
103
449
191
339
310
219
424
119
492
85
494
89
494
97
498
101
453
184
347
302
227
418
125
489
86
492
94
497
95
498
114
431
212
318
332
197
442
107
496
94
498
97
498
107
442
198
333
337
194
445
105
498
102
449
189
304
347
186
452
101
499
99
499
101
451
186
344
306
206
436
111
495
98
499
99
499
104
449
191
340
311
219
425
120
493
84
493
90
495
98
499
101
452
184
347
303
226
419
123
490
85
493
93
498
95
498
98
498
101
453
184
327
323
207
434
102
498
97
498
107
440
201
329
339
191
448
104
494
113
433
210
320
330
201
439
108
496
93
497
96
493
115
430
214
297
353
180
457
91
472
90
475
90
479
87
483
86
491
80
493
87
495
96
498
99
499
110
438
204
327
324
206
436
111
495
91
497
93
497
104
447
191
339
329
201
440
109
498
100
455
181
349
300
229
416
127
490
84
491
80
499
101
452
187
324
325
206
436
102
498
98
499
100
453
185
345
305
225
420
124
491
92
496
93
497
104
449
191
340
349
183
455
100
498
100
454
184
349
303
227
418
125
489
86
492
83
497
95
498
96
498
100
455
184
349
322
209
433
114
497
96
498
99
493
110
438
205
324
326
204
437
111
496
91
496
93
494
113
433
210
301
348
183
454
94
470
91
474
90
492
76
492
88
497
96
498
98
498
110
437
204
326
344
187
451
102
499
104
446
195
317
333
198
443
99
461
96
465
94
486
85
490
86
495
91
496
93
496
104
447
191
340
329
201
440
109
498
99
499
103
435
208
322
328
202
439
108
497
93
496
95
497
97
492
119
424
220
290
360
173
462
96
466
93
469
92
482
87
486
85
488
88
490
86
492
93
496
96
498
97
499
100
453
184
328
322
207
435
103
497
98
499
109
440
201
329
322
207
434
113
494
91
496
94
498
102
449
188
341
329
201
440
110
498
99
499
101
450
189
341
309
221
423
120
492
84
499
101
450
188
324
326
204
438
102
497
98
497
102
451
186
345
306
223
421
122
491
91
496
94
497
103
447
192
337
351
182
455
98
460
96
465
94
470
89
482
87
484
85
487
86
491
85
496
93
497
94
497
102
446
194
336
333
198
443
106
499
102
451
186
325
326
204
437
101
498
97
497
100
452
185
345
304
225
419
124
491
82
492
86
495
96
499
98
498
100
451
187
343
307
205
437
110
496
99
499
101
452
202
328
323
206
461
94
466
94
472
89
484
85
485
79
493
88
494
92
485
106
441
200
311
340
191
448
97
465
94
468
92
473
91
477
88
493
85
494
89
495
97
498
101
452
203
326
324
206
450
102
499
97
498
100
454
185
347
304
226
418
124
491
85
492
84
499
101
449
190
322
328
202
440
101
498
100
455
181
350
301
228
417
127
489
86
492
93
497
94
498
97
498
100
455
183
348
303
227
417
113
495
91
495
100
454
182
349
320
210
433
113
498
103
449
191
339
311
219
425
119
492
86
495
90
496
106
444
197
313
336
195
445
97
462
95
467
94
472
91
475
89
487
86
488
86
491
91
496
93
497
103
449
189
342
308
221
424
120
493
84
494
88
495
96
498
100
454
185
347
304
225
419
125
490
84
492
93
496
96
498
115
430
213
315
336
195
444
106
496
94
497
98
499
108
440
200
330
341
191
447
104
499
105
446
194
300
350
181
455
99
461
97
465
94
486
85
488
86
490
86
493
84
494
95
498
97
497
102
453
184
347
305
226
420
125
490
91
495
94
498
103
449
189
343
309
220
424
121
491
84
493
89
495
97
498
98
499
103
449
190
341
311
219
425
121
492
93
496
96
497
106
445
196
335
335
195
443
107
497
94
497
98
498
109
441
201
331
340
192
447
104
499
103
447
191
321
329
200
440
102
497
98
498
102
449
188
343
309
203
438
110
496
99
498
100
451
207
324
326
205
452
101
497
99
499
102
451
188
344
305
224
422
122
495
92
497
94
493
114
433
210
299
351
182
454
100
498
100
453
185
346
303
226
418
124
491
84
492
93
497
94
496
98
499
101
451
186
328
324
207
435
104
498
96
498
108
440
201
329
358
173
461
96
465
94
469
92
474
88
486
87
488
85
489
85
491
80
497
102
451
186
326
326
206
437
111
496
92
497
93
495
113
434
210
302
348
183
455
94
470
90
474
91
478
89
481
87
495
92
496
92
496
100
451
187
343
326
205
437
111
498
99
498
100
437
205
325
324
186
451
102
497
98
498
101
451
186
327
324
206
435
102
498
97
497
108
439
202
328
341
189
449
103
498
104
446
193
337
314
215
428
118
493
87
495
91
485
107
441
199
312
339
193
447
96
464
94
469
93
488
86
491
85
497
94
497
95
497
105
443
198
332
336
194
447
105
499
103
449
189
321
329
202
439
100
498
100
455
198
331
320
210
432
113
494
90
495
98
498
101
451
204
326
325
205
451
103
498
97
498
101
453
184
346
304
225
419
123
490
84
492
85
498
103
449
189
321
330
201
440
109
496
92
496
94
497
99
499
100
439
201
328
322
173
461
95
465
94
470
91
474
89
491
76
493
87
494
96
498
100
455
198
331
320
211
446
105
497
96
498
98
498
101
451
203
326
325
205
450
102
499
98
493
119
423
220
290
361
172
462
91
476
89
479
86
495
91
496
92
496
94
497
96
498
107
441
199
331
337
193
446
105
498
102
449
189
322
328
202
439
94
469
91
473
90
485
86
488
86
490
85
492
78
493
94
497
96
498
99
499
102
450
190
322
328
202
439
101
498
99
500
111
436
204
325
346
187
451
102
496
107
442
198
333
317
213
430
116
494
90
495
91
493
109
439
202
309
341
190
449
97
466
93
470
92
490
86
491
77
497
93
497
96
498
108
442
197
332
337
193
445
106
499
103
449
191
322
329
201
440
100
497
98
498
102
450
188
343
308
221
423
122
491
92
495
96
497
106
448
192
340
313
217
427
118
492
86
495
90
496
98
498
100
451
222
308
343
188
450
103
497
98
499
99
499
103
448
208
321
329
201
454
100
497
100
442
200
330
321
174
461
97
464
94
468
93
473
91
490
86
493
85
494
95
498
96
498
108
441
201
328
359
174
461
96
466
94
469
92
473
88
484
86
487
84
489
85
493
80
498
99
499
103
447
192
340
310
220
425
120
493
84
498
102
450
188
325
326
204
437
102
498
98
498
100
453
184
346
304
225
419
124
491
84
492
84
494
96
497
98
498
100
453
183
348
302
208
434
113
494
96
498
100
455
199
332
319
211
459
98
464
95
467
89
480
86
482
84
492
83
494
89
498
106
446
193
317
333
199
442
98
459
98
465
95
470
92
473
90
491
84
492
84
494
95
498
98
499
110
438
203
327
362
171
462
94
466
94
471
91
475
87
486
85
487
86
490
85
493
84
499
102
449
190
323
328
202
439
109
495
93
497
95
499
104
445
194
318
333
197
443
99
461
97
466
92
469
93
474
90
486
86
488
85
490
91
496
93
496
111
437
207
324
327
205
437
111
496
93
496
94
498
103
447
192
337
332
200
441
108
498
101
452
186
308
343
189
449
103
498
96
498
100
453
184
348
303
208
435
112
496
97
499
99
498
103
448
190
341
310
221
424
120
492
84
493
90
496
98
499
99
499
102
447
191
338
312
200
441
108
497
101
453
183
348
322
207
434
113
497
97
497
100
454
184
347
303
225
418
124
491
88
492
85
494
89
498
97
498
100
454
185
346
305
225
435
111
497
91
489
109
440
201
310
341
191
448
95
464
95
470
91
473
89
477
90
480
90
484
87
486
77
493
88
494
91
496
93
497
96
493
116
428
214
296
355
178
458
91
473
90
477
88
492
88
494
90
495
92
497
95
498
105
444
196
335
334
196
444
106
498
101
451
187
325
325
205
437
95
467
92
472
90
491
85
492
86
493
90
495
91
496
101
453
186
347
323
206
435
113
498
96
498
101
455
184
348
303
226
418
123
490
84
492
84
494
89
498
97
499
100
453
186
346
305
225
435
110
495
93
491
110
439
202
307
342
187
449
94
466
93
470
91
489
86
492
77
496
94
497
96
498
107
441
201
330
339
192
447
104
499
104
447
193
318
333
198
442
98
461
96
465
94
487
84
489
86
495
92
496
94
497
103
448
192
340
331
200
441
108
499
100
453
184
328
323
207
435
103
497
96
497
100
454
182
349
302
227
418
125
490
89
495
94
497
101
450
188
342
308
221
423
122
492
78
493
90
495
98
498
99
499
101
450
190
341
309
221
424
120
493
93
497
95
497
104
445
194
336
333
197
443
107
496
94
498
95
498
107
441
200
331
339
192
447
105
499
103
448
191
321
329
201
440
100
497
100
454
183
348
302
227
417
125
490
84
492
92
497
96
498
97
498
99
498
103
435
210
320
331
183
455
99
459
91
474
89
477
90
488
86
490
85
493
84
494
90
496
99
498
101
451
204
326
325
205
450
102
498
97
498
101
452
185
346
325
205
436
112
498
97
498
100
439
203
327
324
190
449
102
498
106
445
194
336
315
214
429
117
493
88
496
91
497
99
498
102
449
190
341
308
221
424
119
492
85
494
95
498
97
497
118
424
219
309
341
191
449
103
498
97
498
98
498
110
435
207
322
347
186
452
100
488
107
442
197
293
356
177
459
96
463
95
468
91
488
85
491
85
493
84
493
90
495
98
499
99
499
101
449
190
341
310
219
425
119
493
94
497
95
498
105
444
196
335
315
214
429
116
494
89
495
91
496
100
455
183
348
320
210
434
113
497
96
498
99
498
101
450
187
343
326
204
438
111
498
98
498
102
438
203
325
325
172
463
95
467
93
470
91
475
89
491
80
494
89
495
97
498
100
456
200
330
320
211
447
104
496
98
498
99
499
101
452
205
325
325
206
451
102
497
99
491
120
423
221
289
361
173
462
90
476
88
479
88
494
90
495
93
496
94
497
96
498
106
443
199
331
337
194
446
104
498
104
449
190
321
330
201
439
93
469
92
472
91
490
81
493
87
494
90
495
92
496
100
453
187
345
324
207
435
111
497
98
499
99
500
104
449
191
340
328
202
439
109
497
102
455
181
331
320
211
431
104
497
95
497
115
429
214
315
336
194
445
105
496
96
498
98
498
109
439
201
329
341
190
448
103
500
104
446
193
300
350
181
455
100
498
101
453
185
347
305
227
419
125
491
84
493
93
496
96
498
99
498
100
454
184
328
322
208
435
103
497
97
499
108
441
200
330
340
191
448
104
500
105
447
194
339
313
218
427
119
493
87
495
89
497
107
443
197
314
338
193
445
97
463
95
468
93
480
88
483
86
486
86
489
86
491
92
496
93
497
95
497
98
498
102
438
204
326
324
187
450
103
497
105
444
195
336
333
196
443
107
493
110
437
206
325
325
205
437
110
495
92
496
94
494
113
432
211
299
351
180
456
93
472
91
474
88
478
87
483
87
492
83
493
85
494
95
497
98
499
110
439
204
328
325
206
436
112
495
92
497
94
497
103
448
190
340
329
202
440
109
498
99
498
103
449
189
342
309
220
424
120
492
84
498
101
450
189
324
328
204
439
101
497
99
498
101
450
188
343
307
222
423
121
492
93
497
95
498
106
445
194
336
354
179
456
99
461
95
465
93
469
88
482
87
485
87
488
85
490
84
498
99
498
102
450
189
342
309
221
424
120
492
85
498
103
450
187
323
327
203
437
100
498
97
498
101
451
188
343
308
222
422
122
492
77
493
88
494
96
498
99
499
102
450
189
342
309
202
438
110
496
99
498
100
451
206
324
325
205
463
95
468
93
472
87
484
87
487
84
493
89
495
92
491
109
439
202
310
341
190
449
96
466
93
470
91
473
90
477
89
493
88
495
91
495
99
498
101
451
206
325
325
204
452
102
498
98
499
101
452
186
346
305
224
421
123
491
82
493
85
499
104
448
191
322
329
200
441
102
499
100
455
183
349
302
228
417
125
490
85
492
93
497
94
497
98
499
99
499
103
434
208
322
329
183
454
101
498
107
440
202
329
340
190
449
104
499
103
447
193
338
313
218
426
118
493
87
494
89
497
105
443
197
315
336
194
446
98
464
96
467
93
471
90
474
90
486
86
490
86
492
91
496
93
496
103
449
191
341
309
220
424
120
493
84
494
89
495
97
498
100
453
184
348
303
227
419
125
491
84
492
92
497
96
497
115
430
214
315
336
195
444
107
496
95
497
96
498
108
440
201
328
341
190
449
102
499
105
447
193
298
352
181
455
100
498
100
452
186
345
304
225
420
122
492
82
493
93
497
95
497
99
499
100
451
188
325
326
205
436
101
498
97
498
109
439
203
327
342
189
449
103
498
104
446
194
337
315
216
428
119
493
88
494
91
485
108
442
200
311
339
193
446
96
464
94
468
93
488
86
490
86
496
94
497
95
497
105
444
196
334
336
194
445
106
498
102
450
189
323
327
203
439
101
498
99
498
101
450
188
343
306
223
421
120
492
91
497
94
497
104
446
194
338
312
218
426
118
493
88
495
90
495
96
498
101
451
224
306
344
188
451
101
498
98
499
99
498
104
447
211
320
332
199
455
99
460
96
464
94
469
92
472
87
484
86
487
86
490
85
491
76
498
101
451
187
346
304
226
419
122
491
83
493
85
499
103
447
192
321
330
200
441
100
498
99
498
103
448
191
340
311
219
424
120
492
93
497
96
498
106
443
197
332
356
175
460
96
463
94
467
92
472
88
485
85
488
85
488
86
492
75
497
102
451
185
325
325
205
435
112
495
90
496
94
493
112
433
210
301
350
183
455
93
470
90
474
90
478
88
482
86
495
91
496
92
497
101
450
189
341
328
203
439
109
498
100
456
181
330
320
210
432
104
498
96
498
98
498
102
451
187
324
326
205
437
101
498
99
498
111
437
205
326
345
186
451
102
497
105
443
197
332
318
211
431
114
495
89
495
92
491
109
437
204
307
344
186
451
96
468
92
472
90
491
85
492
84
497
94
497
98
499
109
439
202
327
343
189
450
103
500
105
444
197
315
335
194
445
98
463
95
467
92
488
85
490
84
495
92
496
96
498
106
445
194
336
334
197
443
107
498
101
450
187
325
326
203
438
102
498
98
498
102
450
188
343
307
221
423
121
491
92
496
95
497
108
447
193
338
314
216
427
118
493
90
495
91
496
99
499
101
450
223
306
346
185
452
101
497
99
498
102
450
188
343
327
204
439
111
498
97
497
102
437
206
324
326
170
464
95
468
92
472
92
476
90
492
86
494
90
496
98
499
100
453
204
326
324
206
451
102
497
98
498
101
452
186
346
304
224
420
123
491
78
493
88
498
96
498
98
498
103
449
188
342
328
201
438
110
499
97
498
101
435
206
323
326
186
453
101
498
99
499
101
450
188
343
306
222
423
111
495
93
497
104
451
185
345
325
205
436
111
495
106
443
196
334
317
212
431
115
493
90
496
92
491
110
438
203
307
343
188
449
95
466
94
471
91
475
89
478
89
488
86
491
85
493
92
497
95
498
106
444
197
333
317
213
430
115
494
90
495
91
497
101
453
185
346
324
206
435
112
498
97
499
99
499
112
434
209
320
348
183
453
100
486
108
440
200
311
340
190
448
97
465
95
469
92
473
90
477
90
487
86
491
85
492
93
497
94
497
114
432
211
318
332
199
442
107
496
95
497
96
497
107
442
199
331
338
193
446
105
499
104
448
192
301
349
183
453
101
498
98
497
102
449
188
342
309
203
438
110
496
98
498
100
451
205
325
325
205
463
96
469
94
472
87
484
86
486
84
493
89
495
91
489
110
440
201
309
341
191
448
96
465
94
470
93
474
90
477
89
493
85
494
90
496
98
498
102
451
204
325
325
207
450
102
498
97
498
100
453
184
346
304
225
419
124
490
84
492
86
498
102
449
189
323
328
203
439
101
497
99
498
101
450
188
343
306
204
438
111
495
97
498
100
452
204
326
325
207
450
102
498
98
499
100
453
184
347
303
226
418
123
495
91
496
93
494
112
436
207
304
347
184
452
101
497
98
498
102
436
205
324
328
187
451
101
498
107
442
198
332
338
193
445
105
499
103
448
190
324
331
203
439
101
498
99
499
102
451
189
341
309
204
439
110
497
100
455
181
350
320
210
432
114
498
97
498
98
498
100
451
187
343
307
223
421
122
496
93
497
93
493
114
432
210
299
352
181
455
99
460
97
464
94
486
86
489
85
490
85
493
85
495
96
498
99
498
100
452
185
345
305
206
435
110
495
98
498
100
452
202
327
322
207
450
103
497
96
498
100
453
183
349
302
227
418
127
494
90
495
94
493
110
436
205
287
363
171
463
94
467
93
472
91
490
85
492
84
493
88
495
91
497
99
499
103
448
209
321
328
202
440
108
496
93
497
102
449
189
342
327
202
439
110
498
98
498
102
437
206
323
327
187
452
102
498
99
498
101
452
186
326
324
206
436
103
498
98
498
108
439
201
327
342
190
449
102
500
103
446
193
337
313
216
428
117
493
87
495
91
499
99
498
100
451
187
344
307
223
420
123
491
76
493
88
494
91
499
99
499
101
451
187
344
306
223
437
111
496
91
491
109
439
202
308
342
190
449
95
465
94
471
91
474
89
478
88
480
87
484
87
487
83
494
88
495
92
496
94
498
95
493
116
428
215
296
355
178
459
92
473
91
478
89
492
87
495
89
495
92
496
95
498
106
445
193
337
334
197
441
108
499
101
452
187
327
324
206
436
95
467
93
472
91
490
85
493
82
493
88
494
92
497
100
454
182
349
322
209
433
114
498
97
498
98
498
102
451
189
342
327
203
438
110
497
99
498
101
436
206
324
327
185
452
102
498
117
428
216
313
337
193
447
107
497
96
498
97
498
109
437
204
325
344
186
451
101
496
106
444
196
295
354
178
458
96
462
96
468
94
486
86
491
85
493
84
494
89
495
98
497
101
453
202
329
323
207
435
113
495
92
496
100
454
184
347
324
208
435
112
498
97
498
99
498
102
449
190
340
310
220
424
120
492
84
494
90
496
106
444
197
314
336
195
445
106
497
95
497
97
498
99
499
103
434
208
322
330
167
465
94
470
91
474
90
477
88
493
88
495
92
496
99
498
102
450
207
324
327
204
451
101
498
97
498
100
451
187
344
307
223
421
122
491
76
493
89
498
104
447
193
318
332
199
442
99
459
96
464
95
487
86
488
86
491
83
492
85
494
96
497
100
457
197
332
318
211
430
116
494
90
495
92
497
94
498
103
447
192
339
350
183
454
100
498
100
453
185
346
303
226
419
124
491
84
492
85
497
96
498
98
498
101
451
187
345
325
204
437
111
499
97
497
101
439
203
327
324
190
449
103
498
106
444
196
335
315
214
429
116
493
90
495
91
497
100
453
184
348
321
208
434
113
497
98
499
100
455
183
349
302
228
418
125
491
83
497
93
498
93
498
98
498
102
453
202
327
323
206
449
102
498
96
492
119
424
220
291
360
173
463
97
467
93
469
93
490
85
491
77
493
88
495
89
495
98
498
102
451
205
324
327
204
437
110
496
91
496
100
452
186
344
324
206
437
111
497
98
498
101
438
202
328
323
189
448
104
497
96
497
100
454
182
329
321
209
433
103
498
97
498
108
440
200
331
339
192
447
105
499
103
448
191
339
312
219
426
119
492
85
494
91
497
106
445
197
314
336
195
445
97
463
94
467
94
487
86
490
86
496
93
497
95
497
105
444
195
335
333
196
444
107
498
100
451
187
325
325
206
436
102
498
98
498
101
452
186
345
305
224
420
122
492
92
496
93
497
102
448
190
340
310
219
425
118
493
85
495
90
495
97
498
102
451
222
307
343
187
450
102
498
97
498
100
453
185
346
322
208
436
112
497
98
499
99
498
102
448
190
340
310
219
424
120
493
84
493
91
497
105
444
196
315
335
195
445
97
462
95
466
94
487
85
490
86
492
81
494
87
494
96
497
99
498
103
448
190
341
308
220
424
120
492
94
497
95
498
105
444
195
335
355
179
456
98
462
95
466
93
470
87
482
87
486
85
487
85
490
85
498
98
498
101
451
187
344
307
221
422
122
491
77
497
95
498
97
497
99
498
101
450
207
323
326
202
453
101
497
99
491
110
437
204
306
345
187
451
102
498
97
497
101
452
185
346
305
207
435
112
495
97
498
100
454
201
329
322
208
461
95
466
93
470
87
483
87
485
77
493
88
494
91
487
107
441
200
311
338
192
448
97
465
94
468
92
472
91
477
89
492
86
495
90
495
99
499
100
452
204
325
325
205
451
101
497
98
499
101
452
186
345
305
224
421
121
492
77
493
88
500
104
446
194
320
332
198
442
100
499
100
455
185
347
304
225
419
123
491
84
492
93
496
96
498
98
498
100
454
187
345
307
224
420
110
496
91
496
101
451
186
346
324
207
436
112
499
105
445
195
335
314
216
428
116
493
89
495
90
486
108
440
200
311
339
192
447
98
466
95
469
92
473
90
477
89
488
85
489
84
493
92
497
93
497
104
447
193
338
314
217
427
118
493
87
495
92
495
100
456
180
351
318
211
431
113
497
96
499
97
498
109
438
204
327
343
188
450
103
499
105
445
195
316
335
196
444
99
462
95
466
94
471
91
474
89
485
86
488
84
490
90
496
93
497
110
437
205
324
326
205
436
111
495
92
496
94
498
103
447
191
339
331
200
441
109
498
100
452
185
308
342
189
449
102
498
96
497
100
454
182
349
302
209
433
115
495
95
498
98
498
102
450
187
343
307
221
423
121
491
76
493
90
495
97
499
99
499
102
450
189
341
310
204
438
109
496
99
499
101
450
204
326
326
204
450
102
497
98
499
101
452
186
345
305
223
421
123
496
92
496
94
493
112
434
209
321
330
202
440
108
496
93
497
95
494
115
429
215
296
355
178
458
92
472
90
477
90
481
87
484
86
492
76
492
88
495
97
498
99
499
110
436
206
324
326
204
438
110
497
93
497
93
497
104
446
194
336
332
199
443
107
498
101
452
185
346
305
223
421
123
491
80
493
87
498
103
448
190
320
330
201
439
100
498
100
453
200
329
322
208
435
112
495
90
497
94
498
96
497
105
445
195
335
353
179
457
99
461
95
465
94
471
87
484
88
485
85
487
86
490
85
498
100
455
181
330
320
211
432
116
494
90
495
92
498
102
451
185
325
325
205
436
101
499
98
498
100
452
187
344
306
224
420
122
491
79
492
87
495
96
499
99
499
101
449
190
341
308
203
440
110
495
100
457
181
350
318
213
432
114
496
96
498
99
499
100
452
187
342
326
203
438
110
498
99
499
102
436
206
323
326
185
452
102
497
117
427
217
313
338
193
447
104
497
96
498
98
498
110
436
206
324
345
186
452
101
496
108
443
197
294
355
178
458
96
463
96
468
93
487
86
492
85
492
82
493
89
495
98
498
99
499
103
449
190
341
310
221
424
119
493
93
497
95
497
105
445
196
335
316
215
429
116
494
89
495
92
495
100
453
183
348
322
209
433
113
498
96
498
98
498
102
450
188
342
328
203
438
110
499
99
499
101
436
207
323
326
169
463
94
469
92
473
90
476
89
493
85
494
91
496
99
499
101
451
204
327
326
204
451
102
497
98
498
102
451
186
344
306
222
422
122
490
76
493
88
498
96
498
98
498
102
450
188
342
329
203
438
111
498
99
498
101
436
206
324
327
186
452
101
498
99
499
101
449
189
341
308
221
424
109
496
94
498
103
449
189
342
328
202
438
110
486
107
440
200
331
320
210
433
113
495
91
495
93
493
111
436
206
306
346
186
452
95
469
91
472
90
476
88
479
88
489
85
491
80
493
93
497
96
498
106
442
199
331
320
211
431
115
493
90
495
93
497
102
451
186
345
326
205
436
112
499
99
498
100
452
186
344
306
223
420
123
491
78
496
94
497
96
499
99
499
101
450
206
324
327
203
452
101
498
99
491
121
422
223
286
363
171
463
94
468
92
472
91
490
85
493
85
494
89
495
92
497
101
453
187
346
324
206
436
113
497
98
498
100
452
186
347
304
226
420
124
491
85
496
93
497
95
498
98
498
101
452
203
327
324
206
449
103
497
97
492
119
424
221
290
360
172
462
91
476
89
479
88
494
91
495
92
496
94
498
97
497
108
441
201
331
339
192
448
103
499
102
448
192
320
330
200
440
108
496
93
497
95
498
99
499
101
437
204
326
325
171
463
94
468
93
471
91
475
89
493
84
493
89
494
96
498
99
499
112
435
208
322
366
167
466
94
470
93
474
91
477
85
488
84
489
86
492
83
494
89
499
104
445
195
318
332
197
442
108
496
94
498
97
492
118
427
216
293
356
176
459
92
474
91
477
88
480
87
484
87
495
93
497
95
497
105
445
194
336
333
196
443
107
498
100
452
185
327
325
207
437
102
498
98
498
101
452
185
347
303
226
419
